[1.291s] Invoking command in '/root/DroneOpsROS/src/mission_control': PYTHONPATH=/root/DroneOpsROS/build/mission_control/prefix_override:/root/DroneOpsROS/install/mission_control/lib/python3.8/site-packages:${PYTHONPATH} /usr/bin/python3 setup.py egg_info --egg-base ../../build/mission_control build --build-base /root/DroneOpsROS/build/mission_control/build install --record /root/DroneOpsROS/build/mission_control/install.log --install-scripts $base/lib/mission_control --single-version-externally-managed
[1.532s] running egg_info
[1.533s] writing ../../build/mission_control/mission_control.egg-info/PKG-INFO
[1.533s] writing dependency_links to ../../build/mission_control/mission_control.egg-info/dependency_links.txt
[1.533s] writing entry points to ../../build/mission_control/mission_control.egg-info/entry_points.txt
[1.533s] writing requirements to ../../build/mission_control/mission_control.egg-info/requires.txt
[1.534s] writing top-level names to ../../build/mission_control/mission_control.egg-info/top_level.txt
[1.584s] reading manifest file '../../build/mission_control/mission_control.egg-info/SOURCES.txt'
[1.586s] writing manifest file '../../build/mission_control/mission_control.egg-info/SOURCES.txt'
[1.586s] running build
[1.586s] running build_py
[1.586s] running install
[1.587s] running install_lib
[1.589s] running install_data
[1.590s] copying package.xml -> /root/DroneOpsROS/install/mission_control/share/mission_control
[1.590s] creating /root/DroneOpsROS/install/mission_control/share/mission_control/launch
[1.590s] copying launch/mavros_launch.py -> /root/DroneOpsROS/install/mission_control/share/mission_control/launch
[1.591s] creating /root/DroneOpsROS/install/mission_control/share/mission_control/config
[1.591s] running install_egg_info
[1.594s] removing '/root/DroneOpsROS/install/mission_control/lib/python3.8/site-packages/mission_control-0.0.0-py3.8.egg-info' (and everything under it)
[1.594s] Copying ../../build/mission_control/mission_control.egg-info to /root/DroneOpsROS/install/mission_control/lib/python3.8/site-packages/mission_control-0.0.0-py3.8.egg-info
[1.596s] running install_scripts
[1.622s] Installing arm_drone script to /root/DroneOpsROS/install/mission_control/lib/mission_control
[1.622s] writing list of installed files to '/root/DroneOpsROS/build/mission_control/install.log'
[1.682s] Invoked command in '/root/DroneOpsROS/src/mission_control' returned '0': PYTHONPATH=/root/DroneOpsROS/build/mission_control/prefix_override:/root/DroneOpsROS/install/mission_control/lib/python3.8/site-packages:${PYTHONPATH} /usr/bin/python3 setup.py egg_info --egg-base ../../build/mission_control build --build-base /root/DroneOpsROS/build/mission_control/build install --record /root/DroneOpsROS/build/mission_control/install.log --install-scripts $base/lib/mission_control --single-version-externally-managed
