[0.861s] Invoking command in '/home/manuel/drone_ws/src/aruco_drone_control': PYTHONPATH=/home/manuel/drone_ws/build/aruco_drone_control/prefix_override:/usr/lib/python3/dist-packages/colcon_core/task/python/colcon_distutils_commands:/home/manuel/drone_ws/install/aruco_drone_control/lib/python3.10/site-packages:${PYTHONPATH} /usr/bin/python3 -W ignore:setup.py install is deprecated -W ignore:easy_install command is deprecated setup.py egg_info --egg-base ../../build/aruco_drone_control build --build-base /home/manuel/drone_ws/build/aruco_drone_control/build install --record /home/manuel/drone_ws/build/aruco_drone_control/install.log --single-version-externally-managed install_data
[1.000s] /home/manuel/.local/lib/python3.10/site-packages/setuptools/_distutils/dist.py:289: UserWarning: Unknown distribution option: 'tests_require'
[1.000s]   warnings.warn(msg)
[1.067s] running egg_info
[1.087s] creating ../../build/aruco_drone_control/aruco_drone_control.egg-info
[1.087s] writing ../../build/aruco_drone_control/aruco_drone_control.egg-info/PKG-INFO
[1.087s] writing dependency_links to ../../build/aruco_drone_control/aruco_drone_control.egg-info/dependency_links.txt
[1.088s] writing entry points to ../../build/aruco_drone_control/aruco_drone_control.egg-info/entry_points.txt
[1.088s] writing requirements to ../../build/aruco_drone_control/aruco_drone_control.egg-info/requires.txt
[1.088s] writing top-level names to ../../build/aruco_drone_control/aruco_drone_control.egg-info/top_level.txt
[1.088s] writing manifest file '../../build/aruco_drone_control/aruco_drone_control.egg-info/SOURCES.txt'
[1.137s] reading manifest file '../../build/aruco_drone_control/aruco_drone_control.egg-info/SOURCES.txt'
[1.138s] writing manifest file '../../build/aruco_drone_control/aruco_drone_control.egg-info/SOURCES.txt'
[1.139s] running build
[1.139s] running build_py
[1.139s] creating /home/manuel/drone_ws/build/aruco_drone_control/build/lib/aruco_drone_control
[1.139s] copying aruco_drone_control/pid_controller_node.py -> /home/manuel/drone_ws/build/aruco_drone_control/build/lib/aruco_drone_control
[1.140s] copying aruco_drone_control/__init__.py -> /home/manuel/drone_ws/build/aruco_drone_control/build/lib/aruco_drone_control
[1.140s] running install
[1.146s] running install_lib
[1.170s] creating /home/manuel/drone_ws/install/aruco_drone_control/lib/python3.10/site-packages/aruco_drone_control
[1.170s] copying /home/manuel/drone_ws/build/aruco_drone_control/build/lib/aruco_drone_control/pid_controller_node.py -> /home/manuel/drone_ws/install/aruco_drone_control/lib/python3.10/site-packages/aruco_drone_control
[1.170s] copying /home/manuel/drone_ws/build/aruco_drone_control/build/lib/aruco_drone_control/__init__.py -> /home/manuel/drone_ws/install/aruco_drone_control/lib/python3.10/site-packages/aruco_drone_control
[1.171s] byte-compiling /home/manuel/drone_ws/install/aruco_drone_control/lib/python3.10/site-packages/aruco_drone_control/pid_controller_node.py to pid_controller_node.cpython-310.pyc
[1.173s] byte-compiling /home/manuel/drone_ws/install/aruco_drone_control/lib/python3.10/site-packages/aruco_drone_control/__init__.py to __init__.cpython-310.pyc
[1.173s] running install_data
[1.173s] creating /home/manuel/drone_ws/install/aruco_drone_control/share/ament_index/resource_index/packages
[1.174s] copying resource/aruco_drone_control -> /home/manuel/drone_ws/install/aruco_drone_control/share/ament_index/resource_index/packages
[1.174s] copying package.xml -> /home/manuel/drone_ws/install/aruco_drone_control/share/aruco_drone_control
[1.174s] creating /home/manuel/drone_ws/install/aruco_drone_control/share/aruco_drone_control/launch
[1.174s] copying launch/mavros.launch.py -> /home/manuel/drone_ws/install/aruco_drone_control/share/aruco_drone_control/launch
[1.174s] running install_egg_info
[1.200s] Copying ../../build/aruco_drone_control/aruco_drone_control.egg-info to /home/manuel/drone_ws/install/aruco_drone_control/lib/python3.10/site-packages/aruco_drone_control-0.0.0-py3.10.egg-info
[1.201s] running install_scripts
[1.334s] Installing pid_controller script to /home/manuel/drone_ws/install/aruco_drone_control/lib/aruco_drone_control
[1.335s] writing list of installed files to '/home/manuel/drone_ws/build/aruco_drone_control/install.log'
[1.359s] Invoked command in '/home/manuel/drone_ws/src/aruco_drone_control' returned '0': PYTHONPATH=/home/manuel/drone_ws/build/aruco_drone_control/prefix_override:/usr/lib/python3/dist-packages/colcon_core/task/python/colcon_distutils_commands:/home/manuel/drone_ws/install/aruco_drone_control/lib/python3.10/site-packages:${PYTHONPATH} /usr/bin/python3 -W ignore:setup.py install is deprecated -W ignore:easy_install command is deprecated setup.py egg_info --egg-base ../../build/aruco_drone_control build --build-base /home/manuel/drone_ws/build/aruco_drone_control/build install --record /home/manuel/drone_ws/build/aruco_drone_control/install.log --single-version-externally-managed install_data
