/home/manuel/drone_ws/install/mission_control/lib/python3.10/site-packages/mission_control/arm_drone.py
/home/manuel/drone_ws/install/mission_control/lib/python3.10/site-packages/mission_control/mission_manager.py
/home/manuel/drone_ws/install/mission_control/lib/python3.10/site-packages/mission_control/__init__.py
/home/manuel/drone_ws/install/mission_control/lib/python3.10/site-packages/mission_control/states/takeoff.py
/home/manuel/drone_ws/install/mission_control/lib/python3.10/site-packages/mission_control/states/__init__.py
/home/manuel/drone_ws/install/mission_control/lib/python3.10/site-packages/mission_control/__pycache__/arm_drone.cpython-310.pyc
/home/manuel/drone_ws/install/mission_control/lib/python3.10/site-packages/mission_control/__pycache__/mission_manager.cpython-310.pyc
/home/manuel/drone_ws/install/mission_control/lib/python3.10/site-packages/mission_control/__pycache__/__init__.cpython-310.pyc
/home/manuel/drone_ws/install/mission_control/lib/python3.10/site-packages/mission_control/states/__pycache__/takeoff.cpython-310.pyc
/home/manuel/drone_ws/install/mission_control/lib/python3.10/site-packages/mission_control/states/__pycache__/__init__.cpython-310.pyc
/home/manuel/drone_ws/install/mission_control/share/ament_index/resource_index/packages/mission_control
/home/manuel/drone_ws/install/mission_control/share/mission_control/package.xml
/home/manuel/drone_ws/install/mission_control/lib/python3.10/site-packages/mission_control-0.0.0-py3.10.egg-info/requires.txt
/home/manuel/drone_ws/install/mission_control/lib/python3.10/site-packages/mission_control-0.0.0-py3.10.egg-info/PKG-INFO
/home/manuel/drone_ws/install/mission_control/lib/python3.10/site-packages/mission_control-0.0.0-py3.10.egg-info/entry_points.txt
/home/manuel/drone_ws/install/mission_control/lib/python3.10/site-packages/mission_control-0.0.0-py3.10.egg-info/zip-safe
/home/manuel/drone_ws/install/mission_control/lib/python3.10/site-packages/mission_control-0.0.0-py3.10.egg-info/SOURCES.txt
/home/manuel/drone_ws/install/mission_control/lib/python3.10/site-packages/mission_control-0.0.0-py3.10.egg-info/top_level.txt
/home/manuel/drone_ws/install/mission_control/lib/python3.10/site-packages/mission_control-0.0.0-py3.10.egg-info/dependency_links.txt
/home/manuel/drone_ws/install/mission_control/lib/mission_control/arm_drone
/home/manuel/drone_ws/install/mission_control/lib/mission_control/mission_manager
