[0.950s] Invoking command in '/home/manuel/drone_ws/src/my_aruco_detector': PYTHONPATH=/home/manuel/drone_ws/build/my_aruco_detector/prefix_override:/usr/lib/python3/dist-packages/colcon_core/task/python/colcon_distutils_commands:/home/manuel/drone_ws/install/my_aruco_detector/lib/python3.10/site-packages:${PYTHONPATH} /usr/bin/python3 -W ignore:setup.py install is deprecated -W ignore:easy_install command is deprecated setup.py egg_info --egg-base ../../build/my_aruco_detector build --build-base /home/manuel/drone_ws/build/my_aruco_detector/build install --record /home/manuel/drone_ws/build/my_aruco_detector/install.log --single-version-externally-managed install_data
[1.125s] /home/manuel/.local/lib/python3.10/site-packages/setuptools/_distutils/dist.py:289: UserWarning: Unknown distribution option: 'tests_require'
[1.125s]   warnings.warn(msg)
[1.192s] running egg_info
[1.203s] creating ../../build/my_aruco_detector/my_aruco_detector.egg-info
[1.203s] writing ../../build/my_aruco_detector/my_aruco_detector.egg-info/PKG-INFO
[1.203s] writing dependency_links to ../../build/my_aruco_detector/my_aruco_detector.egg-info/dependency_links.txt
[1.203s] writing entry points to ../../build/my_aruco_detector/my_aruco_detector.egg-info/entry_points.txt
[1.204s] writing requirements to ../../build/my_aruco_detector/my_aruco_detector.egg-info/requires.txt
[1.204s] writing top-level names to ../../build/my_aruco_detector/my_aruco_detector.egg-info/top_level.txt
[1.204s] writing manifest file '../../build/my_aruco_detector/my_aruco_detector.egg-info/SOURCES.txt'
[1.227s] reading manifest file '../../build/my_aruco_detector/my_aruco_detector.egg-info/SOURCES.txt'
[1.228s] writing manifest file '../../build/my_aruco_detector/my_aruco_detector.egg-info/SOURCES.txt'
[1.228s] running build
[1.228s] running build_py
[1.228s] creating /home/manuel/drone_ws/build/my_aruco_detector/build/lib/my_aruco_detector
[1.228s] copying my_aruco_detector/aruco_detector.py -> /home/manuel/drone_ws/build/my_aruco_detector/build/lib/my_aruco_detector
[1.229s] copying my_aruco_detector/__init__.py -> /home/manuel/drone_ws/build/my_aruco_detector/build/lib/my_aruco_detector
[1.229s] running install
[1.233s] running install_lib
[1.245s] creating /home/manuel/drone_ws/install/my_aruco_detector/lib/python3.10/site-packages/my_aruco_detector
[1.246s] copying /home/manuel/drone_ws/build/my_aruco_detector/build/lib/my_aruco_detector/aruco_detector.py -> /home/manuel/drone_ws/install/my_aruco_detector/lib/python3.10/site-packages/my_aruco_detector
[1.246s] copying /home/manuel/drone_ws/build/my_aruco_detector/build/lib/my_aruco_detector/__init__.py -> /home/manuel/drone_ws/install/my_aruco_detector/lib/python3.10/site-packages/my_aruco_detector
[1.246s] byte-compiling /home/manuel/drone_ws/install/my_aruco_detector/lib/python3.10/site-packages/my_aruco_detector/aruco_detector.py to aruco_detector.cpython-310.pyc
[1.248s] byte-compiling /home/manuel/drone_ws/install/my_aruco_detector/lib/python3.10/site-packages/my_aruco_detector/__init__.py to __init__.cpython-310.pyc
[1.248s] running install_data
[1.248s] creating /home/manuel/drone_ws/install/my_aruco_detector/share/ament_index/resource_index/packages
[1.249s] copying resource/my_aruco_detector -> /home/manuel/drone_ws/install/my_aruco_detector/share/ament_index/resource_index/packages
[1.249s] copying package.xml -> /home/manuel/drone_ws/install/my_aruco_detector/share/my_aruco_detector
[1.249s] running install_egg_info
[1.261s] Copying ../../build/my_aruco_detector/my_aruco_detector.egg-info to /home/manuel/drone_ws/install/my_aruco_detector/lib/python3.10/site-packages/my_aruco_detector-0.0.0-py3.10.egg-info
[1.262s] running install_scripts
[1.357s] Installing aruco_detector script to /home/manuel/drone_ws/install/my_aruco_detector/lib/my_aruco_detector
[1.357s] writing list of installed files to '/home/manuel/drone_ws/build/my_aruco_detector/install.log'
[1.379s] Invoked command in '/home/manuel/drone_ws/src/my_aruco_detector' returned '0': PYTHONPATH=/home/manuel/drone_ws/build/my_aruco_detector/prefix_override:/usr/lib/python3/dist-packages/colcon_core/task/python/colcon_distutils_commands:/home/manuel/drone_ws/install/my_aruco_detector/lib/python3.10/site-packages:${PYTHONPATH} /usr/bin/python3 -W ignore:setup.py install is deprecated -W ignore:easy_install command is deprecated setup.py egg_info --egg-base ../../build/my_aruco_detector build --build-base /home/manuel/drone_ws/build/my_aruco_detector/build install --record /home/manuel/drone_ws/build/my_aruco_detector/install.log --single-version-externally-managed install_data
