[0.581s] Invoking command in '/root/DroneOpsROS/src/control_system': PYTHONPATH=/root/DroneOpsROS/build/control_system/prefix_override:/root/DroneOpsROS/install/control_system/lib/python3.8/site-packages:${PYTHONPATH} /usr/bin/python3 setup.py egg_info --egg-base ../../build/control_system build --build-base /root/DroneOpsROS/build/control_system/build install --record /root/DroneOpsROS/build/control_system/install.log --install-scripts $base/lib/control_system --single-version-externally-managed
[0.781s] running egg_info
[0.781s] writing ../../build/control_system/control_system.egg-info/PKG-INFO
[0.781s] writing dependency_links to ../../build/control_system/control_system.egg-info/dependency_links.txt
[0.781s] writing entry points to ../../build/control_system/control_system.egg-info/entry_points.txt
[0.782s] writing requirements to ../../build/control_system/control_system.egg-info/requires.txt
[0.782s] writing top-level names to ../../build/control_system/control_system.egg-info/top_level.txt
[0.814s] reading manifest file '../../build/control_system/control_system.egg-info/SOURCES.txt'
[0.815s] writing manifest file '../../build/control_system/control_system.egg-info/SOURCES.txt'
[0.815s] running build
[0.815s] running build_py
[0.815s] running install
[0.816s] running install_lib
[0.817s] running install_data
[0.818s] running install_egg_info
[0.819s] removing '/root/DroneOpsROS/install/control_system/lib/python3.8/site-packages/control_system-0.0.0-py3.8.egg-info' (and everything under it)
[0.819s] Copying ../../build/control_system/control_system.egg-info to /root/DroneOpsROS/install/control_system/lib/python3.8/site-packages/control_system-0.0.0-py3.8.egg-info
[0.820s] running install_scripts
[0.840s] Installing nodo_control script to /root/DroneOpsROS/install/control_system/lib/control_system
[0.840s] writing list of installed files to '/root/DroneOpsROS/build/control_system/install.log'
[0.859s] Invoked command in '/root/DroneOpsROS/src/control_system' returned '0': PYTHONPATH=/root/DroneOpsROS/build/control_system/prefix_override:/root/DroneOpsROS/install/control_system/lib/python3.8/site-packages:${PYTHONPATH} /usr/bin/python3 setup.py egg_info --egg-base ../../build/control_system build --build-base /root/DroneOpsROS/build/control_system/build install --record /root/DroneOpsROS/build/control_system/install.log --install-scripts $base/lib/control_system --single-version-externally-managed
