[0.850s] Invoking command in '/root/DroneOpsROS/src/vision_system': PYTHONPATH=/root/DroneOpsROS/build/vision_system/prefix_override:/root/DroneOpsROS/install/vision_system/lib/python3.8/site-packages:${PYTHONPATH} /usr/bin/python3 setup.py egg_info --egg-base ../../build/vision_system build --build-base /root/DroneOpsROS/build/vision_system/build install --record /root/DroneOpsROS/build/vision_system/install.log --install-scripts $base/lib/vision_system --single-version-externally-managed
[1.014s] running egg_info
[1.014s] writing ../../build/vision_system/vision_system.egg-info/PKG-INFO
[1.014s] writing dependency_links to ../../build/vision_system/vision_system.egg-info/dependency_links.txt
[1.014s] writing entry points to ../../build/vision_system/vision_system.egg-info/entry_points.txt
[1.015s] writing requirements to ../../build/vision_system/vision_system.egg-info/requires.txt
[1.015s] writing top-level names to ../../build/vision_system/vision_system.egg-info/top_level.txt
[1.052s] reading manifest file '../../build/vision_system/vision_system.egg-info/SOURCES.txt'
[1.053s] writing manifest file '../../build/vision_system/vision_system.egg-info/SOURCES.txt'
[1.053s] running build
[1.053s] running build_py
[1.053s] running install
[1.054s] running install_lib
[1.056s] running install_data
[1.056s] running install_egg_info
[1.058s] removing '/root/DroneOpsROS/install/vision_system/lib/python3.8/site-packages/vision_system-0.0.0-py3.8.egg-info' (and everything under it)
[1.058s] Copying ../../build/vision_system/vision_system.egg-info to /root/DroneOpsROS/install/vision_system/lib/python3.8/site-packages/vision_system-0.0.0-py3.8.egg-info
[1.059s] running install_scripts
[1.081s] Installing aruco_detector script to /root/DroneOpsROS/install/vision_system/lib/vision_system
[1.082s] Installing camera_node script to /root/DroneOpsROS/install/vision_system/lib/vision_system
[1.082s] writing list of installed files to '/root/DroneOpsROS/build/vision_system/install.log'
[1.118s] Invoked command in '/root/DroneOpsROS/src/vision_system' returned '0': PYTHONPATH=/root/DroneOpsROS/build/vision_system/prefix_override:/root/DroneOpsROS/install/vision_system/lib/python3.8/site-packages:${PYTHONPATH} /usr/bin/python3 setup.py egg_info --egg-base ../../build/vision_system build --build-base /root/DroneOpsROS/build/vision_system/build install --record /root/DroneOpsROS/build/vision_system/install.log --install-scripts $base/lib/vision_system --single-version-externally-managed
