[0.748s] Invoking command in '/root/DroneOpsROS/src/mission_control': PYTHONPATH=/root/DroneOpsROS/build/mission_control/prefix_override:/root/DroneOpsROS/install/mission_control/lib/python3.8/site-packages:${PYTHONPATH} /usr/bin/python3 setup.py egg_info --egg-base ../../build/mission_control build --build-base /root/DroneOpsROS/build/mission_control/build install --record /root/DroneOpsROS/build/mission_control/install.log --install-scripts $base/lib/mission_control --single-version-externally-managed
[0.994s] running egg_info
[0.994s] writing ../../build/mission_control/mission_control.egg-info/PKG-INFO
[0.995s] writing dependency_links to ../../build/mission_control/mission_control.egg-info/dependency_links.txt
[0.995s] writing entry points to ../../build/mission_control/mission_control.egg-info/entry_points.txt
[0.995s] writing requirements to ../../build/mission_control/mission_control.egg-info/requires.txt
[0.995s] writing top-level names to ../../build/mission_control/mission_control.egg-info/top_level.txt
[1.047s] reading manifest file '../../build/mission_control/mission_control.egg-info/SOURCES.txt'
[1.049s] writing manifest file '../../build/mission_control/mission_control.egg-info/SOURCES.txt'
[1.049s] running build
[1.049s] running build_py
[1.049s] running install
[1.051s] running install_lib
[1.053s] running install_data
[1.053s] running install_egg_info
[1.055s] removing '/root/DroneOpsROS/install/mission_control/lib/python3.8/site-packages/mission_control-0.0.0-py3.8.egg-info' (and everything under it)
[1.056s] Copying ../../build/mission_control/mission_control.egg-info to /root/DroneOpsROS/install/mission_control/lib/python3.8/site-packages/mission_control-0.0.0-py3.8.egg-info
[1.057s] running install_scripts
[1.081s] Installing arm_drone script to /root/DroneOpsROS/install/mission_control/lib/mission_control
[1.081s] Installing mission_manager script to /root/DroneOpsROS/install/mission_control/lib/mission_control
[1.082s] writing list of installed files to '/root/DroneOpsROS/build/mission_control/install.log'
[1.107s] Invoked command in '/root/DroneOpsROS/src/mission_control' returned '0': PYTHONPATH=/root/DroneOpsROS/build/mission_control/prefix_override:/root/DroneOpsROS/install/mission_control/lib/python3.8/site-packages:${PYTHONPATH} /usr/bin/python3 setup.py egg_info --egg-base ../../build/mission_control build --build-base /root/DroneOpsROS/build/mission_control/build install --record /root/DroneOpsROS/build/mission_control/install.log --install-scripts $base/lib/mission_control --single-version-externally-managed
