[1.052s] Invoking command in '/root/DroneOpsROS/src/control_system': PYTHONPATH=/root/DroneOpsROS/build/control_system/prefix_override:/usr/lib/python3/dist-packages/colcon_core/task/python/colcon_distutils_commands:/root/DroneOpsROS/install/control_system/lib/python3.10/site-packages:${PYTHONPATH} /usr/bin/python3 -W ignore:setup.py install is deprecated -W ignore:easy_install command is deprecated setup.py egg_info --egg-base ../../build/control_system build --build-base /root/DroneOpsROS/build/control_system/build install --record /root/DroneOpsROS/build/control_system/install.log --install-scripts $base/lib/control_system --single-version-externally-managed install_data
[1.314s] /usr/lib/python3/dist-packages/setuptools/dist.py:723: UserWarning: Usage of dash-separated 'script-dir' will not be supported in future versions. Please use the underscore name 'script_dir' instead
[1.315s]   warnings.warn(
[1.326s] running egg_info
[1.327s] writing ../../build/control_system/control_system.egg-info/PKG-INFO
[1.328s] writing dependency_links to ../../build/control_system/control_system.egg-info/dependency_links.txt
[1.328s] writing entry points to ../../build/control_system/control_system.egg-info/entry_points.txt
[1.329s] writing requirements to ../../build/control_system/control_system.egg-info/requires.txt
[1.329s] writing top-level names to ../../build/control_system/control_system.egg-info/top_level.txt
[1.331s] reading manifest file '../../build/control_system/control_system.egg-info/SOURCES.txt'
[1.333s] writing manifest file '../../build/control_system/control_system.egg-info/SOURCES.txt'
[1.333s] running build
[1.333s] running build_py
[1.334s] running install
[1.334s] running install_lib
[1.336s] running install_data
[1.336s] running install_egg_info
[1.339s] removing '/root/DroneOpsROS/install/control_system/lib/python3.10/site-packages/control_system-0.0.0-py3.10.egg-info' (and everything under it)
[1.340s] Copying ../../build/control_system/control_system.egg-info to /root/DroneOpsROS/install/control_system/lib/python3.10/site-packages/control_system-0.0.0-py3.10.egg-info
[1.341s] running install_scripts
[1.370s] Installing nodo_control script to /root/DroneOpsROS/install/control_system/lib/control_system
[1.371s] writing list of installed files to '/root/DroneOpsROS/build/control_system/install.log'
[1.420s] Invoked command in '/root/DroneOpsROS/src/control_system' returned '0': PYTHONPATH=/root/DroneOpsROS/build/control_system/prefix_override:/usr/lib/python3/dist-packages/colcon_core/task/python/colcon_distutils_commands:/root/DroneOpsROS/install/control_system/lib/python3.10/site-packages:${PYTHONPATH} /usr/bin/python3 -W ignore:setup.py install is deprecated -W ignore:easy_install command is deprecated setup.py egg_info --egg-base ../../build/control_system build --build-base /root/DroneOpsROS/build/control_system/build install --record /root/DroneOpsROS/build/control_system/install.log --install-scripts $base/lib/control_system --single-version-externally-managed install_data
