[1.697s] Invoking command in '/root/DroneOpsROS/src/control_system': PYTHONPATH=/root/DroneOpsROS/build/control_system/prefix_override:/root/DroneOpsROS/install/control_system/lib/python3.8/site-packages:${PYTHONPATH} /usr/bin/python3 setup.py egg_info --egg-base ../../build/control_system build --build-base /root/DroneOpsROS/build/control_system/build install --record /root/DroneOpsROS/build/control_system/install.log --install-scripts $base/lib/control_system --single-version-externally-managed
[2.156s] running egg_info
[2.158s] writing ../../build/control_system/control_system.egg-info/PKG-INFO
[2.159s] writing dependency_links to ../../build/control_system/control_system.egg-info/dependency_links.txt
[2.159s] writing entry points to ../../build/control_system/control_system.egg-info/entry_points.txt
[2.160s] writing requirements to ../../build/control_system/control_system.egg-info/requires.txt
[2.160s] writing top-level names to ../../build/control_system/control_system.egg-info/top_level.txt
[2.228s] reading manifest file '../../build/control_system/control_system.egg-info/SOURCES.txt'
[2.229s] writing manifest file '../../build/control_system/control_system.egg-info/SOURCES.txt'
[2.230s] running build
[2.230s] running build_py
[2.230s] running install
[2.232s] running install_lib
[2.235s] running install_data
[2.236s] copying launch/mavros_launch.py -> /root/DroneOpsROS/install/control_system/share/control_system/launch
[2.236s] running install_egg_info
[2.238s] removing '/root/DroneOpsROS/install/control_system/lib/python3.8/site-packages/control_system-0.0.0-py3.8.egg-info' (and everything under it)
[2.239s] Copying ../../build/control_system/control_system.egg-info to /root/DroneOpsROS/install/control_system/lib/python3.8/site-packages/control_system-0.0.0-py3.8.egg-info
[2.240s] running install_scripts
[2.285s] Installing nodo_control script to /root/DroneOpsROS/install/control_system/lib/control_system
[2.285s] writing list of installed files to '/root/DroneOpsROS/build/control_system/install.log'
[2.324s] Invoked command in '/root/DroneOpsROS/src/control_system' returned '0': PYTHONPATH=/root/DroneOpsROS/build/control_system/prefix_override:/root/DroneOpsROS/install/control_system/lib/python3.8/site-packages:${PYTHONPATH} /usr/bin/python3 setup.py egg_info --egg-base ../../build/control_system build --build-base /root/DroneOpsROS/build/control_system/build install --record /root/DroneOpsROS/build/control_system/install.log --install-scripts $base/lib/control_system --single-version-externally-managed
