[0.737s] Invoking command in '/root/DroneOpsROS/src/control_system': PYTHONPATH=/root/DroneOpsROS/build/control_system/prefix_override:/usr/lib/python3/dist-packages/colcon_core/task/python/colcon_distutils_commands:/root/DroneOpsROS/install/control_system/lib/python3.10/site-packages:${PYTHONPATH} /usr/bin/python3 -W ignore:setup.py install is deprecated -W ignore:easy_install command is deprecated setup.py egg_info --egg-base ../../build/control_system build --build-base /root/DroneOpsROS/build/control_system/build install --record /root/DroneOpsROS/build/control_system/install.log --install-scripts $base/lib/control_system --single-version-externally-managed install_data
[0.943s] /usr/lib/python3/dist-packages/setuptools/dist.py:723: UserWarning: Usage of dash-separated 'script-dir' will not be supported in future versions. Please use the underscore name 'script_dir' instead
[0.943s]   warnings.warn(
[0.951s] running egg_info
[0.952s] creating ../../build/control_system/control_system.egg-info
[0.952s] writing ../../build/control_system/control_system.egg-info/PKG-INFO
[0.952s] writing dependency_links to ../../build/control_system/control_system.egg-info/dependency_links.txt
[0.952s] writing entry points to ../../build/control_system/control_system.egg-info/entry_points.txt
[0.952s] writing requirements to ../../build/control_system/control_system.egg-info/requires.txt
[0.952s] writing top-level names to ../../build/control_system/control_system.egg-info/top_level.txt
[0.952s] writing manifest file '../../build/control_system/control_system.egg-info/SOURCES.txt'
[0.955s] reading manifest file '../../build/control_system/control_system.egg-info/SOURCES.txt'
[0.955s] writing manifest file '../../build/control_system/control_system.egg-info/SOURCES.txt'
[0.955s] running build
[0.956s] running build_py
[0.956s] creating /root/DroneOpsROS/build/control_system/build
[0.956s] creating /root/DroneOpsROS/build/control_system/build/lib
[0.956s] creating /root/DroneOpsROS/build/control_system/build/lib/control_system
[0.956s] copying control_system/__init__.py -> /root/DroneOpsROS/build/control_system/build/lib/control_system
[0.956s] copying control_system/nodo_control.py -> /root/DroneOpsROS/build/control_system/build/lib/control_system
[0.957s] running install
[0.957s] running install_lib
[0.957s] creating /root/DroneOpsROS/install/control_system/lib/python3.10/site-packages/control_system
[0.958s] copying /root/DroneOpsROS/build/control_system/build/lib/control_system/__init__.py -> /root/DroneOpsROS/install/control_system/lib/python3.10/site-packages/control_system
[0.958s] copying /root/DroneOpsROS/build/control_system/build/lib/control_system/nodo_control.py -> /root/DroneOpsROS/install/control_system/lib/python3.10/site-packages/control_system
[0.958s] byte-compiling /root/DroneOpsROS/install/control_system/lib/python3.10/site-packages/control_system/__init__.py to __init__.cpython-310.pyc
[0.959s] byte-compiling /root/DroneOpsROS/install/control_system/lib/python3.10/site-packages/control_system/nodo_control.py to nodo_control.cpython-310.pyc
[0.960s] running install_data
[0.960s] creating /root/DroneOpsROS/install/control_system/share/ament_index
[0.960s] creating /root/DroneOpsROS/install/control_system/share/ament_index/resource_index
[0.960s] creating /root/DroneOpsROS/install/control_system/share/ament_index/resource_index/packages
[0.960s] copying resource/control_system -> /root/DroneOpsROS/install/control_system/share/ament_index/resource_index/packages
[0.960s] copying package.xml -> /root/DroneOpsROS/install/control_system/share/control_system
[0.961s] creating /root/DroneOpsROS/install/control_system/share/control_system/launch
[0.961s] creating /root/DroneOpsROS/install/control_system/share/control_system/config
[0.961s] running install_egg_info
[0.963s] Copying ../../build/control_system/control_system.egg-info to /root/DroneOpsROS/install/control_system/lib/python3.10/site-packages/control_system-0.0.0-py3.10.egg-info
[0.964s] running install_scripts
[0.986s] Installing nodo_control script to /root/DroneOpsROS/install/control_system/lib/control_system
[0.986s] writing list of installed files to '/root/DroneOpsROS/build/control_system/install.log'
[1.022s] Invoked command in '/root/DroneOpsROS/src/control_system' returned '0': PYTHONPATH=/root/DroneOpsROS/build/control_system/prefix_override:/usr/lib/python3/dist-packages/colcon_core/task/python/colcon_distutils_commands:/root/DroneOpsROS/install/control_system/lib/python3.10/site-packages:${PYTHONPATH} /usr/bin/python3 -W ignore:setup.py install is deprecated -W ignore:easy_install command is deprecated setup.py egg_info --egg-base ../../build/control_system build --build-base /root/DroneOpsROS/build/control_system/build install --record /root/DroneOpsROS/build/control_system/install.log --install-scripts $base/lib/control_system --single-version-externally-managed install_data
