[0.734s] Invoking command in '/root/DroneOpsROS/src/mission_control': PYTHONPATH=/root/DroneOpsROS/build/mission_control/prefix_override:/root/DroneOpsROS/install/mission_control/lib/python3.8/site-packages:${PYTHONPATH} /usr/bin/python3 setup.py egg_info --egg-base ../../build/mission_control build --build-base /root/DroneOpsROS/build/mission_control/build install --record /root/DroneOpsROS/build/mission_control/install.log --install-scripts $base/lib/mission_control --single-version-externally-managed
[0.974s] running egg_info
[0.975s] writing ../../build/mission_control/mission_control.egg-info/PKG-INFO
[0.975s] writing dependency_links to ../../build/mission_control/mission_control.egg-info/dependency_links.txt
[0.975s] writing entry points to ../../build/mission_control/mission_control.egg-info/entry_points.txt
[0.976s] writing requirements to ../../build/mission_control/mission_control.egg-info/requires.txt
[0.976s] writing top-level names to ../../build/mission_control/mission_control.egg-info/top_level.txt
[1.026s] reading manifest file '../../build/mission_control/mission_control.egg-info/SOURCES.txt'
[1.027s] writing manifest file '../../build/mission_control/mission_control.egg-info/SOURCES.txt'
[1.027s] running build
[1.027s] running build_py
[1.027s] running install
[1.029s] running install_lib
[1.031s] running install_data
[1.031s] running install_egg_info
[1.034s] removing '/root/DroneOpsROS/install/mission_control/lib/python3.8/site-packages/mission_control-0.0.0-py3.8.egg-info' (and everything under it)
[1.034s] Copying ../../build/mission_control/mission_control.egg-info to /root/DroneOpsROS/install/mission_control/lib/python3.8/site-packages/mission_control-0.0.0-py3.8.egg-info
[1.035s] running install_scripts
[1.059s] Installing arm_drone script to /root/DroneOpsROS/install/mission_control/lib/mission_control
[1.059s] writing list of installed files to '/root/DroneOpsROS/build/mission_control/install.log'
[1.083s] Invoked command in '/root/DroneOpsROS/src/mission_control' returned '0': PYTHONPATH=/root/DroneOpsROS/build/mission_control/prefix_override:/root/DroneOpsROS/install/mission_control/lib/python3.8/site-packages:${PYTHONPATH} /usr/bin/python3 setup.py egg_info --egg-base ../../build/mission_control build --build-base /root/DroneOpsROS/build/mission_control/build install --record /root/DroneOpsROS/build/mission_control/install.log --install-scripts $base/lib/mission_control --single-version-externally-managed
