[0.879s] Invoking command in '/root/DroneOpsROS/src/mission_control': PYTHONPATH=/root/DroneOpsROS/build/mission_control/prefix_override:/usr/lib/python3/dist-packages/colcon_core/task/python/colcon_distutils_commands:/root/DroneOpsROS/install/mission_control/lib/python3.10/site-packages:${PYTHONPATH} /usr/bin/python3 -W ignore:setup.py install is deprecated -W ignore:easy_install command is deprecated setup.py egg_info --egg-base ../../build/mission_control build --build-base /root/DroneOpsROS/build/mission_control/build install --record /root/DroneOpsROS/build/mission_control/install.log --install-scripts $base/lib/mission_control --single-version-externally-managed install_data
[1.056s] /usr/lib/python3/dist-packages/setuptools/dist.py:723: UserWarning: Usage of dash-separated 'script-dir' will not be supported in future versions. Please use the underscore name 'script_dir' instead
[1.056s]   warnings.warn(
[1.065s] running egg_info
[1.065s] writing ../../build/mission_control/mission_control.egg-info/PKG-INFO
[1.066s] writing dependency_links to ../../build/mission_control/mission_control.egg-info/dependency_links.txt
[1.066s] writing entry points to ../../build/mission_control/mission_control.egg-info/entry_points.txt
[1.066s] writing requirements to ../../build/mission_control/mission_control.egg-info/requires.txt
[1.067s] writing top-level names to ../../build/mission_control/mission_control.egg-info/top_level.txt
[1.068s] reading manifest file '../../build/mission_control/mission_control.egg-info/SOURCES.txt'
[1.069s] writing manifest file '../../build/mission_control/mission_control.egg-info/SOURCES.txt'
[1.069s] running build
[1.069s] running build_py
[1.070s] running install
[1.070s] running install_lib
[1.071s] running install_data
[1.072s] running install_egg_info
[1.073s] removing '/root/DroneOpsROS/install/mission_control/lib/python3.10/site-packages/mission_control-0.0.0-py3.10.egg-info' (and everything under it)
[1.074s] Copying ../../build/mission_control/mission_control.egg-info to /root/DroneOpsROS/install/mission_control/lib/python3.10/site-packages/mission_control-0.0.0-py3.10.egg-info
[1.075s] running install_scripts
[1.098s] Installing arm_drone script to /root/DroneOpsROS/install/mission_control/lib/mission_control
[1.099s] Installing mission_manager script to /root/DroneOpsROS/install/mission_control/lib/mission_control
[1.099s] Installing takeoff script to /root/DroneOpsROS/install/mission_control/lib/mission_control
[1.099s] writing list of installed files to '/root/DroneOpsROS/build/mission_control/install.log'
[1.146s] Invoked command in '/root/DroneOpsROS/src/mission_control' returned '0': PYTHONPATH=/root/DroneOpsROS/build/mission_control/prefix_override:/usr/lib/python3/dist-packages/colcon_core/task/python/colcon_distutils_commands:/root/DroneOpsROS/install/mission_control/lib/python3.10/site-packages:${PYTHONPATH} /usr/bin/python3 -W ignore:setup.py install is deprecated -W ignore:easy_install command is deprecated setup.py egg_info --egg-base ../../build/mission_control build --build-base /root/DroneOpsROS/build/mission_control/build install --record /root/DroneOpsROS/build/mission_control/install.log --install-scripts $base/lib/mission_control --single-version-externally-managed install_data
