[0.745s] Invoking command in '/root/DroneOpsROS/src/mission_control': PYTHONPATH=/root/DroneOpsROS/build/mission_control/prefix_override:/root/DroneOpsROS/install/mission_control/lib/python3.8/site-packages:${PYTHONPATH} /usr/bin/python3 setup.py egg_info --egg-base ../../build/mission_control build --build-base /root/DroneOpsROS/build/mission_control/build install --record /root/DroneOpsROS/build/mission_control/install.log --install-scripts $base/lib/mission_control --single-version-externally-managed
[0.987s] running egg_info
[0.987s] writing ../../build/mission_control/mission_control.egg-info/PKG-INFO
[0.987s] writing dependency_links to ../../build/mission_control/mission_control.egg-info/dependency_links.txt
[0.988s] writing entry points to ../../build/mission_control/mission_control.egg-info/entry_points.txt
[0.988s] writing requirements to ../../build/mission_control/mission_control.egg-info/requires.txt
[0.988s] writing top-level names to ../../build/mission_control/mission_control.egg-info/top_level.txt
[1.038s] reading manifest file '../../build/mission_control/mission_control.egg-info/SOURCES.txt'
[1.040s] writing manifest file '../../build/mission_control/mission_control.egg-info/SOURCES.txt'
[1.040s] running build
[1.040s] running build_py
[1.040s] copying mission_control/mission_manager.py -> /root/DroneOpsROS/build/mission_control/build/lib/mission_control
[1.040s] running install
[1.041s] running install_lib
[1.043s] copying /root/DroneOpsROS/build/mission_control/build/lib/mission_control/mission_manager.py -> /root/DroneOpsROS/install/mission_control/lib/python3.8/site-packages/mission_control
[1.044s] byte-compiling /root/DroneOpsROS/install/mission_control/lib/python3.8/site-packages/mission_control/mission_manager.py to mission_manager.cpython-38.pyc
[1.046s] running install_data
[1.047s] running install_egg_info
[1.049s] removing '/root/DroneOpsROS/install/mission_control/lib/python3.8/site-packages/mission_control-0.0.0-py3.8.egg-info' (and everything under it)
[1.049s] Copying ../../build/mission_control/mission_control.egg-info to /root/DroneOpsROS/install/mission_control/lib/python3.8/site-packages/mission_control-0.0.0-py3.8.egg-info
[1.051s] running install_scripts
[1.074s] Installing arm_drone script to /root/DroneOpsROS/install/mission_control/lib/mission_control
[1.074s] Installing mission_manager script to /root/DroneOpsROS/install/mission_control/lib/mission_control
[1.075s] writing list of installed files to '/root/DroneOpsROS/build/mission_control/install.log'
[1.099s] Invoked command in '/root/DroneOpsROS/src/mission_control' returned '0': PYTHONPATH=/root/DroneOpsROS/build/mission_control/prefix_override:/root/DroneOpsROS/install/mission_control/lib/python3.8/site-packages:${PYTHONPATH} /usr/bin/python3 setup.py egg_info --egg-base ../../build/mission_control build --build-base /root/DroneOpsROS/build/mission_control/build install --record /root/DroneOpsROS/build/mission_control/install.log --install-scripts $base/lib/mission_control --single-version-externally-managed
