[0.861s] Invoking command in '/root/DroneOpsROS/src/mission_control': PYTHONPATH=/root/DroneOpsROS/build/mission_control/prefix_override:/root/DroneOpsROS/install/mission_control/lib/python3.8/site-packages:${PYTHONPATH} /usr/bin/python3 setup.py egg_info --egg-base ../../build/mission_control build --build-base /root/DroneOpsROS/build/mission_control/build install --record /root/DroneOpsROS/build/mission_control/install.log --install-scripts $base/lib/mission_control --single-version-externally-managed
[1.041s] running egg_info
[1.041s] writing ../../build/mission_control/mission_control.egg-info/PKG-INFO
[1.042s] writing dependency_links to ../../build/mission_control/mission_control.egg-info/dependency_links.txt
[1.042s] writing entry points to ../../build/mission_control/mission_control.egg-info/entry_points.txt
[1.042s] writing requirements to ../../build/mission_control/mission_control.egg-info/requires.txt
[1.042s] writing top-level names to ../../build/mission_control/mission_control.egg-info/top_level.txt
[1.074s] reading manifest file '../../build/mission_control/mission_control.egg-info/SOURCES.txt'
[1.075s] writing manifest file '../../build/mission_control/mission_control.egg-info/SOURCES.txt'
[1.075s] running build
[1.075s] running build_py
[1.076s] copying mission_control/arm_drone.py -> /root/DroneOpsROS/build/mission_control/build/lib/mission_control
[1.076s] running install
[1.076s] running install_lib
[1.077s] copying /root/DroneOpsROS/build/mission_control/build/lib/mission_control/arm_drone.py -> /root/DroneOpsROS/install/mission_control/lib/python3.8/site-packages/mission_control
[1.078s] byte-compiling /root/DroneOpsROS/install/mission_control/lib/python3.8/site-packages/mission_control/arm_drone.py to arm_drone.cpython-38.pyc
[1.080s] running install_data
[1.081s] running install_egg_info
[1.082s] removing '/root/DroneOpsROS/install/mission_control/lib/python3.8/site-packages/mission_control-0.0.0-py3.8.egg-info' (and everything under it)
[1.083s] Copying ../../build/mission_control/mission_control.egg-info to /root/DroneOpsROS/install/mission_control/lib/python3.8/site-packages/mission_control-0.0.0-py3.8.egg-info
[1.084s] running install_scripts
[1.106s] Installing arm_drone script to /root/DroneOpsROS/install/mission_control/lib/mission_control
[1.106s] Installing mission_manager script to /root/DroneOpsROS/install/mission_control/lib/mission_control
[1.107s] writing list of installed files to '/root/DroneOpsROS/build/mission_control/install.log'
[1.141s] Invoked command in '/root/DroneOpsROS/src/mission_control' returned '0': PYTHONPATH=/root/DroneOpsROS/build/mission_control/prefix_override:/root/DroneOpsROS/install/mission_control/lib/python3.8/site-packages:${PYTHONPATH} /usr/bin/python3 setup.py egg_info --egg-base ../../build/mission_control build --build-base /root/DroneOpsROS/build/mission_control/build install --record /root/DroneOpsROS/build/mission_control/install.log --install-scripts $base/lib/mission_control --single-version-externally-managed
