running egg_info
creating ../../build/mission_control/mission_control.egg-info
writing ../../build/mission_control/mission_control.egg-info/PKG-INFO
writing dependency_links to ../../build/mission_control/mission_control.egg-info/dependency_links.txt
writing entry points to ../../build/mission_control/mission_control.egg-info/entry_points.txt
writing requirements to ../../build/mission_control/mission_control.egg-info/requires.txt
writing top-level names to ../../build/mission_control/mission_control.egg-info/top_level.txt
writing manifest file '../../build/mission_control/mission_control.egg-info/SOURCES.txt'
reading manifest file '../../build/mission_control/mission_control.egg-info/SOURCES.txt'
writing manifest file '../../build/mission_control/mission_control.egg-info/SOURCES.txt'
running build
running build_py
creating /root/DroneOpsROS/build/mission_control/build
creating /root/DroneOpsROS/build/mission_control/build/lib
creating /root/DroneOpsROS/build/mission_control/build/lib/mission_control
copying mission_control/__init__.py -> /root/DroneOpsROS/build/mission_control/build/lib/mission_control
copying mission_control/mission_manager.py -> /root/DroneOpsROS/build/mission_control/build/lib/mission_control
copying mission_control/takeoff.py -> /root/DroneOpsROS/build/mission_control/build/lib/mission_control
copying mission_control/arm_drone.py -> /root/DroneOpsROS/build/mission_control/build/lib/mission_control
running install
running install_lib
creating /root/DroneOpsROS/install/mission_control/lib/python3.8/site-packages/mission_control
copying /root/DroneOpsROS/build/mission_control/build/lib/mission_control/__init__.py -> /root/DroneOpsROS/install/mission_control/lib/python3.8/site-packages/mission_control
copying /root/DroneOpsROS/build/mission_control/build/lib/mission_control/mission_manager.py -> /root/DroneOpsROS/install/mission_control/lib/python3.8/site-packages/mission_control
copying /root/DroneOpsROS/build/mission_control/build/lib/mission_control/takeoff.py -> /root/DroneOpsROS/install/mission_control/lib/python3.8/site-packages/mission_control
copying /root/DroneOpsROS/build/mission_control/build/lib/mission_control/arm_drone.py -> /root/DroneOpsROS/install/mission_control/lib/python3.8/site-packages/mission_control
byte-compiling /root/DroneOpsROS/install/mission_control/lib/python3.8/site-packages/mission_control/__init__.py to __init__.cpython-38.pyc
byte-compiling /root/DroneOpsROS/install/mission_control/lib/python3.8/site-packages/mission_control/mission_manager.py to mission_manager.cpython-38.pyc
byte-compiling /root/DroneOpsROS/install/mission_control/lib/python3.8/site-packages/mission_control/takeoff.py to takeoff.cpython-38.pyc
byte-compiling /root/DroneOpsROS/install/mission_control/lib/python3.8/site-packages/mission_control/arm_drone.py to arm_drone.cpython-38.pyc
running install_data
creating /root/DroneOpsROS/install/mission_control/share/ament_index
creating /root/DroneOpsROS/install/mission_control/share/ament_index/resource_index
creating /root/DroneOpsROS/install/mission_control/share/ament_index/resource_index/packages
copying resource/mission_control -> /root/DroneOpsROS/install/mission_control/share/ament_index/resource_index/packages
copying package.xml -> /root/DroneOpsROS/install/mission_control/share/mission_control
creating /root/DroneOpsROS/install/mission_control/share/mission_control/launch
copying launch/mavros_launch.py -> /root/DroneOpsROS/install/mission_control/share/mission_control/launch
creating /root/DroneOpsROS/install/mission_control/share/mission_control/config
running install_egg_info
Copying ../../build/mission_control/mission_control.egg-info to /root/DroneOpsROS/install/mission_control/lib/python3.8/site-packages/mission_control-0.0.0-py3.8.egg-info
running install_scripts
Installing arm_drone script to /root/DroneOpsROS/install/mission_control/lib/mission_control
Installing mission_manager script to /root/DroneOpsROS/install/mission_control/lib/mission_control
Installing takeoff script to /root/DroneOpsROS/install/mission_control/lib/mission_control
writing list of installed files to '/root/DroneOpsROS/build/mission_control/install.log'
