[0.852s] Invoking command in '/root/DroneOpsROS/src/mission_control': PYTHONPATH=/root/DroneOpsROS/build/mission_control/prefix_override:/root/DroneOpsROS/install/mission_control/lib/python3.8/site-packages:${PYTHONPATH} /usr/bin/python3 setup.py egg_info --egg-base ../../build/mission_control build --build-base /root/DroneOpsROS/build/mission_control/build install --record /root/DroneOpsROS/build/mission_control/install.log --install-scripts $base/lib/mission_control --single-version-externally-managed
[1.021s] running egg_info
[1.022s] creating ../../build/mission_control/mission_control.egg-info
[1.022s] writing ../../build/mission_control/mission_control.egg-info/PKG-INFO
[1.022s] writing dependency_links to ../../build/mission_control/mission_control.egg-info/dependency_links.txt
[1.022s] writing entry points to ../../build/mission_control/mission_control.egg-info/entry_points.txt
[1.022s] writing requirements to ../../build/mission_control/mission_control.egg-info/requires.txt
[1.023s] writing top-level names to ../../build/mission_control/mission_control.egg-info/top_level.txt
[1.024s] writing manifest file '../../build/mission_control/mission_control.egg-info/SOURCES.txt'
[1.057s] reading manifest file '../../build/mission_control/mission_control.egg-info/SOURCES.txt'
[1.058s] writing manifest file '../../build/mission_control/mission_control.egg-info/SOURCES.txt'
[1.058s] running build
[1.058s] running build_py
[1.058s] creating /root/DroneOpsROS/build/mission_control/build
[1.059s] creating /root/DroneOpsROS/build/mission_control/build/lib
[1.059s] creating /root/DroneOpsROS/build/mission_control/build/lib/mission_control
[1.059s] copying mission_control/__init__.py -> /root/DroneOpsROS/build/mission_control/build/lib/mission_control
[1.059s] copying mission_control/mission_manager.py -> /root/DroneOpsROS/build/mission_control/build/lib/mission_control
[1.059s] copying mission_control/takeoff.py -> /root/DroneOpsROS/build/mission_control/build/lib/mission_control
[1.059s] copying mission_control/arm_drone.py -> /root/DroneOpsROS/build/mission_control/build/lib/mission_control
[1.060s] running install
[1.060s] running install_lib
[1.061s] creating /root/DroneOpsROS/install/mission_control/lib/python3.8/site-packages/mission_control
[1.062s] copying /root/DroneOpsROS/build/mission_control/build/lib/mission_control/__init__.py -> /root/DroneOpsROS/install/mission_control/lib/python3.8/site-packages/mission_control
[1.062s] copying /root/DroneOpsROS/build/mission_control/build/lib/mission_control/mission_manager.py -> /root/DroneOpsROS/install/mission_control/lib/python3.8/site-packages/mission_control
[1.062s] copying /root/DroneOpsROS/build/mission_control/build/lib/mission_control/takeoff.py -> /root/DroneOpsROS/install/mission_control/lib/python3.8/site-packages/mission_control
[1.063s] copying /root/DroneOpsROS/build/mission_control/build/lib/mission_control/arm_drone.py -> /root/DroneOpsROS/install/mission_control/lib/python3.8/site-packages/mission_control
[1.063s] byte-compiling /root/DroneOpsROS/install/mission_control/lib/python3.8/site-packages/mission_control/__init__.py to __init__.cpython-38.pyc
[1.064s] byte-compiling /root/DroneOpsROS/install/mission_control/lib/python3.8/site-packages/mission_control/mission_manager.py to mission_manager.cpython-38.pyc
[1.065s] byte-compiling /root/DroneOpsROS/install/mission_control/lib/python3.8/site-packages/mission_control/takeoff.py to takeoff.cpython-38.pyc
[1.065s] byte-compiling /root/DroneOpsROS/install/mission_control/lib/python3.8/site-packages/mission_control/arm_drone.py to arm_drone.cpython-38.pyc
[1.066s] running install_data
[1.066s] creating /root/DroneOpsROS/install/mission_control/share/ament_index
[1.067s] creating /root/DroneOpsROS/install/mission_control/share/ament_index/resource_index
[1.067s] creating /root/DroneOpsROS/install/mission_control/share/ament_index/resource_index/packages
[1.067s] copying resource/mission_control -> /root/DroneOpsROS/install/mission_control/share/ament_index/resource_index/packages
[1.067s] copying package.xml -> /root/DroneOpsROS/install/mission_control/share/mission_control
[1.067s] creating /root/DroneOpsROS/install/mission_control/share/mission_control/launch
[1.067s] copying launch/mavros_launch.py -> /root/DroneOpsROS/install/mission_control/share/mission_control/launch
[1.067s] creating /root/DroneOpsROS/install/mission_control/share/mission_control/config
[1.068s] running install_egg_info
[1.069s] Copying ../../build/mission_control/mission_control.egg-info to /root/DroneOpsROS/install/mission_control/lib/python3.8/site-packages/mission_control-0.0.0-py3.8.egg-info
[1.070s] running install_scripts
[1.092s] Installing arm_drone script to /root/DroneOpsROS/install/mission_control/lib/mission_control
[1.092s] Installing mission_manager script to /root/DroneOpsROS/install/mission_control/lib/mission_control
[1.093s] Installing takeoff script to /root/DroneOpsROS/install/mission_control/lib/mission_control
[1.093s] writing list of installed files to '/root/DroneOpsROS/build/mission_control/install.log'
[1.149s] Invoked command in '/root/DroneOpsROS/src/mission_control' returned '0': PYTHONPATH=/root/DroneOpsROS/build/mission_control/prefix_override:/root/DroneOpsROS/install/mission_control/lib/python3.8/site-packages:${PYTHONPATH} /usr/bin/python3 setup.py egg_info --egg-base ../../build/mission_control build --build-base /root/DroneOpsROS/build/mission_control/build install --record /root/DroneOpsROS/build/mission_control/install.log --install-scripts $base/lib/mission_control --single-version-externally-managed
