running egg_info
writing ../../build/control_system/control_system.egg-info/PKG-INFO
writing dependency_links to ../../build/control_system/control_system.egg-info/dependency_links.txt
writing entry points to ../../build/control_system/control_system.egg-info/entry_points.txt
writing requirements to ../../build/control_system/control_system.egg-info/requires.txt
writing top-level names to ../../build/control_system/control_system.egg-info/top_level.txt
reading manifest file '../../build/control_system/control_system.egg-info/SOURCES.txt'
writing manifest file '../../build/control_system/control_system.egg-info/SOURCES.txt'
running build
running build_py
copying control_system/nodo_control.py -> /root/DroneOpsROS/build/control_system/build/lib/control_system
running install
running install_lib
copying /root/DroneOpsROS/build/control_system/build/lib/control_system/nodo_control.py -> /root/DroneOpsROS/install/control_system/lib/python3.8/site-packages/control_system
byte-compiling /root/DroneOpsROS/install/control_system/lib/python3.8/site-packages/control_system/nodo_control.py to nodo_control.cpython-38.pyc
running install_data
copying launch/mavros_launch.py -> /root/DroneOpsROS/install/control_system/share/control_system/launch
running install_egg_info
removing '/root/DroneOpsROS/install/control_system/lib/python3.8/site-packages/control_system-0.0.0-py3.8.egg-info' (and everything under it)
Copying ../../build/control_system/control_system.egg-info to /root/DroneOpsROS/install/control_system/lib/python3.8/site-packages/control_system-0.0.0-py3.8.egg-info
running install_scripts
Installing nodo_control script to /root/DroneOpsROS/install/control_system/lib/control_system
writing list of installed files to '/root/DroneOpsROS/build/control_system/install.log'
