[0.857s] Invoking command in '/root/DroneOpsROS/src/vision_system': PYTHONPATH=/root/DroneOpsROS/build/vision_system/prefix_override:/root/DroneOpsROS/install/vision_system/lib/python3.8/site-packages:${PYTHONPATH} /usr/bin/python3 setup.py egg_info --egg-base ../../build/vision_system build --build-base /root/DroneOpsROS/build/vision_system/build install --record /root/DroneOpsROS/build/vision_system/install.log --install-scripts $base/lib/vision_system --single-version-externally-managed
[1.029s] running egg_info
[1.029s] writing ../../build/vision_system/vision_system.egg-info/PKG-INFO
[1.030s] writing dependency_links to ../../build/vision_system/vision_system.egg-info/dependency_links.txt
[1.030s] writing entry points to ../../build/vision_system/vision_system.egg-info/entry_points.txt
[1.030s] writing requirements to ../../build/vision_system/vision_system.egg-info/requires.txt
[1.030s] writing top-level names to ../../build/vision_system/vision_system.egg-info/top_level.txt
[1.063s] reading manifest file '../../build/vision_system/vision_system.egg-info/SOURCES.txt'
[1.064s] writing manifest file '../../build/vision_system/vision_system.egg-info/SOURCES.txt'
[1.064s] running build
[1.064s] running build_py
[1.065s] running install
[1.065s] running install_lib
[1.066s] running install_data
[1.067s] running install_egg_info
[1.069s] removing '/root/DroneOpsROS/install/vision_system/lib/python3.8/site-packages/vision_system-0.0.0-py3.8.egg-info' (and everything under it)
[1.069s] Copying ../../build/vision_system/vision_system.egg-info to /root/DroneOpsROS/install/vision_system/lib/python3.8/site-packages/vision_system-0.0.0-py3.8.egg-info
[1.070s] running install_scripts
[1.094s] Installing aruco_detector script to /root/DroneOpsROS/install/vision_system/lib/vision_system
[1.095s] Installing camera_node script to /root/DroneOpsROS/install/vision_system/lib/vision_system
[1.095s] writing list of installed files to '/root/DroneOpsROS/build/vision_system/install.log'
[1.140s] Invoked command in '/root/DroneOpsROS/src/vision_system' returned '0': PYTHONPATH=/root/DroneOpsROS/build/vision_system/prefix_override:/root/DroneOpsROS/install/vision_system/lib/python3.8/site-packages:${PYTHONPATH} /usr/bin/python3 setup.py egg_info --egg-base ../../build/vision_system build --build-base /root/DroneOpsROS/build/vision_system/build install --record /root/DroneOpsROS/build/vision_system/install.log --install-scripts $base/lib/vision_system --single-version-externally-managed
