[1.158s] Invoking command in '/root/DroneOpsROS/src/vision_system': PYTHONPATH=/root/DroneOpsROS/build/vision_system/prefix_override:/root/DroneOpsROS/install/vision_system/lib/python3.8/site-packages:${PYTHONPATH} /usr/bin/python3 setup.py egg_info --egg-base ../../build/vision_system build --build-base /root/DroneOpsROS/build/vision_system/build install --record /root/DroneOpsROS/build/vision_system/install.log --install-scripts $base/lib/vision_system --single-version-externally-managed
[1.404s] running egg_info
[1.405s] writing ../../build/vision_system/vision_system.egg-info/PKG-INFO
[1.405s] writing dependency_links to ../../build/vision_system/vision_system.egg-info/dependency_links.txt
[1.405s] writing entry points to ../../build/vision_system/vision_system.egg-info/entry_points.txt
[1.405s] writing requirements to ../../build/vision_system/vision_system.egg-info/requires.txt
[1.406s] writing top-level names to ../../build/vision_system/vision_system.egg-info/top_level.txt
[1.454s] reading manifest file '../../build/vision_system/vision_system.egg-info/SOURCES.txt'
[1.455s] writing manifest file '../../build/vision_system/vision_system.egg-info/SOURCES.txt'
[1.456s] running build
[1.456s] running build_py
[1.456s] running install
[1.457s] running install_lib
[1.459s] running install_data
[1.460s] running install_egg_info
[1.462s] removing '/root/DroneOpsROS/install/vision_system/lib/python3.8/site-packages/vision_system-0.0.0-py3.8.egg-info' (and everything under it)
[1.463s] Copying ../../build/vision_system/vision_system.egg-info to /root/DroneOpsROS/install/vision_system/lib/python3.8/site-packages/vision_system-0.0.0-py3.8.egg-info
[1.464s] running install_scripts
[1.491s] Installing aruco_detector script to /root/DroneOpsROS/install/vision_system/lib/vision_system
[1.491s] Installing camera_node script to /root/DroneOpsROS/install/vision_system/lib/vision_system
[1.492s] writing list of installed files to '/root/DroneOpsROS/build/vision_system/install.log'
[1.520s] Invoked command in '/root/DroneOpsROS/src/vision_system' returned '0': PYTHONPATH=/root/DroneOpsROS/build/vision_system/prefix_override:/root/DroneOpsROS/install/vision_system/lib/python3.8/site-packages:${PYTHONPATH} /usr/bin/python3 setup.py egg_info --egg-base ../../build/vision_system build --build-base /root/DroneOpsROS/build/vision_system/build install --record /root/DroneOpsROS/build/vision_system/install.log --install-scripts $base/lib/vision_system --single-version-externally-managed
