/home/manuel/.local/lib/python3.10/site-packages/setuptools/dist.py:599: SetuptoolsDeprecationWarning: Invalid dash-separated key 'script-dir' in 'develop' (setup.cfg), please use the underscore name 'script_dir' instead.
!!

        ********************************************************************************
        Usage of dash-separated 'script-dir' will not be supported in future
        versions. Please use the underscore name 'script_dir' instead.

        By 2026-Mar-03, you need to update your project and remove deprecated calls
        or your builds will no longer be supported.

        See https://setuptools.pypa.io/en/latest/userguide/declarative_config.html for details.
        ********************************************************************************

!!
  opt = self._enforce_underscore(opt, section)
/home/manuel/.local/lib/python3.10/site-packages/setuptools/_distutils/dist.py:289: UserWarning: Unknown distribution option: 'tests_require'
  warnings.warn(msg)
/home/manuel/.local/lib/python3.10/site-packages/setuptools/dist.py:599: SetuptoolsDeprecationWarning: Invalid dash-separated key 'script-dir' in 'develop' (setup.cfg), please use the underscore name 'script_dir' instead.
!!

        ********************************************************************************
        Usage of dash-separated 'script-dir' will not be supported in future
        versions. Please use the underscore name 'script_dir' instead.
        (Affected: control_system).

        By 2026-Mar-03, you need to update your project and remove deprecated calls
        or your builds will no longer be supported.

        See https://setuptools.pypa.io/en/latest/userguide/declarative_config.html for details.
        ********************************************************************************

!!
  opt = self._enforce_underscore(opt, section)
running egg_info
creating ../../build/control_system/control_system.egg-info
writing ../../build/control_system/control_system.egg-info/PKG-INFO
writing dependency_links to ../../build/control_system/control_system.egg-info/dependency_links.txt
writing entry points to ../../build/control_system/control_system.egg-info/entry_points.txt
writing requirements to ../../build/control_system/control_system.egg-info/requires.txt
writing top-level names to ../../build/control_system/control_system.egg-info/top_level.txt
writing manifest file '../../build/control_system/control_system.egg-info/SOURCES.txt'
reading manifest file '../../build/control_system/control_system.egg-info/SOURCES.txt'
writing manifest file '../../build/control_system/control_system.egg-info/SOURCES.txt'
running build
running build_py
creating /home/manuel/TMR-2025/DroneOpsROS/build/control_system/build/lib/control_system
copying control_system/nodo_control.py -> /home/manuel/TMR-2025/DroneOpsROS/build/control_system/build/lib/control_system
copying control_system/__init__.py -> /home/manuel/TMR-2025/DroneOpsROS/build/control_system/build/lib/control_system
running install
running install_lib
creating /home/manuel/TMR-2025/DroneOpsROS/install/control_system/lib/python3.10/site-packages/control_system
copying /home/manuel/TMR-2025/DroneOpsROS/build/control_system/build/lib/control_system/nodo_control.py -> /home/manuel/TMR-2025/DroneOpsROS/install/control_system/lib/python3.10/site-packages/control_system
copying /home/manuel/TMR-2025/DroneOpsROS/build/control_system/build/lib/control_system/__init__.py -> /home/manuel/TMR-2025/DroneOpsROS/install/control_system/lib/python3.10/site-packages/control_system
byte-compiling /home/manuel/TMR-2025/DroneOpsROS/install/control_system/lib/python3.10/site-packages/control_system/nodo_control.py to nodo_control.cpython-310.pyc
byte-compiling /home/manuel/TMR-2025/DroneOpsROS/install/control_system/lib/python3.10/site-packages/control_system/__init__.py to __init__.cpython-310.pyc
running install_data
creating /home/manuel/TMR-2025/DroneOpsROS/install/control_system/share/ament_index/resource_index/packages
copying resource/control_system -> /home/manuel/TMR-2025/DroneOpsROS/install/control_system/share/ament_index/resource_index/packages
copying package.xml -> /home/manuel/TMR-2025/DroneOpsROS/install/control_system/share/control_system
creating /home/manuel/TMR-2025/DroneOpsROS/install/control_system/share/control_system/launch
creating /home/manuel/TMR-2025/DroneOpsROS/install/control_system/share/control_system/config
running install_egg_info
Copying ../../build/control_system/control_system.egg-info to /home/manuel/TMR-2025/DroneOpsROS/install/control_system/lib/python3.10/site-packages/control_system-0.0.0-py3.10.egg-info
running install_scripts
Installing nodo_control script to /home/manuel/TMR-2025/DroneOpsROS/install/control_system/lib/control_system
writing list of installed files to '/home/manuel/TMR-2025/DroneOpsROS/build/control_system/install.log'
