[0.609s] Invoking command in '/home/manuel/TMR-2025/DroneOpsROS/src/control_system': PYTHONPATH=/home/manuel/TMR-2025/DroneOpsROS/build/control_system/prefix_override:/usr/lib/python3/dist-packages/colcon_core/task/python/colcon_distutils_commands:/home/manuel/TMR-2025/DroneOpsROS/install/control_system/lib/python3.10/site-packages:${PYTHONPATH} /usr/bin/python3 -W ignore:setup.py install is deprecated -W ignore:easy_install command is deprecated setup.py egg_info --egg-base ../../build/control_system build --build-base /home/manuel/TMR-2025/DroneOpsROS/build/control_system/build install --record /home/manuel/TMR-2025/DroneOpsROS/build/control_system/install.log --install-scripts $base/lib/control_system --single-version-externally-managed install_data
[0.713s] /home/manuel/.local/lib/python3.10/site-packages/setuptools/dist.py:599: SetuptoolsDeprecationWarning: Invalid dash-separated key 'script-dir' in 'develop' (setup.cfg), please use the underscore name 'script_dir' instead.
[0.713s] !!
[0.713s] 
[0.713s]         ********************************************************************************
[0.713s]         Usage of dash-separated 'script-dir' will not be supported in future
[0.714s]         versions. Please use the underscore name 'script_dir' instead.
[0.714s] 
[0.714s]         By 2026-Mar-03, you need to update your project and remove deprecated calls
[0.714s]         or your builds will no longer be supported.
[0.714s] 
[0.714s]         See https://setuptools.pypa.io/en/latest/userguide/declarative_config.html for details.
[0.714s]         ********************************************************************************
[0.714s] 
[0.714s] !!
[0.714s]   opt = self._enforce_underscore(opt, section)
[0.723s] /home/manuel/.local/lib/python3.10/site-packages/setuptools/_distutils/dist.py:289: UserWarning: Unknown distribution option: 'tests_require'
[0.723s]   warnings.warn(msg)
[0.743s] /home/manuel/.local/lib/python3.10/site-packages/setuptools/dist.py:599: SetuptoolsDeprecationWarning: Invalid dash-separated key 'script-dir' in 'develop' (setup.cfg), please use the underscore name 'script_dir' instead.
[0.743s] !!
[0.743s] 
[0.743s]         ********************************************************************************
[0.743s]         Usage of dash-separated 'script-dir' will not be supported in future
[0.743s]         versions. Please use the underscore name 'script_dir' instead.
[0.743s]         (Affected: control_system).
[0.743s] 
[0.743s]         By 2026-Mar-03, you need to update your project and remove deprecated calls
[0.743s]         or your builds will no longer be supported.
[0.743s] 
[0.743s]         See https://setuptools.pypa.io/en/latest/userguide/declarative_config.html for details.
[0.743s]         ********************************************************************************
[0.744s] 
[0.744s] !!
[0.744s]   opt = self._enforce_underscore(opt, section)
[0.780s] running egg_info
[0.789s] creating ../../build/control_system/control_system.egg-info
[0.790s] writing ../../build/control_system/control_system.egg-info/PKG-INFO
[0.790s] writing dependency_links to ../../build/control_system/control_system.egg-info/dependency_links.txt
[0.790s] writing entry points to ../../build/control_system/control_system.egg-info/entry_points.txt
[0.790s] writing requirements to ../../build/control_system/control_system.egg-info/requires.txt
[0.790s] writing top-level names to ../../build/control_system/control_system.egg-info/top_level.txt
[0.790s] writing manifest file '../../build/control_system/control_system.egg-info/SOURCES.txt'
[0.809s] reading manifest file '../../build/control_system/control_system.egg-info/SOURCES.txt'
[0.810s] writing manifest file '../../build/control_system/control_system.egg-info/SOURCES.txt'
[0.810s] running build
[0.810s] running build_py
[0.810s] creating /home/manuel/TMR-2025/DroneOpsROS/build/control_system/build/lib/control_system
[0.810s] copying control_system/nodo_control.py -> /home/manuel/TMR-2025/DroneOpsROS/build/control_system/build/lib/control_system
[0.811s] copying control_system/__init__.py -> /home/manuel/TMR-2025/DroneOpsROS/build/control_system/build/lib/control_system
[0.811s] running install
[0.814s] running install_lib
[0.823s] creating /home/manuel/TMR-2025/DroneOpsROS/install/control_system/lib/python3.10/site-packages/control_system
[0.823s] copying /home/manuel/TMR-2025/DroneOpsROS/build/control_system/build/lib/control_system/nodo_control.py -> /home/manuel/TMR-2025/DroneOpsROS/install/control_system/lib/python3.10/site-packages/control_system
[0.823s] copying /home/manuel/TMR-2025/DroneOpsROS/build/control_system/build/lib/control_system/__init__.py -> /home/manuel/TMR-2025/DroneOpsROS/install/control_system/lib/python3.10/site-packages/control_system
[0.823s] byte-compiling /home/manuel/TMR-2025/DroneOpsROS/install/control_system/lib/python3.10/site-packages/control_system/nodo_control.py to nodo_control.cpython-310.pyc
[0.825s] byte-compiling /home/manuel/TMR-2025/DroneOpsROS/install/control_system/lib/python3.10/site-packages/control_system/__init__.py to __init__.cpython-310.pyc
[0.825s] running install_data
[0.825s] creating /home/manuel/TMR-2025/DroneOpsROS/install/control_system/share/ament_index/resource_index/packages
[0.825s] copying resource/control_system -> /home/manuel/TMR-2025/DroneOpsROS/install/control_system/share/ament_index/resource_index/packages
[0.825s] copying package.xml -> /home/manuel/TMR-2025/DroneOpsROS/install/control_system/share/control_system
[0.825s] creating /home/manuel/TMR-2025/DroneOpsROS/install/control_system/share/control_system/launch
[0.825s] creating /home/manuel/TMR-2025/DroneOpsROS/install/control_system/share/control_system/config
[0.825s] running install_egg_info
[0.835s] Copying ../../build/control_system/control_system.egg-info to /home/manuel/TMR-2025/DroneOpsROS/install/control_system/lib/python3.10/site-packages/control_system-0.0.0-py3.10.egg-info
[0.835s] running install_scripts
[0.915s] Installing nodo_control script to /home/manuel/TMR-2025/DroneOpsROS/install/control_system/lib/control_system
[0.915s] writing list of installed files to '/home/manuel/TMR-2025/DroneOpsROS/build/control_system/install.log'
[0.936s] Invoked command in '/home/manuel/TMR-2025/DroneOpsROS/src/control_system' returned '0': PYTHONPATH=/home/manuel/TMR-2025/DroneOpsROS/build/control_system/prefix_override:/usr/lib/python3/dist-packages/colcon_core/task/python/colcon_distutils_commands:/home/manuel/TMR-2025/DroneOpsROS/install/control_system/lib/python3.10/site-packages:${PYTHONPATH} /usr/bin/python3 -W ignore:setup.py install is deprecated -W ignore:easy_install command is deprecated setup.py egg_info --egg-base ../../build/control_system build --build-base /home/manuel/TMR-2025/DroneOpsROS/build/control_system/build install --record /home/manuel/TMR-2025/DroneOpsROS/build/control_system/install.log --install-scripts $base/lib/control_system --single-version-externally-managed install_data
