[0.128s] Invoking command in '/home/manuel/TMR-2025/DroneOpsROS/build/mission_control': CMAKE_PREFIX_PATH=${CMAKE_PREFIX_PATH}:/home/manuel/TMR-2025/DroneOpsROS/install/vision_system:/home/manuel/TMR-2025/DroneOpsROS/install/control_system:/home/manuel/ros2_ws/install/ardupilot_dds_tests:/opt/ros/humble /usr/bin/cmake /home/manuel/TMR-2025/DroneOpsROS/src/mission_control -DCMAKE_INSTALL_PREFIX=/home/manuel/TMR-2025/DroneOpsROS/install/mission_control
[0.171s] -- The C compiler identification is GNU 11.4.0
[0.221s] -- The CXX compiler identification is GNU 11.4.0
[0.229s] -- Detecting C compiler ABI info
[0.286s] -- Detecting C compiler ABI info - done
[0.295s] -- Check for working C compiler: /usr/lib/ccache/cc - skipped
[0.295s] -- Detecting C compile features
[0.296s] -- Detecting C compile features - done
[0.300s] -- Detecting CXX compiler ABI info
[0.378s] -- Detecting CXX compiler ABI info - done
[0.388s] -- Check for working CXX compiler: /usr/lib/ccache/c++ - skipped
[0.388s] -- Detecting CXX compile features
[0.388s] -- Detecting CXX compile features - done
[0.393s] -- Found ament_cmake: 1.3.11 (/opt/ros/humble/share/ament_cmake/cmake)
[0.728s] -- Found Python3: /usr/bin/python3 (found version "3.10.12") found components: Interpreter 
[0.813s] -- Found rosidl_default_generators: 1.2.0 (/opt/ros/humble/share/rosidl_default_generators/cmake)
[0.820s] -- Using all available rosidl_typesupport_c: rosidl_typesupport_fastrtps_c;rosidl_typesupport_introspection_c
[0.832s] -- Found rosidl_adapter: 3.1.6 (/opt/ros/humble/share/rosidl_adapter/cmake)
[0.894s] -- Using all available rosidl_typesupport_cpp: rosidl_typesupport_fastrtps_cpp;rosidl_typesupport_introspection_cpp
[0.944s] -- Found rclpy: 3.3.15 (/opt/ros/humble/share/rclpy/cmake)
[1.142s] -- Found ament_cmake_ros: 0.10.0 (/opt/ros/humble/share/ament_cmake_ros/cmake)
[1.277s] -- Using all available rosidl_typesupport_c: rosidl_typesupport_fastrtps_c;rosidl_typesupport_introspection_c
[1.447s] -- Using all available rosidl_typesupport_cpp: rosidl_typesupport_fastrtps_cpp;rosidl_typesupport_introspection_cpp
[1.463s] -- Found PythonInterp: /usr/bin/python3 (found suitable version "3.10.12", minimum required is "3.6") 
[1.465s] -- Found python_cmake_module: 0.10.0 (/opt/ros/humble/share/python_cmake_module/cmake)
[1.488s] -- Found PythonLibs: /usr/lib/x86_64-linux-gnu/libpython3.10.so (found suitable version "3.10.12", minimum required is "3.5") 
[1.488s] -- Using PYTHON_EXECUTABLE: /usr/bin/python3
[1.488s] -- Using PYTHON_INCLUDE_DIRS: /usr/include/python3.10
[1.488s] -- Using PYTHON_LIBRARIES: /usr/lib/x86_64-linux-gnu/libpython3.10.so
[1.506s] -- Found PythonExtra: .so  
[1.532s] -- Configuring done
[1.544s] -- Generating done
[1.549s] -- Build files have been written to: /home/manuel/TMR-2025/DroneOpsROS/build/mission_control
[1.554s] Invoked command in '/home/manuel/TMR-2025/DroneOpsROS/build/mission_control' returned '0': CMAKE_PREFIX_PATH=${CMAKE_PREFIX_PATH}:/home/manuel/TMR-2025/DroneOpsROS/install/vision_system:/home/manuel/TMR-2025/DroneOpsROS/install/control_system:/home/manuel/ros2_ws/install/ardupilot_dds_tests:/opt/ros/humble /usr/bin/cmake /home/manuel/TMR-2025/DroneOpsROS/src/mission_control -DCMAKE_INSTALL_PREFIX=/home/manuel/TMR-2025/DroneOpsROS/install/mission_control
[1.556s] Invoking command in '/home/manuel/TMR-2025/DroneOpsROS/build/mission_control': CMAKE_PREFIX_PATH=${CMAKE_PREFIX_PATH}:/home/manuel/TMR-2025/DroneOpsROS/install/vision_system:/home/manuel/TMR-2025/DroneOpsROS/install/control_system:/home/manuel/ros2_ws/install/ardupilot_dds_tests:/opt/ros/humble /usr/bin/cmake --build /home/manuel/TMR-2025/DroneOpsROS/build/mission_control -- -j12 -l12
[1.585s] [  3%] [34m[1mGenerating C code for ROS interfaces[0m
[1.593s] [  6%] [34m[1mGenerating C++ code for ROS interfaces[0m
[1.602s] [  6%] Built target ament_cmake_python_copy_mission_control
[1.779s] [  9%] [32mBuilding C object CMakeFiles/mission_control__rosidl_generator_c.dir/rosidl_generator_c/mission_control/srv/detail/altitud__functions.c.o[0m
[1.781s] [  9%] Built target mission_control__cpp
[1.791s] [ 12%] [32m[1mLinking C shared library libmission_control__rosidl_generator_c.so[0m
[1.792s] [ 19%] [34m[1mGenerating C++ type support for eProsima Fast-RTPS[0m
[1.792s] [ 19%] [34m[1mGenerating C++ introspection for ROS interfaces[0m
[1.792s] [ 22%] [34m[1mGenerating C++ type support dispatch for ROS interfaces[0m
[1.805s] running egg_info
[1.815s] creating mission_control.egg-info
[1.816s] writing mission_control.egg-info/PKG-INFO
[1.816s] writing dependency_links to mission_control.egg-info/dependency_links.txt
[1.816s] writing top-level names to mission_control.egg-info/top_level.txt
[1.816s] writing manifest file 'mission_control.egg-info/SOURCES.txt'
[1.832s] [ 22%] Built target mission_control__rosidl_generator_c
[1.845s] [ 32%] [34m[1mGenerating C introspection for ROS interfaces[0m
[1.845s] [ 32%] [34m[1mGenerating C type support dispatch for ROS interfaces[0m
[1.846s] [ 32%] [34m[1mGenerating C type support for eProsima Fast-RTPS[0m
[1.850s] reading manifest file 'mission_control.egg-info/SOURCES.txt'
[1.850s] writing manifest file 'mission_control.egg-info/SOURCES.txt'
[1.883s] [ 32%] Built target ament_cmake_python_build_mission_control_egg
[2.002s] [ 35%] [32mBuilding CXX object CMakeFiles/mission_control__rosidl_typesupport_cpp.dir/rosidl_typesupport_cpp/mission_control/srv/altitud__type_support.cpp.o[0m
[2.025s] [ 38%] [32m[1mLinking CXX shared library libmission_control__rosidl_typesupport_cpp.so[0m
[2.065s] [ 41%] [32mBuilding CXX object CMakeFiles/mission_control__rosidl_typesupport_c.dir/rosidl_typesupport_c/mission_control/srv/altitud__type_support.cpp.o[0m
[2.074s] [ 41%] Built target mission_control__rosidl_typesupport_cpp
[2.079s] [ 45%] [32m[1mLinking CXX shared library libmission_control__rosidl_typesupport_c.so[0m
[2.134s] [ 45%] Built target mission_control__rosidl_typesupport_c
[2.144s] [ 48%] [32mBuilding CXX object CMakeFiles/mission_control__rosidl_typesupport_fastrtps_c.dir/rosidl_typesupport_fastrtps_c/mission_control/srv/detail/altitud__type_support_c.cpp.o[0m
[2.151s] [ 51%] [32mBuilding CXX object CMakeFiles/mission_control__rosidl_typesupport_introspection_cpp.dir/rosidl_typesupport_introspection_cpp/mission_control/srv/detail/altitud__type_support.cpp.o[0m
[2.159s] [ 54%] [32m[1mLinking CXX shared library libmission_control__rosidl_typesupport_fastrtps_c.so[0m
[2.167s] [ 58%] [32mBuilding CXX object CMakeFiles/mission_control__rosidl_typesupport_fastrtps_cpp.dir/rosidl_typesupport_fastrtps_cpp/mission_control/srv/detail/dds_fastrtps/altitud__type_support.cpp.o[0m
[2.169s] [ 61%] [32m[1mLinking CXX shared library libmission_control__rosidl_typesupport_introspection_cpp.so[0m
[2.171s] [ 64%] [32mBuilding C object CMakeFiles/mission_control__rosidl_typesupport_introspection_c.dir/rosidl_typesupport_introspection_c/mission_control/srv/detail/altitud__type_support.c.o[0m
[2.185s] [ 70%] [32m[1mLinking CXX shared library libmission_control__rosidl_typesupport_fastrtps_cpp.so[0m
[2.185s] [ 70%] [32m[1mLinking C shared library libmission_control__rosidl_typesupport_introspection_c.so[0m
[2.218s] [ 70%] Built target mission_control__rosidl_typesupport_introspection_cpp
[2.223s] [ 70%] Built target mission_control__rosidl_typesupport_introspection_c
[2.234s] [ 70%] Built target mission_control__rosidl_typesupport_fastrtps_c
[2.264s] [ 70%] Built target mission_control__rosidl_typesupport_fastrtps_cpp
[2.281s] [ 70%] Built target mission_control
[2.296s] [ 74%] [34m[1mGenerating Python code for ROS interfaces[0m
[2.487s] [ 74%] Built target mission_control__py
[2.502s] [ 77%] [32mBuilding C object CMakeFiles/mission_control__rosidl_generator_py.dir/rosidl_generator_py/mission_control/srv/_altitud_s.c.o[0m
[2.513s] [ 80%] [32m[1mLinking C shared library rosidl_generator_py/mission_control/libmission_control__rosidl_generator_py.so[0m
[2.543s] [ 80%] Built target mission_control__rosidl_generator_py
[2.561s] [ 83%] [32mBuilding C object CMakeFiles/mission_control__rosidl_typesupport_introspection_c__pyext.dir/rosidl_generator_py/mission_control/_mission_control_s.ep.rosidl_typesupport_introspection_c.c.o[0m
[2.561s] [ 87%] [32mBuilding C object CMakeFiles/mission_control__rosidl_typesupport_c__pyext.dir/rosidl_generator_py/mission_control/_mission_control_s.ep.rosidl_typesupport_c.c.o[0m
[2.561s] [ 90%] [32mBuilding C object CMakeFiles/mission_control__rosidl_typesupport_fastrtps_c__pyext.dir/rosidl_generator_py/mission_control/_mission_control_s.ep.rosidl_typesupport_fastrtps_c.c.o[0m
[2.573s] [ 96%] [32m[1mLinking C shared library rosidl_generator_py/mission_control/mission_control_s__rosidl_typesupport_c.cpython-310-x86_64-linux-gnu.so[0m
[2.573s] [ 96%] [32m[1mLinking C shared library rosidl_generator_py/mission_control/mission_control_s__rosidl_typesupport_introspection_c.cpython-310-x86_64-linux-gnu.so[0m
[2.573s] [100%] [32m[1mLinking C shared library rosidl_generator_py/mission_control/mission_control_s__rosidl_typesupport_fastrtps_c.cpython-310-x86_64-linux-gnu.so[0m
[2.599s] [100%] Built target mission_control__rosidl_typesupport_fastrtps_c__pyext
[2.600s] [100%] Built target mission_control__rosidl_typesupport_c__pyext
[2.603s] [100%] Built target mission_control__rosidl_typesupport_introspection_c__pyext
[2.611s] Invoked command in '/home/manuel/TMR-2025/DroneOpsROS/build/mission_control' returned '0': CMAKE_PREFIX_PATH=${CMAKE_PREFIX_PATH}:/home/manuel/TMR-2025/DroneOpsROS/install/vision_system:/home/manuel/TMR-2025/DroneOpsROS/install/control_system:/home/manuel/ros2_ws/install/ardupilot_dds_tests:/opt/ros/humble /usr/bin/cmake --build /home/manuel/TMR-2025/DroneOpsROS/build/mission_control -- -j12 -l12
[2.620s] Invoking command in '/home/manuel/TMR-2025/DroneOpsROS/build/mission_control': CMAKE_PREFIX_PATH=${CMAKE_PREFIX_PATH}:/home/manuel/TMR-2025/DroneOpsROS/install/vision_system:/home/manuel/TMR-2025/DroneOpsROS/install/control_system:/home/manuel/ros2_ws/install/ardupilot_dds_tests:/opt/ros/humble /usr/bin/cmake --install /home/manuel/TMR-2025/DroneOpsROS/build/mission_control
[2.626s] -- Install configuration: ""
[2.627s] -- Installing: /home/manuel/TMR-2025/DroneOpsROS/install/mission_control/share/ament_index/resource_index/rosidl_interfaces/mission_control
[2.627s] -- Installing: /home/manuel/TMR-2025/DroneOpsROS/install/mission_control/include/mission_control/mission_control
[2.627s] -- Installing: /home/manuel/TMR-2025/DroneOpsROS/install/mission_control/include/mission_control/mission_control/srv
[2.627s] -- Installing: /home/manuel/TMR-2025/DroneOpsROS/install/mission_control/include/mission_control/mission_control/srv/altitud.h
[2.627s] -- Installing: /home/manuel/TMR-2025/DroneOpsROS/install/mission_control/include/mission_control/mission_control/srv/detail
[2.627s] -- Installing: /home/manuel/TMR-2025/DroneOpsROS/install/mission_control/include/mission_control/mission_control/srv/detail/altitud__type_support.h
[2.627s] -- Installing: /home/manuel/TMR-2025/DroneOpsROS/install/mission_control/include/mission_control/mission_control/srv/detail/altitud__functions.h
[2.627s] -- Installing: /home/manuel/TMR-2025/DroneOpsROS/install/mission_control/include/mission_control/mission_control/srv/detail/altitud__functions.c
[2.627s] -- Installing: /home/manuel/TMR-2025/DroneOpsROS/install/mission_control/include/mission_control/mission_control/srv/detail/altitud__struct.h
[2.628s] -- Installing: /home/manuel/TMR-2025/DroneOpsROS/install/mission_control/include/mission_control/mission_control/msg
[2.628s] -- Installing: /home/manuel/TMR-2025/DroneOpsROS/install/mission_control/include/mission_control/mission_control/msg/rosidl_generator_c__visibility_control.h
[2.628s] -- Installing: /home/manuel/TMR-2025/DroneOpsROS/install/mission_control/share/mission_control/environment/library_path.sh
[2.628s] -- Installing: /home/manuel/TMR-2025/DroneOpsROS/install/mission_control/share/mission_control/environment/library_path.dsv
[2.628s] -- Installing: /home/manuel/TMR-2025/DroneOpsROS/install/mission_control/lib/libmission_control__rosidl_generator_c.so
[2.628s] -- Set runtime path of "/home/manuel/TMR-2025/DroneOpsROS/install/mission_control/lib/libmission_control__rosidl_generator_c.so" to ""
[2.628s] -- Up-to-date: /home/manuel/TMR-2025/DroneOpsROS/install/mission_control/include/mission_control/mission_control
[2.628s] -- Up-to-date: /home/manuel/TMR-2025/DroneOpsROS/install/mission_control/include/mission_control/mission_control/srv
[2.628s] -- Up-to-date: /home/manuel/TMR-2025/DroneOpsROS/install/mission_control/include/mission_control/mission_control/srv/detail
[2.629s] -- Installing: /home/manuel/TMR-2025/DroneOpsROS/install/mission_control/include/mission_control/mission_control/srv/detail/altitud__rosidl_typesupport_fastrtps_c.h
[2.629s] -- Up-to-date: /home/manuel/TMR-2025/DroneOpsROS/install/mission_control/include/mission_control/mission_control/msg
[2.629s] -- Installing: /home/manuel/TMR-2025/DroneOpsROS/install/mission_control/include/mission_control/mission_control/msg/rosidl_typesupport_fastrtps_c__visibility_control.h
[2.629s] -- Installing: /home/manuel/TMR-2025/DroneOpsROS/install/mission_control/lib/libmission_control__rosidl_typesupport_fastrtps_c.so
[2.629s] -- Set runtime path of "/home/manuel/TMR-2025/DroneOpsROS/install/mission_control/lib/libmission_control__rosidl_typesupport_fastrtps_c.so" to ""
[2.629s] -- Up-to-date: /home/manuel/TMR-2025/DroneOpsROS/install/mission_control/include/mission_control/mission_control
[2.629s] -- Up-to-date: /home/manuel/TMR-2025/DroneOpsROS/install/mission_control/include/mission_control/mission_control/srv
[2.629s] -- Up-to-date: /home/manuel/TMR-2025/DroneOpsROS/install/mission_control/include/mission_control/mission_control/srv/detail
[2.629s] -- Installing: /home/manuel/TMR-2025/DroneOpsROS/install/mission_control/include/mission_control/mission_control/srv/detail/altitud__rosidl_typesupport_introspection_c.h
[2.629s] -- Installing: /home/manuel/TMR-2025/DroneOpsROS/install/mission_control/include/mission_control/mission_control/srv/detail/altitud__type_support.c
[2.629s] -- Up-to-date: /home/manuel/TMR-2025/DroneOpsROS/install/mission_control/include/mission_control/mission_control/msg
[2.630s] -- Installing: /home/manuel/TMR-2025/DroneOpsROS/install/mission_control/include/mission_control/mission_control/msg/rosidl_typesupport_introspection_c__visibility_control.h
[2.630s] -- Installing: /home/manuel/TMR-2025/DroneOpsROS/install/mission_control/lib/libmission_control__rosidl_typesupport_introspection_c.so
[2.630s] -- Set runtime path of "/home/manuel/TMR-2025/DroneOpsROS/install/mission_control/lib/libmission_control__rosidl_typesupport_introspection_c.so" to ""
[2.630s] -- Installing: /home/manuel/TMR-2025/DroneOpsROS/install/mission_control/lib/libmission_control__rosidl_typesupport_c.so
[2.630s] -- Set runtime path of "/home/manuel/TMR-2025/DroneOpsROS/install/mission_control/lib/libmission_control__rosidl_typesupport_c.so" to ""
[2.630s] -- Up-to-date: /home/manuel/TMR-2025/DroneOpsROS/install/mission_control/include/mission_control/mission_control
[2.630s] -- Up-to-date: /home/manuel/TMR-2025/DroneOpsROS/install/mission_control/include/mission_control/mission_control/srv
[2.630s] -- Installing: /home/manuel/TMR-2025/DroneOpsROS/install/mission_control/include/mission_control/mission_control/srv/altitud.hpp
[2.630s] -- Up-to-date: /home/manuel/TMR-2025/DroneOpsROS/install/mission_control/include/mission_control/mission_control/srv/detail
[2.630s] -- Installing: /home/manuel/TMR-2025/DroneOpsROS/install/mission_control/include/mission_control/mission_control/srv/detail/altitud__struct.hpp
[2.630s] -- Installing: /home/manuel/TMR-2025/DroneOpsROS/install/mission_control/include/mission_control/mission_control/srv/detail/altitud__traits.hpp
[2.630s] -- Installing: /home/manuel/TMR-2025/DroneOpsROS/install/mission_control/include/mission_control/mission_control/srv/detail/altitud__type_support.hpp
[2.631s] -- Installing: /home/manuel/TMR-2025/DroneOpsROS/install/mission_control/include/mission_control/mission_control/srv/detail/altitud__builder.hpp
[2.631s] -- Up-to-date: /home/manuel/TMR-2025/DroneOpsROS/install/mission_control/include/mission_control/mission_control/msg
[2.631s] -- Installing: /home/manuel/TMR-2025/DroneOpsROS/install/mission_control/include/mission_control/mission_control/msg/rosidl_generator_cpp__visibility_control.hpp
[2.631s] -- Up-to-date: /home/manuel/TMR-2025/DroneOpsROS/install/mission_control/include/mission_control/mission_control
[2.631s] -- Up-to-date: /home/manuel/TMR-2025/DroneOpsROS/install/mission_control/include/mission_control/mission_control/srv
[2.631s] -- Up-to-date: /home/manuel/TMR-2025/DroneOpsROS/install/mission_control/include/mission_control/mission_control/srv/detail
[2.631s] -- Installing: /home/manuel/TMR-2025/DroneOpsROS/install/mission_control/include/mission_control/mission_control/srv/detail/altitud__rosidl_typesupport_fastrtps_cpp.hpp
[2.631s] -- Installing: /home/manuel/TMR-2025/DroneOpsROS/install/mission_control/include/mission_control/mission_control/srv/detail/dds_fastrtps
[2.631s] -- Up-to-date: /home/manuel/TMR-2025/DroneOpsROS/install/mission_control/include/mission_control/mission_control/msg
[2.631s] -- Installing: /home/manuel/TMR-2025/DroneOpsROS/install/mission_control/include/mission_control/mission_control/msg/rosidl_typesupport_fastrtps_cpp__visibility_control.h
[2.631s] -- Installing: /home/manuel/TMR-2025/DroneOpsROS/install/mission_control/lib/libmission_control__rosidl_typesupport_fastrtps_cpp.so
[2.631s] -- Set runtime path of "/home/manuel/TMR-2025/DroneOpsROS/install/mission_control/lib/libmission_control__rosidl_typesupport_fastrtps_cpp.so" to ""
[2.632s] -- Up-to-date: /home/manuel/TMR-2025/DroneOpsROS/install/mission_control/include/mission_control/mission_control
[2.632s] -- Up-to-date: /home/manuel/TMR-2025/DroneOpsROS/install/mission_control/include/mission_control/mission_control/srv
[2.632s] -- Up-to-date: /home/manuel/TMR-2025/DroneOpsROS/install/mission_control/include/mission_control/mission_control/srv/detail
[2.632s] -- Installing: /home/manuel/TMR-2025/DroneOpsROS/install/mission_control/include/mission_control/mission_control/srv/detail/altitud__type_support.cpp
[2.632s] -- Installing: /home/manuel/TMR-2025/DroneOpsROS/install/mission_control/include/mission_control/mission_control/srv/detail/altitud__rosidl_typesupport_introspection_cpp.hpp
[2.632s] -- Installing: /home/manuel/TMR-2025/DroneOpsROS/install/mission_control/lib/libmission_control__rosidl_typesupport_introspection_cpp.so
[2.632s] -- Set runtime path of "/home/manuel/TMR-2025/DroneOpsROS/install/mission_control/lib/libmission_control__rosidl_typesupport_introspection_cpp.so" to ""
[2.632s] -- Installing: /home/manuel/TMR-2025/DroneOpsROS/install/mission_control/lib/libmission_control__rosidl_typesupport_cpp.so
[2.632s] -- Set runtime path of "/home/manuel/TMR-2025/DroneOpsROS/install/mission_control/lib/libmission_control__rosidl_typesupport_cpp.so" to ""
[2.632s] -- Installing: /home/manuel/TMR-2025/DroneOpsROS/install/mission_control/share/mission_control/environment/pythonpath.sh
[2.632s] -- Installing: /home/manuel/TMR-2025/DroneOpsROS/install/mission_control/share/mission_control/environment/pythonpath.dsv
[2.632s] -- Installing: /home/manuel/TMR-2025/DroneOpsROS/install/mission_control/local/lib/python3.10/dist-packages/mission_control-0.0.0-py3.10.egg-info
[2.633s] -- Installing: /home/manuel/TMR-2025/DroneOpsROS/install/mission_control/local/lib/python3.10/dist-packages/mission_control-0.0.0-py3.10.egg-info/PKG-INFO
[2.633s] -- Installing: /home/manuel/TMR-2025/DroneOpsROS/install/mission_control/local/lib/python3.10/dist-packages/mission_control-0.0.0-py3.10.egg-info/SOURCES.txt
[2.633s] -- Installing: /home/manuel/TMR-2025/DroneOpsROS/install/mission_control/local/lib/python3.10/dist-packages/mission_control-0.0.0-py3.10.egg-info/top_level.txt
[2.633s] -- Installing: /home/manuel/TMR-2025/DroneOpsROS/install/mission_control/local/lib/python3.10/dist-packages/mission_control-0.0.0-py3.10.egg-info/dependency_links.txt
[2.633s] -- Installing: /home/manuel/TMR-2025/DroneOpsROS/install/mission_control/local/lib/python3.10/dist-packages/mission_control
[2.633s] -- Installing: /home/manuel/TMR-2025/DroneOpsROS/install/mission_control/local/lib/python3.10/dist-packages/mission_control/srv
[2.633s] -- Installing: /home/manuel/TMR-2025/DroneOpsROS/install/mission_control/local/lib/python3.10/dist-packages/mission_control/srv/_altitud_s.c
[2.633s] -- Installing: /home/manuel/TMR-2025/DroneOpsROS/install/mission_control/local/lib/python3.10/dist-packages/mission_control/srv/_altitud.py
[2.633s] -- Installing: /home/manuel/TMR-2025/DroneOpsROS/install/mission_control/local/lib/python3.10/dist-packages/mission_control/srv/__init__.py
[2.633s] -- Installing: /home/manuel/TMR-2025/DroneOpsROS/install/mission_control/local/lib/python3.10/dist-packages/mission_control/_mission_control_s.ep.rosidl_typesupport_fastrtps_c.c
[2.633s] -- Installing: /home/manuel/TMR-2025/DroneOpsROS/install/mission_control/local/lib/python3.10/dist-packages/mission_control/_mission_control_s.ep.rosidl_typesupport_c.c
[2.633s] -- Installing: /home/manuel/TMR-2025/DroneOpsROS/install/mission_control/local/lib/python3.10/dist-packages/mission_control/mission_control_s__rosidl_typesupport_introspection_c.cpython-310-x86_64-linux-gnu.so
[2.633s] -- Installing: /home/manuel/TMR-2025/DroneOpsROS/install/mission_control/local/lib/python3.10/dist-packages/mission_control/mission_control_s__rosidl_typesupport_fastrtps_c.cpython-310-x86_64-linux-gnu.so
[2.633s] -- Installing: /home/manuel/TMR-2025/DroneOpsROS/install/mission_control/local/lib/python3.10/dist-packages/mission_control/mission_control_s__rosidl_typesupport_c.cpython-310-x86_64-linux-gnu.so
[2.633s] -- Installing: /home/manuel/TMR-2025/DroneOpsROS/install/mission_control/local/lib/python3.10/dist-packages/mission_control/libmission_control__rosidl_generator_py.so
[2.633s] -- Installing: /home/manuel/TMR-2025/DroneOpsROS/install/mission_control/local/lib/python3.10/dist-packages/mission_control/__init__.py
[2.633s] -- Installing: /home/manuel/TMR-2025/DroneOpsROS/install/mission_control/local/lib/python3.10/dist-packages/mission_control/_mission_control_s.ep.rosidl_typesupport_introspection_c.c
[2.654s] Listing '/home/manuel/TMR-2025/DroneOpsROS/install/mission_control/local/lib/python3.10/dist-packages/mission_control'...
[2.654s] Compiling '/home/manuel/TMR-2025/DroneOpsROS/install/mission_control/local/lib/python3.10/dist-packages/mission_control/__init__.py'...
[2.654s] Listing '/home/manuel/TMR-2025/DroneOpsROS/install/mission_control/local/lib/python3.10/dist-packages/mission_control/srv'...
[2.655s] Compiling '/home/manuel/TMR-2025/DroneOpsROS/install/mission_control/local/lib/python3.10/dist-packages/mission_control/srv/__init__.py'...
[2.655s] Compiling '/home/manuel/TMR-2025/DroneOpsROS/install/mission_control/local/lib/python3.10/dist-packages/mission_control/srv/_altitud.py'...
[2.657s] -- Installing: /home/manuel/TMR-2025/DroneOpsROS/install/mission_control/local/lib/python3.10/dist-packages/mission_control/mission_control_s__rosidl_typesupport_fastrtps_c.cpython-310-x86_64-linux-gnu.so
[2.657s] -- Set runtime path of "/home/manuel/TMR-2025/DroneOpsROS/install/mission_control/local/lib/python3.10/dist-packages/mission_control/mission_control_s__rosidl_typesupport_fastrtps_c.cpython-310-x86_64-linux-gnu.so" to ""
[2.658s] -- Installing: /home/manuel/TMR-2025/DroneOpsROS/install/mission_control/local/lib/python3.10/dist-packages/mission_control/mission_control_s__rosidl_typesupport_introspection_c.cpython-310-x86_64-linux-gnu.so
[2.658s] -- Set runtime path of "/home/manuel/TMR-2025/DroneOpsROS/install/mission_control/local/lib/python3.10/dist-packages/mission_control/mission_control_s__rosidl_typesupport_introspection_c.cpython-310-x86_64-linux-gnu.so" to ""
[2.658s] -- Installing: /home/manuel/TMR-2025/DroneOpsROS/install/mission_control/local/lib/python3.10/dist-packages/mission_control/mission_control_s__rosidl_typesupport_c.cpython-310-x86_64-linux-gnu.so
[2.658s] -- Set runtime path of "/home/manuel/TMR-2025/DroneOpsROS/install/mission_control/local/lib/python3.10/dist-packages/mission_control/mission_control_s__rosidl_typesupport_c.cpython-310-x86_64-linux-gnu.so" to ""
[2.658s] -- Installing: /home/manuel/TMR-2025/DroneOpsROS/install/mission_control/lib/libmission_control__rosidl_generator_py.so
[2.658s] -- Set runtime path of "/home/manuel/TMR-2025/DroneOpsROS/install/mission_control/lib/libmission_control__rosidl_generator_py.so" to ""
[2.658s] -- Installing: /home/manuel/TMR-2025/DroneOpsROS/install/mission_control/share/mission_control/srv/Altitud.idl
[2.658s] -- Installing: /home/manuel/TMR-2025/DroneOpsROS/install/mission_control/share/mission_control/srv/Altitud.srv
[2.658s] -- Installing: /home/manuel/TMR-2025/DroneOpsROS/install/mission_control/share/mission_control/srv/Altitud_Request.msg
[2.658s] -- Installing: /home/manuel/TMR-2025/DroneOpsROS/install/mission_control/share/mission_control/srv/Altitud_Response.msg
[2.658s] -- Installing: /home/manuel/TMR-2025/DroneOpsROS/install/mission_control/lib/mission_control
[2.658s] -- Installing: /home/manuel/TMR-2025/DroneOpsROS/install/mission_control/lib/mission_control/takeoff.py
[2.658s] -- Installing: /home/manuel/TMR-2025/DroneOpsROS/install/mission_control/lib/mission_control/arm_drone.py
[2.658s] -- Installing: /home/manuel/TMR-2025/DroneOpsROS/install/mission_control/lib/mission_control/mission_manager.py
[2.658s] -- Installing: /home/manuel/TMR-2025/DroneOpsROS/install/mission_control/lib/mission_control/__init__.py
[2.658s] -- Installing: /home/manuel/TMR-2025/DroneOpsROS/install/mission_control/share/mission_control/launch
[2.658s] -- Installing: /home/manuel/TMR-2025/DroneOpsROS/install/mission_control/share/mission_control/launch/mavros_launch.py
[2.658s] -- Installing: /home/manuel/TMR-2025/DroneOpsROS/install/mission_control/share/mission_control/launch/full_mission_launch.py
[2.659s] -- Installing: /home/manuel/TMR-2025/DroneOpsROS/install/mission_control/lib/mission_control/takeoff
[2.659s] -- Installing: /home/manuel/TMR-2025/DroneOpsROS/install/mission_control/lib/mission_control/arm_drone
[2.659s] -- Installing: /home/manuel/TMR-2025/DroneOpsROS/install/mission_control/lib/mission_control/mission_manager
[2.659s] -- Installing: /home/manuel/TMR-2025/DroneOpsROS/install/mission_control/share/ament_index/resource_index/package_run_dependencies/mission_control
[2.659s] -- Installing: /home/manuel/TMR-2025/DroneOpsROS/install/mission_control/share/ament_index/resource_index/parent_prefix_path/mission_control
[2.659s] -- Installing: /home/manuel/TMR-2025/DroneOpsROS/install/mission_control/share/mission_control/environment/ament_prefix_path.sh
[2.659s] -- Installing: /home/manuel/TMR-2025/DroneOpsROS/install/mission_control/share/mission_control/environment/ament_prefix_path.dsv
[2.659s] -- Installing: /home/manuel/TMR-2025/DroneOpsROS/install/mission_control/share/mission_control/environment/path.sh
[2.659s] -- Installing: /home/manuel/TMR-2025/DroneOpsROS/install/mission_control/share/mission_control/environment/path.dsv
[2.659s] -- Installing: /home/manuel/TMR-2025/DroneOpsROS/install/mission_control/share/mission_control/local_setup.bash
[2.659s] -- Installing: /home/manuel/TMR-2025/DroneOpsROS/install/mission_control/share/mission_control/local_setup.sh
[2.659s] -- Installing: /home/manuel/TMR-2025/DroneOpsROS/install/mission_control/share/mission_control/local_setup.zsh
[2.659s] -- Installing: /home/manuel/TMR-2025/DroneOpsROS/install/mission_control/share/mission_control/local_setup.dsv
[2.659s] -- Installing: /home/manuel/TMR-2025/DroneOpsROS/install/mission_control/share/mission_control/package.dsv
[2.659s] -- Installing: /home/manuel/TMR-2025/DroneOpsROS/install/mission_control/share/ament_index/resource_index/packages/mission_control
[2.659s] -- Installing: /home/manuel/TMR-2025/DroneOpsROS/install/mission_control/share/mission_control/cmake/export_mission_control__rosidl_generator_cExport.cmake
[2.659s] -- Installing: /home/manuel/TMR-2025/DroneOpsROS/install/mission_control/share/mission_control/cmake/export_mission_control__rosidl_generator_cExport-noconfig.cmake
[2.659s] -- Installing: /home/manuel/TMR-2025/DroneOpsROS/install/mission_control/share/mission_control/cmake/export_mission_control__rosidl_typesupport_fastrtps_cExport.cmake
[2.659s] -- Installing: /home/manuel/TMR-2025/DroneOpsROS/install/mission_control/share/mission_control/cmake/export_mission_control__rosidl_typesupport_fastrtps_cExport-noconfig.cmake
[2.659s] -- Installing: /home/manuel/TMR-2025/DroneOpsROS/install/mission_control/share/mission_control/cmake/mission_control__rosidl_typesupport_introspection_cExport.cmake
[2.659s] -- Installing: /home/manuel/TMR-2025/DroneOpsROS/install/mission_control/share/mission_control/cmake/mission_control__rosidl_typesupport_introspection_cExport-noconfig.cmake
[2.659s] -- Installing: /home/manuel/TMR-2025/DroneOpsROS/install/mission_control/share/mission_control/cmake/mission_control__rosidl_typesupport_cExport.cmake
[2.659s] -- Installing: /home/manuel/TMR-2025/DroneOpsROS/install/mission_control/share/mission_control/cmake/mission_control__rosidl_typesupport_cExport-noconfig.cmake
[2.659s] -- Installing: /home/manuel/TMR-2025/DroneOpsROS/install/mission_control/share/mission_control/cmake/export_mission_control__rosidl_generator_cppExport.cmake
[2.660s] -- Installing: /home/manuel/TMR-2025/DroneOpsROS/install/mission_control/share/mission_control/cmake/export_mission_control__rosidl_typesupport_fastrtps_cppExport.cmake
[2.660s] -- Installing: /home/manuel/TMR-2025/DroneOpsROS/install/mission_control/share/mission_control/cmake/export_mission_control__rosidl_typesupport_fastrtps_cppExport-noconfig.cmake
[2.660s] -- Installing: /home/manuel/TMR-2025/DroneOpsROS/install/mission_control/share/mission_control/cmake/mission_control__rosidl_typesupport_introspection_cppExport.cmake
[2.660s] -- Installing: /home/manuel/TMR-2025/DroneOpsROS/install/mission_control/share/mission_control/cmake/mission_control__rosidl_typesupport_introspection_cppExport-noconfig.cmake
[2.660s] -- Installing: /home/manuel/TMR-2025/DroneOpsROS/install/mission_control/share/mission_control/cmake/mission_control__rosidl_typesupport_cppExport.cmake
[2.660s] -- Installing: /home/manuel/TMR-2025/DroneOpsROS/install/mission_control/share/mission_control/cmake/mission_control__rosidl_typesupport_cppExport-noconfig.cmake
[2.660s] -- Installing: /home/manuel/TMR-2025/DroneOpsROS/install/mission_control/share/mission_control/cmake/export_mission_control__rosidl_generator_pyExport.cmake
[2.660s] -- Installing: /home/manuel/TMR-2025/DroneOpsROS/install/mission_control/share/mission_control/cmake/export_mission_control__rosidl_generator_pyExport-noconfig.cmake
[2.660s] -- Installing: /home/manuel/TMR-2025/DroneOpsROS/install/mission_control/share/mission_control/cmake/rosidl_cmake-extras.cmake
[2.660s] -- Installing: /home/manuel/TMR-2025/DroneOpsROS/install/mission_control/share/mission_control/cmake/ament_cmake_export_include_directories-extras.cmake
[2.660s] -- Installing: /home/manuel/TMR-2025/DroneOpsROS/install/mission_control/share/mission_control/cmake/ament_cmake_export_libraries-extras.cmake
[2.660s] -- Installing: /home/manuel/TMR-2025/DroneOpsROS/install/mission_control/share/mission_control/cmake/ament_cmake_export_targets-extras.cmake
[2.660s] -- Installing: /home/manuel/TMR-2025/DroneOpsROS/install/mission_control/share/mission_control/cmake/rosidl_cmake_export_typesupport_targets-extras.cmake
[2.660s] -- Installing: /home/manuel/TMR-2025/DroneOpsROS/install/mission_control/share/mission_control/cmake/ament_cmake_export_dependencies-extras.cmake
[2.660s] -- Installing: /home/manuel/TMR-2025/DroneOpsROS/install/mission_control/share/mission_control/cmake/rosidl_cmake_export_typesupport_libraries-extras.cmake
[2.660s] -- Installing: /home/manuel/TMR-2025/DroneOpsROS/install/mission_control/share/mission_control/cmake/mission_controlConfig.cmake
[2.660s] -- Installing: /home/manuel/TMR-2025/DroneOpsROS/install/mission_control/share/mission_control/cmake/mission_controlConfig-version.cmake
[2.660s] -- Installing: /home/manuel/TMR-2025/DroneOpsROS/install/mission_control/share/mission_control/package.xml
[2.662s] Invoked command in '/home/manuel/TMR-2025/DroneOpsROS/build/mission_control' returned '0': CMAKE_PREFIX_PATH=${CMAKE_PREFIX_PATH}:/home/manuel/TMR-2025/DroneOpsROS/install/vision_system:/home/manuel/TMR-2025/DroneOpsROS/install/control_system:/home/manuel/ros2_ws/install/ardupilot_dds_tests:/opt/ros/humble /usr/bin/cmake --install /home/manuel/TMR-2025/DroneOpsROS/build/mission_control
