[0.818s] Invoking command in '/root/DroneOpsROS/src/vision_system': PYTHONPATH=/root/DroneOpsROS/build/vision_system/prefix_override:/usr/lib/python3/dist-packages/colcon_core/task/python/colcon_distutils_commands:/root/DroneOpsROS/install/vision_system/lib/python3.10/site-packages:${PYTHONPATH} /usr/bin/python3 -W ignore:setup.py install is deprecated -W ignore:easy_install command is deprecated setup.py egg_info --egg-base ../../build/vision_system build --build-base /root/DroneOpsROS/build/vision_system/build install --record /root/DroneOpsROS/build/vision_system/install.log --install-scripts $base/lib/vision_system --single-version-externally-managed install_data
[0.997s] /usr/lib/python3/dist-packages/setuptools/dist.py:723: UserWarning: Usage of dash-separated 'script-dir' will not be supported in future versions. Please use the underscore name 'script_dir' instead
[0.997s]   warnings.warn(
[1.006s] running egg_info
[1.008s] writing ../../build/vision_system/vision_system.egg-info/PKG-INFO
[1.008s] writing dependency_links to ../../build/vision_system/vision_system.egg-info/dependency_links.txt
[1.008s] writing entry points to ../../build/vision_system/vision_system.egg-info/entry_points.txt
[1.009s] writing requirements to ../../build/vision_system/vision_system.egg-info/requires.txt
[1.009s] writing top-level names to ../../build/vision_system/vision_system.egg-info/top_level.txt
[1.010s] reading manifest file '../../build/vision_system/vision_system.egg-info/SOURCES.txt'
[1.011s] writing manifest file '../../build/vision_system/vision_system.egg-info/SOURCES.txt'
[1.011s] running build
[1.011s] running build_py
[1.011s] running install
[1.012s] running install_lib
[1.013s] running install_data
[1.013s] running install_egg_info
[1.015s] removing '/root/DroneOpsROS/install/vision_system/lib/python3.10/site-packages/vision_system-0.0.0-py3.10.egg-info' (and everything under it)
[1.015s] Copying ../../build/vision_system/vision_system.egg-info to /root/DroneOpsROS/install/vision_system/lib/python3.10/site-packages/vision_system-0.0.0-py3.10.egg-info
[1.016s] running install_scripts
[1.037s] Installing aruco_detector script to /root/DroneOpsROS/install/vision_system/lib/vision_system
[1.037s] Installing camera_node script to /root/DroneOpsROS/install/vision_system/lib/vision_system
[1.037s] writing list of installed files to '/root/DroneOpsROS/build/vision_system/install.log'
[1.074s] Invoked command in '/root/DroneOpsROS/src/vision_system' returned '0': PYTHONPATH=/root/DroneOpsROS/build/vision_system/prefix_override:/usr/lib/python3/dist-packages/colcon_core/task/python/colcon_distutils_commands:/root/DroneOpsROS/install/vision_system/lib/python3.10/site-packages:${PYTHONPATH} /usr/bin/python3 -W ignore:setup.py install is deprecated -W ignore:easy_install command is deprecated setup.py egg_info --egg-base ../../build/vision_system build --build-base /root/DroneOpsROS/build/vision_system/build install --record /root/DroneOpsROS/build/vision_system/install.log --install-scripts $base/lib/vision_system --single-version-externally-managed install_data
