/usr/lib/python3/dist-packages/setuptools/dist.py:723: UserWarning: Usage of dash-separated 'script-dir' will not be supported in future versions. Please use the underscore name 'script_dir' instead
  warnings.warn(
running egg_info
writing ../../build/vision_system/vision_system.egg-info/PKG-INFO
writing dependency_links to ../../build/vision_system/vision_system.egg-info/dependency_links.txt
writing entry points to ../../build/vision_system/vision_system.egg-info/entry_points.txt
writing requirements to ../../build/vision_system/vision_system.egg-info/requires.txt
writing top-level names to ../../build/vision_system/vision_system.egg-info/top_level.txt
reading manifest file '../../build/vision_system/vision_system.egg-info/SOURCES.txt'
writing manifest file '../../build/vision_system/vision_system.egg-info/SOURCES.txt'
running build
running build_py
running install
running install_lib
creating /root/DroneOpsROS/install/vision_system/lib/python3.10/site-packages/vision_system
copying /root/DroneOpsROS/build/vision_system/build/lib/vision_system/__init__.py -> /root/DroneOpsROS/install/vision_system/lib/python3.10/site-packages/vision_system
copying /root/DroneOpsROS/build/vision_system/build/lib/vision_system/camera_node.py -> /root/DroneOpsROS/install/vision_system/lib/python3.10/site-packages/vision_system
copying /root/DroneOpsROS/build/vision_system/build/lib/vision_system/aruco_detector.py -> /root/DroneOpsROS/install/vision_system/lib/python3.10/site-packages/vision_system
byte-compiling /root/DroneOpsROS/install/vision_system/lib/python3.10/site-packages/vision_system/__init__.py to __init__.cpython-310.pyc
byte-compiling /root/DroneOpsROS/install/vision_system/lib/python3.10/site-packages/vision_system/camera_node.py to camera_node.cpython-310.pyc
byte-compiling /root/DroneOpsROS/install/vision_system/lib/python3.10/site-packages/vision_system/aruco_detector.py to aruco_detector.cpython-310.pyc
running install_data
running install_egg_info
Copying ../../build/vision_system/vision_system.egg-info to /root/DroneOpsROS/install/vision_system/lib/python3.10/site-packages/vision_system-0.0.0-py3.10.egg-info
running install_scripts
Installing aruco_detector script to /root/DroneOpsROS/install/vision_system/lib/vision_system
Installing camera_node script to /root/DroneOpsROS/install/vision_system/lib/vision_system
writing list of installed files to '/root/DroneOpsROS/build/vision_system/install.log'
