[0.861s] Invoking command in '/root/DroneOpsROS/src/vision_system': PYTHONPATH=/root/DroneOpsROS/build/vision_system/prefix_override:/usr/lib/python3/dist-packages/colcon_core/task/python/colcon_distutils_commands:/root/DroneOpsROS/install/vision_system/lib/python3.10/site-packages:${PYTHONPATH} /usr/bin/python3 -W ignore:setup.py install is deprecated -W ignore:easy_install command is deprecated setup.py egg_info --egg-base ../../build/vision_system build --build-base /root/DroneOpsROS/build/vision_system/build install --record /root/DroneOpsROS/build/vision_system/install.log --install-scripts $base/lib/vision_system --single-version-externally-managed install_data
[1.030s] /usr/lib/python3/dist-packages/setuptools/dist.py:723: UserWarning: Usage of dash-separated 'script-dir' will not be supported in future versions. Please use the underscore name 'script_dir' instead
[1.030s]   warnings.warn(
[1.038s] running egg_info
[1.039s] writing ../../build/vision_system/vision_system.egg-info/PKG-INFO
[1.040s] writing dependency_links to ../../build/vision_system/vision_system.egg-info/dependency_links.txt
[1.040s] writing entry points to ../../build/vision_system/vision_system.egg-info/entry_points.txt
[1.040s] writing requirements to ../../build/vision_system/vision_system.egg-info/requires.txt
[1.040s] writing top-level names to ../../build/vision_system/vision_system.egg-info/top_level.txt
[1.044s] reading manifest file '../../build/vision_system/vision_system.egg-info/SOURCES.txt'
[1.045s] writing manifest file '../../build/vision_system/vision_system.egg-info/SOURCES.txt'
[1.045s] running build
[1.045s] running build_py
[1.045s] running install
[1.046s] running install_lib
[1.048s] creating /root/DroneOpsROS/install/vision_system/lib/python3.10/site-packages/vision_system
[1.048s] copying /root/DroneOpsROS/build/vision_system/build/lib/vision_system/__init__.py -> /root/DroneOpsROS/install/vision_system/lib/python3.10/site-packages/vision_system
[1.048s] copying /root/DroneOpsROS/build/vision_system/build/lib/vision_system/camera_node.py -> /root/DroneOpsROS/install/vision_system/lib/python3.10/site-packages/vision_system
[1.048s] copying /root/DroneOpsROS/build/vision_system/build/lib/vision_system/aruco_detector.py -> /root/DroneOpsROS/install/vision_system/lib/python3.10/site-packages/vision_system
[1.049s] byte-compiling /root/DroneOpsROS/install/vision_system/lib/python3.10/site-packages/vision_system/__init__.py to __init__.cpython-310.pyc
[1.049s] byte-compiling /root/DroneOpsROS/install/vision_system/lib/python3.10/site-packages/vision_system/camera_node.py to camera_node.cpython-310.pyc
[1.050s] byte-compiling /root/DroneOpsROS/install/vision_system/lib/python3.10/site-packages/vision_system/aruco_detector.py to aruco_detector.cpython-310.pyc
[1.051s] running install_data
[1.052s] running install_egg_info
[1.054s] Copying ../../build/vision_system/vision_system.egg-info to /root/DroneOpsROS/install/vision_system/lib/python3.10/site-packages/vision_system-0.0.0-py3.10.egg-info
[1.055s] running install_scripts
[1.075s] Installing aruco_detector script to /root/DroneOpsROS/install/vision_system/lib/vision_system
[1.076s] Installing camera_node script to /root/DroneOpsROS/install/vision_system/lib/vision_system
[1.076s] writing list of installed files to '/root/DroneOpsROS/build/vision_system/install.log'
[1.133s] Invoked command in '/root/DroneOpsROS/src/vision_system' returned '0': PYTHONPATH=/root/DroneOpsROS/build/vision_system/prefix_override:/usr/lib/python3/dist-packages/colcon_core/task/python/colcon_distutils_commands:/root/DroneOpsROS/install/vision_system/lib/python3.10/site-packages:${PYTHONPATH} /usr/bin/python3 -W ignore:setup.py install is deprecated -W ignore:easy_install command is deprecated setup.py egg_info --egg-base ../../build/vision_system build --build-base /root/DroneOpsROS/build/vision_system/build install --record /root/DroneOpsROS/build/vision_system/install.log --install-scripts $base/lib/vision_system --single-version-externally-managed install_data
