[0.332s] Invoking command in '/root/DroneOpsROS/build/mission_control': CMAKE_PREFIX_PATH=${CMAKE_PREFIX_PATH}:/root/DroneOpsROS/install/vision_system:/root/DroneOpsROS/install/control_system:/opt/ros/humble /usr/bin/cmake --build /root/DroneOpsROS/build/mission_control -- -j8 -l8
[0.412s] [  3%] Built target mission_control__cpp
[0.415s] [ 12%] Built target mission_control__rosidl_generator_c
[0.432s] [ 12%] Built target ament_cmake_python_copy_mission_control
[0.462s] [ 32%] Built target mission_control__rosidl_typesupport_cpp
[0.463s] [ 32%] Built target mission_control__rosidl_typesupport_introspection_cpp
[0.464s] [ 41%] Built target mission_control__rosidl_typesupport_fastrtps_cpp
[0.472s] [ 51%] Built target mission_control__rosidl_typesupport_fastrtps_c
[0.474s] [ 61%] Built target mission_control__rosidl_typesupport_c
[0.479s] [ 70%] Built target mission_control__rosidl_typesupport_introspection_c
[0.512s] [ 70%] Built target mission_control
[0.541s] [ 74%] Built target mission_control__py
[0.572s] [ 80%] Built target mission_control__rosidl_generator_py
[0.618s] [ 87%] Built target mission_control__rosidl_typesupport_fastrtps_c__pyext
[0.621s] [100%] Built target mission_control__rosidl_typesupport_introspection_c__pyext
[0.621s] [100%] Built target mission_control__rosidl_typesupport_c__pyext
[0.726s] running egg_info
[0.727s] writing mission_control.egg-info/PKG-INFO
[0.727s] writing dependency_links to mission_control.egg-info/dependency_links.txt
[0.727s] writing top-level names to mission_control.egg-info/top_level.txt
[0.729s] reading manifest file 'mission_control.egg-info/SOURCES.txt'
[0.730s] writing manifest file 'mission_control.egg-info/SOURCES.txt'
[0.756s] [100%] Built target ament_cmake_python_build_mission_control_egg
[0.768s] Invoked command in '/root/DroneOpsROS/build/mission_control' returned '0': CMAKE_PREFIX_PATH=${CMAKE_PREFIX_PATH}:/root/DroneOpsROS/install/vision_system:/root/DroneOpsROS/install/control_system:/opt/ros/humble /usr/bin/cmake --build /root/DroneOpsROS/build/mission_control -- -j8 -l8
[0.777s] Invoking command in '/root/DroneOpsROS/build/mission_control': CMAKE_PREFIX_PATH=${CMAKE_PREFIX_PATH}:/root/DroneOpsROS/install/vision_system:/root/DroneOpsROS/install/control_system:/opt/ros/humble /usr/bin/cmake --install /root/DroneOpsROS/build/mission_control
[0.787s] -- Install configuration: ""
[0.787s] -- Up-to-date: /root/DroneOpsROS/install/mission_control/share/ament_index/resource_index/rosidl_interfaces/mission_control
[0.787s] -- Up-to-date: /root/DroneOpsROS/install/mission_control/include/mission_control/mission_control
[0.787s] -- Up-to-date: /root/DroneOpsROS/install/mission_control/include/mission_control/mission_control/msg
[0.787s] -- Up-to-date: /root/DroneOpsROS/install/mission_control/include/mission_control/mission_control/msg/rosidl_generator_c__visibility_control.h
[0.787s] -- Up-to-date: /root/DroneOpsROS/install/mission_control/include/mission_control/mission_control/srv
[0.788s] -- Up-to-date: /root/DroneOpsROS/install/mission_control/include/mission_control/mission_control/srv/altitud.h
[0.788s] -- Up-to-date: /root/DroneOpsROS/install/mission_control/include/mission_control/mission_control/srv/detail
[0.788s] -- Up-to-date: /root/DroneOpsROS/install/mission_control/include/mission_control/mission_control/srv/detail/altitud__functions.h
[0.788s] -- Up-to-date: /root/DroneOpsROS/install/mission_control/include/mission_control/mission_control/srv/detail/altitud__struct.h
[0.788s] -- Up-to-date: /root/DroneOpsROS/install/mission_control/include/mission_control/mission_control/srv/detail/altitud__type_support.h
[0.788s] -- Up-to-date: /root/DroneOpsROS/install/mission_control/include/mission_control/mission_control/srv/detail/altitud__functions.c
[0.788s] -- Up-to-date: /root/DroneOpsROS/install/mission_control/share/mission_control/environment/library_path.sh
[0.789s] -- Up-to-date: /root/DroneOpsROS/install/mission_control/share/mission_control/environment/library_path.dsv
[0.789s] -- Up-to-date: /root/DroneOpsROS/install/mission_control/lib/libmission_control__rosidl_generator_c.so
[0.789s] -- Up-to-date: /root/DroneOpsROS/install/mission_control/include/mission_control/mission_control
[0.789s] -- Up-to-date: /root/DroneOpsROS/install/mission_control/include/mission_control/mission_control/msg
[0.789s] -- Up-to-date: /root/DroneOpsROS/install/mission_control/include/mission_control/mission_control/msg/rosidl_typesupport_fastrtps_c__visibility_control.h
[0.789s] -- Up-to-date: /root/DroneOpsROS/install/mission_control/include/mission_control/mission_control/srv
[0.789s] -- Up-to-date: /root/DroneOpsROS/install/mission_control/include/mission_control/mission_control/srv/detail
[0.789s] -- Up-to-date: /root/DroneOpsROS/install/mission_control/include/mission_control/mission_control/srv/detail/altitud__rosidl_typesupport_fastrtps_c.h
[0.790s] -- Up-to-date: /root/DroneOpsROS/install/mission_control/lib/libmission_control__rosidl_typesupport_fastrtps_c.so
[0.790s] -- Up-to-date: /root/DroneOpsROS/install/mission_control/include/mission_control/mission_control
[0.790s] -- Up-to-date: /root/DroneOpsROS/install/mission_control/include/mission_control/mission_control/msg
[0.790s] -- Up-to-date: /root/DroneOpsROS/install/mission_control/include/mission_control/mission_control/msg/rosidl_typesupport_introspection_c__visibility_control.h
[0.790s] -- Up-to-date: /root/DroneOpsROS/install/mission_control/include/mission_control/mission_control/srv
[0.790s] -- Up-to-date: /root/DroneOpsROS/install/mission_control/include/mission_control/mission_control/srv/detail
[0.791s] -- Up-to-date: /root/DroneOpsROS/install/mission_control/include/mission_control/mission_control/srv/detail/altitud__type_support.c
[0.791s] -- Up-to-date: /root/DroneOpsROS/install/mission_control/include/mission_control/mission_control/srv/detail/altitud__rosidl_typesupport_introspection_c.h
[0.791s] -- Up-to-date: /root/DroneOpsROS/install/mission_control/lib/libmission_control__rosidl_typesupport_introspection_c.so
[0.791s] -- Up-to-date: /root/DroneOpsROS/install/mission_control/lib/libmission_control__rosidl_typesupport_c.so
[0.791s] -- Up-to-date: /root/DroneOpsROS/install/mission_control/include/mission_control/mission_control
[0.791s] -- Up-to-date: /root/DroneOpsROS/install/mission_control/include/mission_control/mission_control/msg
[0.791s] -- Up-to-date: /root/DroneOpsROS/install/mission_control/include/mission_control/mission_control/msg/rosidl_generator_cpp__visibility_control.hpp
[0.791s] -- Up-to-date: /root/DroneOpsROS/install/mission_control/include/mission_control/mission_control/srv
[0.792s] -- Up-to-date: /root/DroneOpsROS/install/mission_control/include/mission_control/mission_control/srv/detail
[0.792s] -- Up-to-date: /root/DroneOpsROS/install/mission_control/include/mission_control/mission_control/srv/detail/altitud__builder.hpp
[0.792s] -- Up-to-date: /root/DroneOpsROS/install/mission_control/include/mission_control/mission_control/srv/detail/altitud__traits.hpp
[0.792s] -- Up-to-date: /root/DroneOpsROS/install/mission_control/include/mission_control/mission_control/srv/detail/altitud__struct.hpp
[0.792s] -- Up-to-date: /root/DroneOpsROS/install/mission_control/include/mission_control/mission_control/srv/detail/altitud__type_support.hpp
[0.792s] -- Up-to-date: /root/DroneOpsROS/install/mission_control/include/mission_control/mission_control/srv/altitud.hpp
[0.793s] -- Up-to-date: /root/DroneOpsROS/install/mission_control/include/mission_control/mission_control
[0.793s] -- Up-to-date: /root/DroneOpsROS/install/mission_control/include/mission_control/mission_control/msg
[0.793s] -- Up-to-date: /root/DroneOpsROS/install/mission_control/include/mission_control/mission_control/msg/rosidl_typesupport_fastrtps_cpp__visibility_control.h
[0.793s] -- Up-to-date: /root/DroneOpsROS/install/mission_control/include/mission_control/mission_control/srv
[0.793s] -- Up-to-date: /root/DroneOpsROS/install/mission_control/include/mission_control/mission_control/srv/detail
[0.793s] -- Up-to-date: /root/DroneOpsROS/install/mission_control/include/mission_control/mission_control/srv/detail/altitud__rosidl_typesupport_fastrtps_cpp.hpp
[0.794s] -- Up-to-date: /root/DroneOpsROS/install/mission_control/include/mission_control/mission_control/srv/detail/dds_fastrtps
[0.794s] -- Up-to-date: /root/DroneOpsROS/install/mission_control/lib/libmission_control__rosidl_typesupport_fastrtps_cpp.so
[0.794s] -- Up-to-date: /root/DroneOpsROS/install/mission_control/include/mission_control/mission_control
[0.795s] -- Up-to-date: /root/DroneOpsROS/install/mission_control/include/mission_control/mission_control/srv
[0.795s] -- Up-to-date: /root/DroneOpsROS/install/mission_control/include/mission_control/mission_control/srv/detail
[0.795s] -- Up-to-date: /root/DroneOpsROS/install/mission_control/include/mission_control/mission_control/srv/detail/altitud__type_support.cpp
[0.796s] -- Up-to-date: /root/DroneOpsROS/install/mission_control/include/mission_control/mission_control/srv/detail/altitud__rosidl_typesupport_introspection_cpp.hpp
[0.796s] -- Up-to-date: /root/DroneOpsROS/install/mission_control/lib/libmission_control__rosidl_typesupport_introspection_cpp.so
[0.796s] -- Up-to-date: /root/DroneOpsROS/install/mission_control/lib/libmission_control__rosidl_typesupport_cpp.so
[0.796s] -- Up-to-date: /root/DroneOpsROS/install/mission_control/share/mission_control/environment/pythonpath.sh
[0.797s] -- Up-to-date: /root/DroneOpsROS/install/mission_control/share/mission_control/environment/pythonpath.dsv
[0.797s] -- Up-to-date: /root/DroneOpsROS/install/mission_control/local/lib/python3.10/dist-packages/mission_control-0.0.0-py3.10.egg-info
[0.797s] -- Installing: /root/DroneOpsROS/install/mission_control/local/lib/python3.10/dist-packages/mission_control-0.0.0-py3.10.egg-info/dependency_links.txt
[0.797s] -- Installing: /root/DroneOpsROS/install/mission_control/local/lib/python3.10/dist-packages/mission_control-0.0.0-py3.10.egg-info/PKG-INFO
[0.797s] -- Installing: /root/DroneOpsROS/install/mission_control/local/lib/python3.10/dist-packages/mission_control-0.0.0-py3.10.egg-info/top_level.txt
[0.797s] -- Installing: /root/DroneOpsROS/install/mission_control/local/lib/python3.10/dist-packages/mission_control-0.0.0-py3.10.egg-info/SOURCES.txt
[0.797s] -- Up-to-date: /root/DroneOpsROS/install/mission_control/local/lib/python3.10/dist-packages/mission_control
[0.797s] -- Up-to-date: /root/DroneOpsROS/install/mission_control/local/lib/python3.10/dist-packages/mission_control/__init__.py
[0.798s] -- Up-to-date: /root/DroneOpsROS/install/mission_control/local/lib/python3.10/dist-packages/mission_control/_mission_control_s.ep.rosidl_typesupport_introspection_c.c
[0.798s] -- Up-to-date: /root/DroneOpsROS/install/mission_control/local/lib/python3.10/dist-packages/mission_control/_mission_control_s.ep.rosidl_typesupport_c.c
[0.798s] -- Up-to-date: /root/DroneOpsROS/install/mission_control/local/lib/python3.10/dist-packages/mission_control/_mission_control_s.ep.rosidl_typesupport_fastrtps_c.c
[0.798s] -- Up-to-date: /root/DroneOpsROS/install/mission_control/local/lib/python3.10/dist-packages/mission_control/mission_control_s__rosidl_typesupport_introspection_c.cpython-310-x86_64-linux-gnu.so
[0.798s] -- Up-to-date: /root/DroneOpsROS/install/mission_control/local/lib/python3.10/dist-packages/mission_control/mission_control_s__rosidl_typesupport_c.cpython-310-x86_64-linux-gnu.so
[0.798s] -- Up-to-date: /root/DroneOpsROS/install/mission_control/local/lib/python3.10/dist-packages/mission_control/srv
[0.798s] -- Up-to-date: /root/DroneOpsROS/install/mission_control/local/lib/python3.10/dist-packages/mission_control/srv/__init__.py
[0.798s] -- Up-to-date: /root/DroneOpsROS/install/mission_control/local/lib/python3.10/dist-packages/mission_control/srv/_altitud.py
[0.798s] -- Up-to-date: /root/DroneOpsROS/install/mission_control/local/lib/python3.10/dist-packages/mission_control/srv/_altitud_s.c
[0.798s] -- Up-to-date: /root/DroneOpsROS/install/mission_control/local/lib/python3.10/dist-packages/mission_control/mission_control_s__rosidl_typesupport_fastrtps_c.cpython-310-x86_64-linux-gnu.so
[0.799s] -- Up-to-date: /root/DroneOpsROS/install/mission_control/local/lib/python3.10/dist-packages/mission_control/libmission_control__rosidl_generator_py.so
[0.831s] Listing '/root/DroneOpsROS/install/mission_control/local/lib/python3.10/dist-packages/mission_control'...
[0.831s] Listing '/root/DroneOpsROS/install/mission_control/local/lib/python3.10/dist-packages/mission_control/srv'...
[0.836s] -- Up-to-date: /root/DroneOpsROS/install/mission_control/local/lib/python3.10/dist-packages/mission_control/mission_control_s__rosidl_typesupport_fastrtps_c.cpython-310-x86_64-linux-gnu.so
[0.836s] -- Up-to-date: /root/DroneOpsROS/install/mission_control/local/lib/python3.10/dist-packages/mission_control/mission_control_s__rosidl_typesupport_introspection_c.cpython-310-x86_64-linux-gnu.so
[0.837s] -- Up-to-date: /root/DroneOpsROS/install/mission_control/local/lib/python3.10/dist-packages/mission_control/mission_control_s__rosidl_typesupport_c.cpython-310-x86_64-linux-gnu.so
[0.837s] -- Up-to-date: /root/DroneOpsROS/install/mission_control/lib/libmission_control__rosidl_generator_py.so
[0.838s] -- Up-to-date: /root/DroneOpsROS/install/mission_control/share/mission_control/srv/Altitud.idl
[0.838s] -- Up-to-date: /root/DroneOpsROS/install/mission_control/share/mission_control/srv/Altitud.srv
[0.838s] -- Up-to-date: /root/DroneOpsROS/install/mission_control/share/mission_control/srv/Altitud_Request.msg
[0.838s] -- Up-to-date: /root/DroneOpsROS/install/mission_control/share/mission_control/srv/Altitud_Response.msg
[0.838s] -- Up-to-date: /root/DroneOpsROS/install/mission_control/lib/mission_control
[0.838s] -- Up-to-date: /root/DroneOpsROS/install/mission_control/lib/mission_control/__init__.py
[0.839s] -- Installing: /root/DroneOpsROS/install/mission_control/lib/mission_control/mission_manager.py
[0.839s] -- Up-to-date: /root/DroneOpsROS/install/mission_control/lib/mission_control/takeoff.py
[0.839s] -- Up-to-date: /root/DroneOpsROS/install/mission_control/lib/mission_control/arm_drone.py
[0.839s] -- Up-to-date: /root/DroneOpsROS/install/mission_control/lib/mission_control/takeoff
[0.840s] -- Up-to-date: /root/DroneOpsROS/install/mission_control/lib/mission_control/arm_drone
[0.840s] -- Installing: /root/DroneOpsROS/install/mission_control/lib/mission_control/mission_manager
[0.840s] -- Up-to-date: /root/DroneOpsROS/install/mission_control/share/ament_index/resource_index/package_run_dependencies/mission_control
[0.840s] -- Up-to-date: /root/DroneOpsROS/install/mission_control/share/ament_index/resource_index/parent_prefix_path/mission_control
[0.840s] -- Up-to-date: /root/DroneOpsROS/install/mission_control/share/mission_control/environment/ament_prefix_path.sh
[0.841s] -- Up-to-date: /root/DroneOpsROS/install/mission_control/share/mission_control/environment/ament_prefix_path.dsv
[0.841s] -- Up-to-date: /root/DroneOpsROS/install/mission_control/share/mission_control/environment/path.sh
[0.841s] -- Up-to-date: /root/DroneOpsROS/install/mission_control/share/mission_control/environment/path.dsv
[0.841s] -- Up-to-date: /root/DroneOpsROS/install/mission_control/share/mission_control/local_setup.bash
[0.841s] -- Up-to-date: /root/DroneOpsROS/install/mission_control/share/mission_control/local_setup.sh
[0.841s] -- Up-to-date: /root/DroneOpsROS/install/mission_control/share/mission_control/local_setup.zsh
[0.842s] -- Up-to-date: /root/DroneOpsROS/install/mission_control/share/mission_control/local_setup.dsv
[0.842s] -- Installing: /root/DroneOpsROS/install/mission_control/share/mission_control/package.dsv
[0.842s] -- Up-to-date: /root/DroneOpsROS/install/mission_control/share/ament_index/resource_index/packages/mission_control
[0.842s] -- Up-to-date: /root/DroneOpsROS/install/mission_control/share/mission_control/cmake/export_mission_control__rosidl_generator_cExport.cmake
[0.842s] -- Up-to-date: /root/DroneOpsROS/install/mission_control/share/mission_control/cmake/export_mission_control__rosidl_generator_cExport-noconfig.cmake
[0.842s] -- Up-to-date: /root/DroneOpsROS/install/mission_control/share/mission_control/cmake/export_mission_control__rosidl_typesupport_fastrtps_cExport.cmake
[0.843s] -- Up-to-date: /root/DroneOpsROS/install/mission_control/share/mission_control/cmake/export_mission_control__rosidl_typesupport_fastrtps_cExport-noconfig.cmake
[0.843s] -- Up-to-date: /root/DroneOpsROS/install/mission_control/share/mission_control/cmake/mission_control__rosidl_typesupport_introspection_cExport.cmake
[0.843s] -- Up-to-date: /root/DroneOpsROS/install/mission_control/share/mission_control/cmake/mission_control__rosidl_typesupport_introspection_cExport-noconfig.cmake
[0.843s] -- Up-to-date: /root/DroneOpsROS/install/mission_control/share/mission_control/cmake/mission_control__rosidl_typesupport_cExport.cmake
[0.843s] -- Up-to-date: /root/DroneOpsROS/install/mission_control/share/mission_control/cmake/mission_control__rosidl_typesupport_cExport-noconfig.cmake
[0.843s] -- Up-to-date: /root/DroneOpsROS/install/mission_control/share/mission_control/cmake/export_mission_control__rosidl_generator_cppExport.cmake
[0.844s] -- Up-to-date: /root/DroneOpsROS/install/mission_control/share/mission_control/cmake/export_mission_control__rosidl_typesupport_fastrtps_cppExport.cmake
[0.844s] -- Up-to-date: /root/DroneOpsROS/install/mission_control/share/mission_control/cmake/export_mission_control__rosidl_typesupport_fastrtps_cppExport-noconfig.cmake
[0.844s] -- Up-to-date: /root/DroneOpsROS/install/mission_control/share/mission_control/cmake/mission_control__rosidl_typesupport_introspection_cppExport.cmake
[0.844s] -- Up-to-date: /root/DroneOpsROS/install/mission_control/share/mission_control/cmake/mission_control__rosidl_typesupport_introspection_cppExport-noconfig.cmake
[0.844s] -- Up-to-date: /root/DroneOpsROS/install/mission_control/share/mission_control/cmake/mission_control__rosidl_typesupport_cppExport.cmake
[0.844s] -- Up-to-date: /root/DroneOpsROS/install/mission_control/share/mission_control/cmake/mission_control__rosidl_typesupport_cppExport-noconfig.cmake
[0.845s] -- Up-to-date: /root/DroneOpsROS/install/mission_control/share/mission_control/cmake/export_mission_control__rosidl_generator_pyExport.cmake
[0.845s] -- Up-to-date: /root/DroneOpsROS/install/mission_control/share/mission_control/cmake/export_mission_control__rosidl_generator_pyExport-noconfig.cmake
[0.845s] -- Up-to-date: /root/DroneOpsROS/install/mission_control/share/mission_control/cmake/rosidl_cmake-extras.cmake
[0.845s] -- Up-to-date: /root/DroneOpsROS/install/mission_control/share/mission_control/cmake/ament_cmake_export_include_directories-extras.cmake
[0.845s] -- Up-to-date: /root/DroneOpsROS/install/mission_control/share/mission_control/cmake/ament_cmake_export_libraries-extras.cmake
[0.845s] -- Up-to-date: /root/DroneOpsROS/install/mission_control/share/mission_control/cmake/ament_cmake_export_targets-extras.cmake
[0.845s] -- Up-to-date: /root/DroneOpsROS/install/mission_control/share/mission_control/cmake/rosidl_cmake_export_typesupport_targets-extras.cmake
[0.846s] -- Up-to-date: /root/DroneOpsROS/install/mission_control/share/mission_control/cmake/ament_cmake_export_dependencies-extras.cmake
[0.846s] -- Up-to-date: /root/DroneOpsROS/install/mission_control/share/mission_control/cmake/rosidl_cmake_export_typesupport_libraries-extras.cmake
[0.846s] -- Up-to-date: /root/DroneOpsROS/install/mission_control/share/mission_control/cmake/mission_controlConfig.cmake
[0.846s] -- Up-to-date: /root/DroneOpsROS/install/mission_control/share/mission_control/cmake/mission_controlConfig-version.cmake
[0.846s] -- Up-to-date: /root/DroneOpsROS/install/mission_control/share/mission_control/package.xml
[0.846s] Invoked command in '/root/DroneOpsROS/build/mission_control' returned '0': CMAKE_PREFIX_PATH=${CMAKE_PREFIX_PATH}:/root/DroneOpsROS/install/vision_system:/root/DroneOpsROS/install/control_system:/opt/ros/humble /usr/bin/cmake --install /root/DroneOpsROS/build/mission_control
