[1.327s] Invoking command in '/root/DroneOpsROS/src/mission_control': PYTHONPATH=/root/DroneOpsROS/build/mission_control/prefix_override:/root/DroneOpsROS/install/mission_control/lib/python3.8/site-packages:${PYTHONPATH} /usr/bin/python3 setup.py egg_info --egg-base ../../build/mission_control build --build-base /root/DroneOpsROS/build/mission_control/build install --record /root/DroneOpsROS/build/mission_control/install.log --install-scripts $base/lib/mission_control --single-version-externally-managed
[1.589s] running egg_info
[1.590s] writing ../../build/mission_control/mission_control.egg-info/PKG-INFO
[1.590s] writing dependency_links to ../../build/mission_control/mission_control.egg-info/dependency_links.txt
[1.591s] writing entry points to ../../build/mission_control/mission_control.egg-info/entry_points.txt
[1.591s] writing requirements to ../../build/mission_control/mission_control.egg-info/requires.txt
[1.591s] writing top-level names to ../../build/mission_control/mission_control.egg-info/top_level.txt
[1.647s] reading manifest file '../../build/mission_control/mission_control.egg-info/SOURCES.txt'
[1.648s] writing manifest file '../../build/mission_control/mission_control.egg-info/SOURCES.txt'
[1.648s] running build
[1.648s] running build_py
[1.649s] copying mission_control/mission_manager.py -> /root/DroneOpsROS/build/mission_control/build/lib/mission_control
[1.649s] copying mission_control/arm_drone.py -> /root/DroneOpsROS/build/mission_control/build/lib/mission_control
[1.649s] running install
[1.651s] running install_lib
[1.652s] copying /root/DroneOpsROS/build/mission_control/build/lib/mission_control/mission_manager.py -> /root/DroneOpsROS/install/mission_control/lib/python3.8/site-packages/mission_control
[1.652s] copying /root/DroneOpsROS/build/mission_control/build/lib/mission_control/arm_drone.py -> /root/DroneOpsROS/install/mission_control/lib/python3.8/site-packages/mission_control
[1.653s] byte-compiling /root/DroneOpsROS/install/mission_control/lib/python3.8/site-packages/mission_control/mission_manager.py to mission_manager.cpython-38.pyc
[1.655s] byte-compiling /root/DroneOpsROS/install/mission_control/lib/python3.8/site-packages/mission_control/arm_drone.py to arm_drone.cpython-38.pyc
[1.656s] running install_data
[1.657s] running install_egg_info
[1.660s] removing '/root/DroneOpsROS/install/mission_control/lib/python3.8/site-packages/mission_control-0.0.0-py3.8.egg-info' (and everything under it)
[1.660s] Copying ../../build/mission_control/mission_control.egg-info to /root/DroneOpsROS/install/mission_control/lib/python3.8/site-packages/mission_control-0.0.0-py3.8.egg-info
[1.661s] running install_scripts
[1.692s] Installing arm_drone script to /root/DroneOpsROS/install/mission_control/lib/mission_control
[1.692s] writing list of installed files to '/root/DroneOpsROS/build/mission_control/install.log'
[1.731s] Invoked command in '/root/DroneOpsROS/src/mission_control' returned '0': PYTHONPATH=/root/DroneOpsROS/build/mission_control/prefix_override:/root/DroneOpsROS/install/mission_control/lib/python3.8/site-packages:${PYTHONPATH} /usr/bin/python3 setup.py egg_info --egg-base ../../build/mission_control build --build-base /root/DroneOpsROS/build/mission_control/build install --record /root/DroneOpsROS/build/mission_control/install.log --install-scripts $base/lib/mission_control --single-version-externally-managed
