[0.844s] Invoking command in '/root/DroneOpsROS/src/vision_system': PYTHONPATH=/root/DroneOpsROS/build/vision_system/prefix_override:/root/DroneOpsROS/install/vision_system/lib/python3.8/site-packages:${PYTHONPATH} /usr/bin/python3 setup.py egg_info --egg-base ../../build/vision_system build --build-base /root/DroneOpsROS/build/vision_system/build install --record /root/DroneOpsROS/build/vision_system/install.log --install-scripts $base/lib/vision_system --single-version-externally-managed
[1.011s] running egg_info
[1.012s] creating ../../build/vision_system/vision_system.egg-info
[1.012s] writing ../../build/vision_system/vision_system.egg-info/PKG-INFO
[1.012s] writing dependency_links to ../../build/vision_system/vision_system.egg-info/dependency_links.txt
[1.013s] writing entry points to ../../build/vision_system/vision_system.egg-info/entry_points.txt
[1.013s] writing requirements to ../../build/vision_system/vision_system.egg-info/requires.txt
[1.013s] writing top-level names to ../../build/vision_system/vision_system.egg-info/top_level.txt
[1.014s] writing manifest file '../../build/vision_system/vision_system.egg-info/SOURCES.txt'
[1.048s] reading manifest file '../../build/vision_system/vision_system.egg-info/SOURCES.txt'
[1.048s] writing manifest file '../../build/vision_system/vision_system.egg-info/SOURCES.txt'
[1.048s] running build
[1.049s] running build_py
[1.049s] creating /root/DroneOpsROS/build/vision_system/build
[1.049s] creating /root/DroneOpsROS/build/vision_system/build/lib
[1.049s] creating /root/DroneOpsROS/build/vision_system/build/lib/vision_system
[1.049s] copying vision_system/__init__.py -> /root/DroneOpsROS/build/vision_system/build/lib/vision_system
[1.050s] copying vision_system/camera_node.py -> /root/DroneOpsROS/build/vision_system/build/lib/vision_system
[1.050s] copying vision_system/aruco_detector.py -> /root/DroneOpsROS/build/vision_system/build/lib/vision_system
[1.050s] running install
[1.051s] running install_lib
[1.051s] creating /root/DroneOpsROS/install/vision_system/lib/python3.8/site-packages/vision_system
[1.051s] copying /root/DroneOpsROS/build/vision_system/build/lib/vision_system/__init__.py -> /root/DroneOpsROS/install/vision_system/lib/python3.8/site-packages/vision_system
[1.051s] copying /root/DroneOpsROS/build/vision_system/build/lib/vision_system/camera_node.py -> /root/DroneOpsROS/install/vision_system/lib/python3.8/site-packages/vision_system
[1.052s] copying /root/DroneOpsROS/build/vision_system/build/lib/vision_system/aruco_detector.py -> /root/DroneOpsROS/install/vision_system/lib/python3.8/site-packages/vision_system
[1.052s] byte-compiling /root/DroneOpsROS/install/vision_system/lib/python3.8/site-packages/vision_system/__init__.py to __init__.cpython-38.pyc
[1.053s] byte-compiling /root/DroneOpsROS/install/vision_system/lib/python3.8/site-packages/vision_system/camera_node.py to camera_node.cpython-38.pyc
[1.054s] byte-compiling /root/DroneOpsROS/install/vision_system/lib/python3.8/site-packages/vision_system/aruco_detector.py to aruco_detector.cpython-38.pyc
[1.055s] running install_data
[1.055s] creating /root/DroneOpsROS/install/vision_system/share/ament_index
[1.056s] creating /root/DroneOpsROS/install/vision_system/share/ament_index/resource_index
[1.056s] creating /root/DroneOpsROS/install/vision_system/share/ament_index/resource_index/packages
[1.056s] copying resource/vision_system -> /root/DroneOpsROS/install/vision_system/share/ament_index/resource_index/packages
[1.056s] copying package.xml -> /root/DroneOpsROS/install/vision_system/share/vision_system
[1.056s] running install_egg_info
[1.057s] Copying ../../build/vision_system/vision_system.egg-info to /root/DroneOpsROS/install/vision_system/lib/python3.8/site-packages/vision_system-0.0.0-py3.8.egg-info
[1.058s] running install_scripts
[1.080s] Installing aruco_detector script to /root/DroneOpsROS/install/vision_system/lib/vision_system
[1.080s] Installing camera_node script to /root/DroneOpsROS/install/vision_system/lib/vision_system
[1.081s] writing list of installed files to '/root/DroneOpsROS/build/vision_system/install.log'
[1.125s] Invoked command in '/root/DroneOpsROS/src/vision_system' returned '0': PYTHONPATH=/root/DroneOpsROS/build/vision_system/prefix_override:/root/DroneOpsROS/install/vision_system/lib/python3.8/site-packages:${PYTHONPATH} /usr/bin/python3 setup.py egg_info --egg-base ../../build/vision_system build --build-base /root/DroneOpsROS/build/vision_system/build install --record /root/DroneOpsROS/build/vision_system/install.log --install-scripts $base/lib/vision_system --single-version-externally-managed
