running egg_info
writing ../../build/vision_system/vision_system.egg-info/PKG-INFO
writing dependency_links to ../../build/vision_system/vision_system.egg-info/dependency_links.txt
writing entry points to ../../build/vision_system/vision_system.egg-info/entry_points.txt
writing requirements to ../../build/vision_system/vision_system.egg-info/requires.txt
writing top-level names to ../../build/vision_system/vision_system.egg-info/top_level.txt
reading manifest file '../../build/vision_system/vision_system.egg-info/SOURCES.txt'
writing manifest file '../../build/vision_system/vision_system.egg-info/SOURCES.txt'
running build
running build_py
running install
running install_lib
running install_data
running install_egg_info
removing '/root/DroneOpsROS/install/vision_system/lib/python3.8/site-packages/vision_system-0.0.0-py3.8.egg-info' (and everything under it)
Copying ../../build/vision_system/vision_system.egg-info to /root/DroneOpsROS/install/vision_system/lib/python3.8/site-packages/vision_system-0.0.0-py3.8.egg-info
running install_scripts
Installing aruco_detector script to /root/DroneOpsROS/install/vision_system/lib/vision_system
Installing camera_node script to /root/DroneOpsROS/install/vision_system/lib/vision_system
writing list of installed files to '/root/DroneOpsROS/build/vision_system/install.log'
