[0.861s] Invoking command in '/root/DroneOpsROS/src/mission_control': PYTHONPATH=/root/DroneOpsROS/build/mission_control/prefix_override:/usr/lib/python3/dist-packages/colcon_core/task/python/colcon_distutils_commands:/root/DroneOpsROS/install/mission_control/lib/python3.10/site-packages:${PYTHONPATH} /usr/bin/python3 -W ignore:setup.py install is deprecated -W ignore:easy_install command is deprecated setup.py egg_info --egg-base ../../build/mission_control build --build-base /root/DroneOpsROS/build/mission_control/build install --record /root/DroneOpsROS/build/mission_control/install.log --install-scripts $base/lib/mission_control --single-version-externally-managed install_data
[1.035s] /usr/lib/python3/dist-packages/setuptools/dist.py:723: UserWarning: Usage of dash-separated 'script-dir' will not be supported in future versions. Please use the underscore name 'script_dir' instead
[1.035s]   warnings.warn(
[1.044s] running egg_info
[1.045s] writing ../../build/mission_control/mission_control.egg-info/PKG-INFO
[1.046s] writing dependency_links to ../../build/mission_control/mission_control.egg-info/dependency_links.txt
[1.046s] writing entry points to ../../build/mission_control/mission_control.egg-info/entry_points.txt
[1.046s] writing requirements to ../../build/mission_control/mission_control.egg-info/requires.txt
[1.047s] writing top-level names to ../../build/mission_control/mission_control.egg-info/top_level.txt
[1.049s] reading manifest file '../../build/mission_control/mission_control.egg-info/SOURCES.txt'
[1.051s] writing manifest file '../../build/mission_control/mission_control.egg-info/SOURCES.txt'
[1.051s] running build
[1.051s] running build_py
[1.051s] running install
[1.052s] running install_lib
[1.052s] creating /root/DroneOpsROS/install/mission_control/lib/python3.10/site-packages/mission_control
[1.053s] copying /root/DroneOpsROS/build/mission_control/build/lib/mission_control/__init__.py -> /root/DroneOpsROS/install/mission_control/lib/python3.10/site-packages/mission_control
[1.053s] copying /root/DroneOpsROS/build/mission_control/build/lib/mission_control/mission_manager.py -> /root/DroneOpsROS/install/mission_control/lib/python3.10/site-packages/mission_control
[1.053s] copying /root/DroneOpsROS/build/mission_control/build/lib/mission_control/takeoff.py -> /root/DroneOpsROS/install/mission_control/lib/python3.10/site-packages/mission_control
[1.053s] copying /root/DroneOpsROS/build/mission_control/build/lib/mission_control/arm_drone.py -> /root/DroneOpsROS/install/mission_control/lib/python3.10/site-packages/mission_control
[1.054s] byte-compiling /root/DroneOpsROS/install/mission_control/lib/python3.10/site-packages/mission_control/__init__.py to __init__.cpython-310.pyc
[1.054s] byte-compiling /root/DroneOpsROS/install/mission_control/lib/python3.10/site-packages/mission_control/mission_manager.py to mission_manager.cpython-310.pyc
[1.055s] byte-compiling /root/DroneOpsROS/install/mission_control/lib/python3.10/site-packages/mission_control/takeoff.py to takeoff.cpython-310.pyc
[1.056s] byte-compiling /root/DroneOpsROS/install/mission_control/lib/python3.10/site-packages/mission_control/arm_drone.py to arm_drone.cpython-310.pyc
[1.057s] running install_data
[1.057s] running install_egg_info
[1.059s] Copying ../../build/mission_control/mission_control.egg-info to /root/DroneOpsROS/install/mission_control/lib/python3.10/site-packages/mission_control-0.0.0-py3.10.egg-info
[1.060s] running install_scripts
[1.080s] Installing arm_drone script to /root/DroneOpsROS/install/mission_control/lib/mission_control
[1.081s] Installing mission_manager script to /root/DroneOpsROS/install/mission_control/lib/mission_control
[1.081s] Installing takeoff script to /root/DroneOpsROS/install/mission_control/lib/mission_control
[1.081s] writing list of installed files to '/root/DroneOpsROS/build/mission_control/install.log'
[1.124s] Invoked command in '/root/DroneOpsROS/src/mission_control' returned '0': PYTHONPATH=/root/DroneOpsROS/build/mission_control/prefix_override:/usr/lib/python3/dist-packages/colcon_core/task/python/colcon_distutils_commands:/root/DroneOpsROS/install/mission_control/lib/python3.10/site-packages:${PYTHONPATH} /usr/bin/python3 -W ignore:setup.py install is deprecated -W ignore:easy_install command is deprecated setup.py egg_info --egg-base ../../build/mission_control build --build-base /root/DroneOpsROS/build/mission_control/build install --record /root/DroneOpsROS/build/mission_control/install.log --install-scripts $base/lib/mission_control --single-version-externally-managed install_data
