[0.055s] DEBUG:colcon:Command line arguments: ['/usr/bin/colcon', 'build']
[0.056s] DEBUG:colcon:Parsed command line arguments: Namespace(log_base=None, log_level=None, verb_name='build', build_base='build', install_base='install', merge_install=False, symlink_install=False, test_result_base=None, continue_on_error=False, executor='parallel', parallel_workers=12, event_handlers=None, ignore_user_meta=False, metas=['./colcon.meta'], base_paths=['.'], packages_ignore=None, packages_ignore_regex=None, paths=None, packages_up_to=None, packages_up_to_regex=None, packages_above=None, packages_above_and_dependencies=None, packages_above_depth=None, packages_select_by_dep=None, packages_skip_by_dep=None, packages_skip_up_to=None, packages_select_build_failed=False, packages_skip_build_finished=False, packages_select_test_failures=False, packages_skip_test_passed=False, packages_select=None, packages_skip=None, packages_select_regex=None, packages_skip_regex=None, packages_start=None, packages_end=None, allow_overriding=[], cmake_args=None, cmake_target=None, cmake_target_skip_unavailable=False, cmake_clean_cache=False, cmake_clean_first=False, cmake_force_configure=False, ament_cmake_args=None, catkin_cmake_args=None, catkin_skip_building_tests=False, verb_parser=<colcon_defaults.argument_parser.defaults.DefaultArgumentsDecorator object at 0x7d3977959e40>, verb_extension=<colcon_core.verb.build.BuildVerb object at 0x7d3977958d90>, main=<bound method BuildVerb.main of <colcon_core.verb.build.BuildVerb object at 0x7d3977958d90>>)
[0.078s] Level 1:colcon.colcon_core.package_discovery:discover_packages(colcon_meta) check parameters
[0.078s] Level 1:colcon.colcon_core.package_discovery:discover_packages(recursive) check parameters
[0.078s] Level 1:colcon.colcon_core.package_discovery:discover_packages(ignore) check parameters
[0.078s] Level 1:colcon.colcon_core.package_discovery:discover_packages(path) check parameters
[0.078s] Level 1:colcon.colcon_core.package_discovery:discover_packages(colcon_meta) discover
[0.078s] Level 1:colcon.colcon_core.package_discovery:discover_packages(recursive) discover
[0.078s] INFO:colcon.colcon_core.package_discovery:Crawling recursively for packages in '/home/manuel/drone_ws'
[0.079s] Level 1:colcon.colcon_core.package_identification:_identify(.) by extensions ['ignore', 'ignore_ament_install']
[0.079s] Level 1:colcon.colcon_core.package_identification:_identify(.) by extension 'ignore'
[0.079s] Level 1:colcon.colcon_core.package_identification:_identify(.) by extension 'ignore_ament_install'
[0.079s] Level 1:colcon.colcon_core.package_identification:_identify(.) by extensions ['colcon_pkg']
[0.079s] Level 1:colcon.colcon_core.package_identification:_identify(.) by extension 'colcon_pkg'
[0.079s] Level 1:colcon.colcon_core.package_identification:_identify(.) by extensions ['colcon_meta']
[0.079s] Level 1:colcon.colcon_core.package_identification:_identify(.) by extension 'colcon_meta'
[0.079s] Level 1:colcon.colcon_core.package_identification:_identify(.) by extensions ['ros']
[0.079s] Level 1:colcon.colcon_core.package_identification:_identify(.) by extension 'ros'
[0.088s] Level 1:colcon.colcon_core.package_identification:_identify(.) by extensions ['cmake', 'python']
[0.088s] Level 1:colcon.colcon_core.package_identification:_identify(.) by extension 'cmake'
[0.088s] Level 1:colcon.colcon_core.package_identification:_identify(.) by extension 'python'
[0.088s] Level 1:colcon.colcon_core.package_identification:_identify(.) by extensions ['python_setup_py']
[0.088s] Level 1:colcon.colcon_core.package_identification:_identify(.) by extension 'python_setup_py'
[0.088s] Level 1:colcon.colcon_core.package_identification:_identify(build) by extensions ['ignore', 'ignore_ament_install']
[0.088s] Level 1:colcon.colcon_core.package_identification:_identify(build) by extension 'ignore'
[0.088s] Level 1:colcon.colcon_core.package_identification:_identify(build) ignored
[0.088s] Level 1:colcon.colcon_core.package_identification:_identify(install) by extensions ['ignore', 'ignore_ament_install']
[0.088s] Level 1:colcon.colcon_core.package_identification:_identify(install) by extension 'ignore'
[0.088s] Level 1:colcon.colcon_core.package_identification:_identify(install) ignored
[0.088s] Level 1:colcon.colcon_core.package_identification:_identify(log) by extensions ['ignore', 'ignore_ament_install']
[0.088s] Level 1:colcon.colcon_core.package_identification:_identify(log) by extension 'ignore'
[0.088s] Level 1:colcon.colcon_core.package_identification:_identify(log) ignored
[0.088s] Level 1:colcon.colcon_core.package_identification:_identify(src) by extensions ['ignore', 'ignore_ament_install']
[0.088s] Level 1:colcon.colcon_core.package_identification:_identify(src) by extension 'ignore'
[0.089s] Level 1:colcon.colcon_core.package_identification:_identify(src) by extension 'ignore_ament_install'
[0.089s] Level 1:colcon.colcon_core.package_identification:_identify(src) by extensions ['colcon_pkg']
[0.089s] Level 1:colcon.colcon_core.package_identification:_identify(src) by extension 'colcon_pkg'
[0.089s] Level 1:colcon.colcon_core.package_identification:_identify(src) by extensions ['colcon_meta']
[0.089s] Level 1:colcon.colcon_core.package_identification:_identify(src) by extension 'colcon_meta'
[0.089s] Level 1:colcon.colcon_core.package_identification:_identify(src) by extensions ['ros']
[0.089s] Level 1:colcon.colcon_core.package_identification:_identify(src) by extension 'ros'
[0.089s] Level 1:colcon.colcon_core.package_identification:_identify(src) by extensions ['cmake', 'python']
[0.089s] Level 1:colcon.colcon_core.package_identification:_identify(src) by extension 'cmake'
[0.089s] Level 1:colcon.colcon_core.package_identification:_identify(src) by extension 'python'
[0.089s] Level 1:colcon.colcon_core.package_identification:_identify(src) by extensions ['python_setup_py']
[0.089s] Level 1:colcon.colcon_core.package_identification:_identify(src) by extension 'python_setup_py'
[0.089s] Level 1:colcon.colcon_core.package_identification:_identify(src/aruco_drone_control) by extensions ['ignore', 'ignore_ament_install']
[0.089s] Level 1:colcon.colcon_core.package_identification:_identify(src/aruco_drone_control) by extension 'ignore'
[0.089s] Level 1:colcon.colcon_core.package_identification:_identify(src/aruco_drone_control) by extension 'ignore_ament_install'
[0.089s] Level 1:colcon.colcon_core.package_identification:_identify(src/aruco_drone_control) by extensions ['colcon_pkg']
[0.089s] Level 1:colcon.colcon_core.package_identification:_identify(src/aruco_drone_control) by extension 'colcon_pkg'
[0.089s] Level 1:colcon.colcon_core.package_identification:_identify(src/aruco_drone_control) by extensions ['colcon_meta']
[0.089s] Level 1:colcon.colcon_core.package_identification:_identify(src/aruco_drone_control) by extension 'colcon_meta'
[0.089s] Level 1:colcon.colcon_core.package_identification:_identify(src/aruco_drone_control) by extensions ['ros']
[0.089s] Level 1:colcon.colcon_core.package_identification:_identify(src/aruco_drone_control) by extension 'ros'
[0.090s] DEBUG:colcon.colcon_core.package_identification:Package 'src/aruco_drone_control' with type 'ros.ament_python' and name 'aruco_drone_control'
[0.091s] Level 1:colcon.colcon_core.package_identification:_identify(src/my_aruco_detector) by extensions ['ignore', 'ignore_ament_install']
[0.091s] Level 1:colcon.colcon_core.package_identification:_identify(src/my_aruco_detector) by extension 'ignore'
[0.091s] Level 1:colcon.colcon_core.package_identification:_identify(src/my_aruco_detector) by extension 'ignore_ament_install'
[0.091s] Level 1:colcon.colcon_core.package_identification:_identify(src/my_aruco_detector) by extensions ['colcon_pkg']
[0.091s] Level 1:colcon.colcon_core.package_identification:_identify(src/my_aruco_detector) by extension 'colcon_pkg'
[0.091s] Level 1:colcon.colcon_core.package_identification:_identify(src/my_aruco_detector) by extensions ['colcon_meta']
[0.091s] Level 1:colcon.colcon_core.package_identification:_identify(src/my_aruco_detector) by extension 'colcon_meta'
[0.091s] Level 1:colcon.colcon_core.package_identification:_identify(src/my_aruco_detector) by extensions ['ros']
[0.091s] Level 1:colcon.colcon_core.package_identification:_identify(src/my_aruco_detector) by extension 'ros'
[0.091s] DEBUG:colcon.colcon_core.package_identification:Package 'src/my_aruco_detector' with type 'ros.ament_python' and name 'my_aruco_detector'
[0.091s] Level 1:colcon.colcon_core.package_identification:_identify(src/my_image_processor) by extensions ['ignore', 'ignore_ament_install']
[0.091s] Level 1:colcon.colcon_core.package_identification:_identify(src/my_image_processor) by extension 'ignore'
[0.091s] Level 1:colcon.colcon_core.package_identification:_identify(src/my_image_processor) by extension 'ignore_ament_install'
[0.091s] Level 1:colcon.colcon_core.package_identification:_identify(src/my_image_processor) by extensions ['colcon_pkg']
[0.091s] Level 1:colcon.colcon_core.package_identification:_identify(src/my_image_processor) by extension 'colcon_pkg'
[0.091s] Level 1:colcon.colcon_core.package_identification:_identify(src/my_image_processor) by extensions ['colcon_meta']
[0.092s] Level 1:colcon.colcon_core.package_identification:_identify(src/my_image_processor) by extension 'colcon_meta'
[0.092s] Level 1:colcon.colcon_core.package_identification:_identify(src/my_image_processor) by extensions ['ros']
[0.092s] Level 1:colcon.colcon_core.package_identification:_identify(src/my_image_processor) by extension 'ros'
[0.092s] DEBUG:colcon.colcon_core.package_identification:Package 'src/my_image_processor' with type 'ros.ament_python' and name 'my_image_processor'
[0.092s] Level 1:colcon.colcon_core.package_discovery:discover_packages(recursive) using defaults
[0.092s] Level 1:colcon.colcon_core.package_discovery:discover_packages(ignore) discover
[0.092s] Level 1:colcon.colcon_core.package_discovery:discover_packages(ignore) using defaults
[0.092s] Level 1:colcon.colcon_core.package_discovery:discover_packages(path) discover
[0.092s] Level 1:colcon.colcon_core.package_discovery:discover_packages(path) using defaults
[0.105s] Level 1:colcon.colcon_core.package_discovery:discover_packages(prefix_path) check parameters
[0.105s] Level 1:colcon.colcon_core.package_discovery:discover_packages(prefix_path) discover
[0.106s] DEBUG:colcon.colcon_installed_package_information.package_discovery:Found 15 installed packages in /home/manuel/ros2_ws/install
[0.107s] DEBUG:colcon.colcon_installed_package_information.package_discovery:Found 298 installed packages in /opt/ros/humble
[0.108s] Level 1:colcon.colcon_core.package_discovery:discover_packages(prefix_path) using defaults
[0.129s] Level 5:colcon.colcon_core.verb:set package 'aruco_drone_control' build argument 'cmake_args' from command line to 'None'
[0.129s] Level 5:colcon.colcon_core.verb:set package 'aruco_drone_control' build argument 'cmake_target' from command line to 'None'
[0.129s] Level 5:colcon.colcon_core.verb:set package 'aruco_drone_control' build argument 'cmake_target_skip_unavailable' from command line to 'False'
[0.129s] Level 5:colcon.colcon_core.verb:set package 'aruco_drone_control' build argument 'cmake_clean_cache' from command line to 'False'
[0.129s] Level 5:colcon.colcon_core.verb:set package 'aruco_drone_control' build argument 'cmake_clean_first' from command line to 'False'
[0.129s] Level 5:colcon.colcon_core.verb:set package 'aruco_drone_control' build argument 'cmake_force_configure' from command line to 'False'
[0.129s] Level 5:colcon.colcon_core.verb:set package 'aruco_drone_control' build argument 'ament_cmake_args' from command line to 'None'
[0.129s] Level 5:colcon.colcon_core.verb:set package 'aruco_drone_control' build argument 'catkin_cmake_args' from command line to 'None'
[0.129s] Level 5:colcon.colcon_core.verb:set package 'aruco_drone_control' build argument 'catkin_skip_building_tests' from command line to 'False'
[0.129s] DEBUG:colcon.colcon_core.verb:Building package 'aruco_drone_control' with the following arguments: {'ament_cmake_args': None, 'build_base': '/home/manuel/drone_ws/build/aruco_drone_control', 'catkin_cmake_args': None, 'catkin_skip_building_tests': False, 'cmake_args': None, 'cmake_clean_cache': False, 'cmake_clean_first': False, 'cmake_force_configure': False, 'cmake_target': None, 'cmake_target_skip_unavailable': False, 'install_base': '/home/manuel/drone_ws/install/aruco_drone_control', 'merge_install': False, 'path': '/home/manuel/drone_ws/src/aruco_drone_control', 'symlink_install': False, 'test_result_base': None}
[0.130s] Level 5:colcon.colcon_core.verb:set package 'my_aruco_detector' build argument 'cmake_args' from command line to 'None'
[0.130s] Level 5:colcon.colcon_core.verb:set package 'my_aruco_detector' build argument 'cmake_target' from command line to 'None'
[0.130s] Level 5:colcon.colcon_core.verb:set package 'my_aruco_detector' build argument 'cmake_target_skip_unavailable' from command line to 'False'
[0.130s] Level 5:colcon.colcon_core.verb:set package 'my_aruco_detector' build argument 'cmake_clean_cache' from command line to 'False'
[0.130s] Level 5:colcon.colcon_core.verb:set package 'my_aruco_detector' build argument 'cmake_clean_first' from command line to 'False'
[0.130s] Level 5:colcon.colcon_core.verb:set package 'my_aruco_detector' build argument 'cmake_force_configure' from command line to 'False'
[0.130s] Level 5:colcon.colcon_core.verb:set package 'my_aruco_detector' build argument 'ament_cmake_args' from command line to 'None'
[0.130s] Level 5:colcon.colcon_core.verb:set package 'my_aruco_detector' build argument 'catkin_cmake_args' from command line to 'None'
[0.130s] Level 5:colcon.colcon_core.verb:set package 'my_aruco_detector' build argument 'catkin_skip_building_tests' from command line to 'False'
[0.130s] DEBUG:colcon.colcon_core.verb:Building package 'my_aruco_detector' with the following arguments: {'ament_cmake_args': None, 'build_base': '/home/manuel/drone_ws/build/my_aruco_detector', 'catkin_cmake_args': None, 'catkin_skip_building_tests': False, 'cmake_args': None, 'cmake_clean_cache': False, 'cmake_clean_first': False, 'cmake_force_configure': False, 'cmake_target': None, 'cmake_target_skip_unavailable': False, 'install_base': '/home/manuel/drone_ws/install/my_aruco_detector', 'merge_install': False, 'path': '/home/manuel/drone_ws/src/my_aruco_detector', 'symlink_install': False, 'test_result_base': None}
[0.130s] Level 5:colcon.colcon_core.verb:set package 'my_image_processor' build argument 'cmake_args' from command line to 'None'
[0.130s] Level 5:colcon.colcon_core.verb:set package 'my_image_processor' build argument 'cmake_target' from command line to 'None'
[0.130s] Level 5:colcon.colcon_core.verb:set package 'my_image_processor' build argument 'cmake_target_skip_unavailable' from command line to 'False'
[0.130s] Level 5:colcon.colcon_core.verb:set package 'my_image_processor' build argument 'cmake_clean_cache' from command line to 'False'
[0.130s] Level 5:colcon.colcon_core.verb:set package 'my_image_processor' build argument 'cmake_clean_first' from command line to 'False'
[0.130s] Level 5:colcon.colcon_core.verb:set package 'my_image_processor' build argument 'cmake_force_configure' from command line to 'False'
[0.130s] Level 5:colcon.colcon_core.verb:set package 'my_image_processor' build argument 'ament_cmake_args' from command line to 'None'
[0.130s] Level 5:colcon.colcon_core.verb:set package 'my_image_processor' build argument 'catkin_cmake_args' from command line to 'None'
[0.130s] Level 5:colcon.colcon_core.verb:set package 'my_image_processor' build argument 'catkin_skip_building_tests' from command line to 'False'
[0.130s] DEBUG:colcon.colcon_core.verb:Building package 'my_image_processor' with the following arguments: {'ament_cmake_args': None, 'build_base': '/home/manuel/drone_ws/build/my_image_processor', 'catkin_cmake_args': None, 'catkin_skip_building_tests': False, 'cmake_args': None, 'cmake_clean_cache': False, 'cmake_clean_first': False, 'cmake_force_configure': False, 'cmake_target': None, 'cmake_target_skip_unavailable': False, 'install_base': '/home/manuel/drone_ws/install/my_image_processor', 'merge_install': False, 'path': '/home/manuel/drone_ws/src/my_image_processor', 'symlink_install': False, 'test_result_base': None}
[0.130s] INFO:colcon.colcon_core.executor:Executing jobs using 'parallel' executor
[0.131s] DEBUG:colcon.colcon_parallel_executor.executor.parallel:run_until_complete
[0.131s] INFO:colcon.colcon_ros.task.ament_python.build:Building ROS package in '/home/manuel/drone_ws/src/aruco_drone_control' with build type 'ament_python'
[0.131s] Level 1:colcon.colcon_core.shell:create_environment_hook('aruco_drone_control', 'ament_prefix_path')
[0.133s] INFO:colcon.colcon_core.plugin_system:Skipping extension 'colcon_core.shell.bat': Not used on non-Windows systems
[0.133s] INFO:colcon.colcon_core.shell:Creating environment hook '/home/manuel/drone_ws/install/aruco_drone_control/share/aruco_drone_control/hook/ament_prefix_path.ps1'
[0.134s] INFO:colcon.colcon_core.shell:Creating environment descriptor '/home/manuel/drone_ws/install/aruco_drone_control/share/aruco_drone_control/hook/ament_prefix_path.dsv'
[0.134s] INFO:colcon.colcon_core.shell:Creating environment hook '/home/manuel/drone_ws/install/aruco_drone_control/share/aruco_drone_control/hook/ament_prefix_path.sh'
[0.135s] INFO:colcon.colcon_core.shell:Skip shell extension 'powershell' for command environment: Not usable outside of PowerShell
[0.135s] DEBUG:colcon.colcon_core.shell:Skip shell extension 'dsv' for command environment
[0.137s] INFO:colcon.colcon_ros.task.ament_python.build:Building ROS package in '/home/manuel/drone_ws/src/my_aruco_detector' with build type 'ament_python'
[0.137s] Level 1:colcon.colcon_core.shell:create_environment_hook('my_aruco_detector', 'ament_prefix_path')
[0.137s] INFO:colcon.colcon_core.shell:Creating environment hook '/home/manuel/drone_ws/install/my_aruco_detector/share/my_aruco_detector/hook/ament_prefix_path.ps1'
[0.138s] INFO:colcon.colcon_core.shell:Creating environment descriptor '/home/manuel/drone_ws/install/my_aruco_detector/share/my_aruco_detector/hook/ament_prefix_path.dsv'
[0.138s] INFO:colcon.colcon_core.shell:Creating environment hook '/home/manuel/drone_ws/install/my_aruco_detector/share/my_aruco_detector/hook/ament_prefix_path.sh'
[0.138s] INFO:colcon.colcon_core.shell:Skip shell extension 'powershell' for command environment: Not usable outside of PowerShell
[0.138s] DEBUG:colcon.colcon_core.shell:Skip shell extension 'dsv' for command environment
[0.140s] INFO:colcon.colcon_ros.task.ament_python.build:Building ROS package in '/home/manuel/drone_ws/src/my_image_processor' with build type 'ament_python'
[0.140s] Level 1:colcon.colcon_core.shell:create_environment_hook('my_image_processor', 'ament_prefix_path')
[0.140s] INFO:colcon.colcon_core.shell:Creating environment hook '/home/manuel/drone_ws/install/my_image_processor/share/my_image_processor/hook/ament_prefix_path.ps1'
[0.141s] INFO:colcon.colcon_core.shell:Creating environment descriptor '/home/manuel/drone_ws/install/my_image_processor/share/my_image_processor/hook/ament_prefix_path.dsv'
[0.141s] INFO:colcon.colcon_core.shell:Creating environment hook '/home/manuel/drone_ws/install/my_image_processor/share/my_image_processor/hook/ament_prefix_path.sh'
[0.141s] INFO:colcon.colcon_core.shell:Skip shell extension 'powershell' for command environment: Not usable outside of PowerShell
[0.141s] DEBUG:colcon.colcon_core.shell:Skip shell extension 'dsv' for command environment
[0.267s] INFO:colcon.colcon_core.task.python.build:Building Python package in '/home/manuel/drone_ws/src/aruco_drone_control'
[0.268s] INFO:colcon.colcon_core.shell:Skip shell extension 'powershell' for command environment: Not usable outside of PowerShell
[0.268s] DEBUG:colcon.colcon_core.shell:Skip shell extension 'dsv' for command environment
[0.402s] INFO:colcon.colcon_core.task.python.build:Building Python package in '/home/manuel/drone_ws/src/my_aruco_detector'
[0.402s] INFO:colcon.colcon_core.shell:Skip shell extension 'powershell' for command environment: Not usable outside of PowerShell
[0.402s] DEBUG:colcon.colcon_core.shell:Skip shell extension 'dsv' for command environment
[0.535s] INFO:colcon.colcon_core.task.python.build:Building Python package in '/home/manuel/drone_ws/src/my_image_processor'
[0.535s] INFO:colcon.colcon_core.shell:Skip shell extension 'powershell' for command environment: Not usable outside of PowerShell
[0.535s] DEBUG:colcon.colcon_core.shell:Skip shell extension 'dsv' for command environment
[0.993s] DEBUG:colcon.colcon_core.event_handler.log_command:Invoking command in '/home/manuel/drone_ws/src/aruco_drone_control': PYTHONPATH=/home/manuel/drone_ws/build/aruco_drone_control/prefix_override:/usr/lib/python3/dist-packages/colcon_core/task/python/colcon_distutils_commands:/home/manuel/drone_ws/install/aruco_drone_control/lib/python3.10/site-packages:${PYTHONPATH} /usr/bin/python3 -W ignore:setup.py install is deprecated -W ignore:easy_install command is deprecated setup.py egg_info --egg-base ../../build/aruco_drone_control build --build-base /home/manuel/drone_ws/build/aruco_drone_control/build install --record /home/manuel/drone_ws/build/aruco_drone_control/install.log --single-version-externally-managed install_data
[0.993s] DEBUG:colcon.colcon_core.event_handler.log_command:Invoking command in '/home/manuel/drone_ws/src/my_image_processor': PYTHONPATH=/home/manuel/drone_ws/build/my_image_processor/prefix_override:/usr/lib/python3/dist-packages/colcon_core/task/python/colcon_distutils_commands:/home/manuel/drone_ws/install/my_image_processor/lib/python3.10/site-packages:${PYTHONPATH} /usr/bin/python3 -W ignore:setup.py install is deprecated -W ignore:easy_install command is deprecated setup.py egg_info --egg-base ../../build/my_image_processor build --build-base /home/manuel/drone_ws/build/my_image_processor/build install --record /home/manuel/drone_ws/build/my_image_processor/install.log --single-version-externally-managed install_data
[1.088s] DEBUG:colcon.colcon_core.event_handler.log_command:Invoking command in '/home/manuel/drone_ws/src/my_aruco_detector': PYTHONPATH=/home/manuel/drone_ws/build/my_aruco_detector/prefix_override:/usr/lib/python3/dist-packages/colcon_core/task/python/colcon_distutils_commands:/home/manuel/drone_ws/install/my_aruco_detector/lib/python3.10/site-packages:${PYTHONPATH} /usr/bin/python3 -W ignore:setup.py install is deprecated -W ignore:easy_install command is deprecated setup.py egg_info --egg-base ../../build/my_aruco_detector build --build-base /home/manuel/drone_ws/build/my_aruco_detector/build install --record /home/manuel/drone_ws/build/my_aruco_detector/install.log --single-version-externally-managed install_data
[1.385s] DEBUG:colcon.colcon_core.event_handler.log_command:Invoked command in '/home/manuel/drone_ws/src/my_image_processor' returned '0': PYTHONPATH=/home/manuel/drone_ws/build/my_image_processor/prefix_override:/usr/lib/python3/dist-packages/colcon_core/task/python/colcon_distutils_commands:/home/manuel/drone_ws/install/my_image_processor/lib/python3.10/site-packages:${PYTHONPATH} /usr/bin/python3 -W ignore:setup.py install is deprecated -W ignore:easy_install command is deprecated setup.py egg_info --egg-base ../../build/my_image_processor build --build-base /home/manuel/drone_ws/build/my_image_processor/build install --record /home/manuel/drone_ws/build/my_image_processor/install.log --single-version-externally-managed install_data
[1.391s] Level 1:colcon.colcon_core.environment:checking '/home/manuel/drone_ws/install/my_image_processor' for CMake module files
[1.391s] Level 1:colcon.colcon_core.environment:checking '/home/manuel/drone_ws/install/my_image_processor' for CMake config files
[1.392s] Level 1:colcon.colcon_core.environment:checking '/home/manuel/drone_ws/install/my_image_processor/lib'
[1.392s] Level 1:colcon.colcon_core.environment:checking '/home/manuel/drone_ws/install/my_image_processor/bin'
[1.393s] Level 1:colcon.colcon_core.environment:checking '/home/manuel/drone_ws/install/my_image_processor/lib/pkgconfig/my_image_processor.pc'
[1.393s] Level 1:colcon.colcon_core.environment:checking '/home/manuel/drone_ws/install/my_image_processor/lib/python3.10/site-packages'
[1.393s] Level 1:colcon.colcon_core.shell:create_environment_hook('my_image_processor', 'pythonpath')
[1.393s] INFO:colcon.colcon_core.shell:Creating environment hook '/home/manuel/drone_ws/install/my_image_processor/share/my_image_processor/hook/pythonpath.ps1'
[1.394s] INFO:colcon.colcon_core.shell:Creating environment descriptor '/home/manuel/drone_ws/install/my_image_processor/share/my_image_processor/hook/pythonpath.dsv'
[1.395s] INFO:colcon.colcon_core.shell:Creating environment hook '/home/manuel/drone_ws/install/my_image_processor/share/my_image_processor/hook/pythonpath.sh'
[1.395s] Level 1:colcon.colcon_core.environment:checking '/home/manuel/drone_ws/install/my_image_processor/bin'
[1.395s] Level 1:colcon.colcon_core.environment:create_environment_scripts_only(my_image_processor)
[1.396s] INFO:colcon.colcon_core.shell:Creating package script '/home/manuel/drone_ws/install/my_image_processor/share/my_image_processor/package.ps1'
[1.397s] INFO:colcon.colcon_core.shell:Creating package descriptor '/home/manuel/drone_ws/install/my_image_processor/share/my_image_processor/package.dsv'
[1.398s] INFO:colcon.colcon_core.shell:Creating package script '/home/manuel/drone_ws/install/my_image_processor/share/my_image_processor/package.sh'
[1.400s] INFO:colcon.colcon_core.shell:Creating package script '/home/manuel/drone_ws/install/my_image_processor/share/my_image_processor/package.bash'
[1.401s] INFO:colcon.colcon_core.shell:Creating package script '/home/manuel/drone_ws/install/my_image_processor/share/my_image_processor/package.zsh'
[1.402s] Level 1:colcon.colcon_core.environment:create_file_with_runtime_dependencies(/home/manuel/drone_ws/install/my_image_processor/share/colcon-core/packages/my_image_processor)
[1.490s] Level 1:colcon.colcon_core.environment:checking '/home/manuel/drone_ws/install/aruco_drone_control' for CMake module files
[1.491s] DEBUG:colcon.colcon_core.event_handler.log_command:Invoked command in '/home/manuel/drone_ws/src/aruco_drone_control' returned '0': PYTHONPATH=/home/manuel/drone_ws/build/aruco_drone_control/prefix_override:/usr/lib/python3/dist-packages/colcon_core/task/python/colcon_distutils_commands:/home/manuel/drone_ws/install/aruco_drone_control/lib/python3.10/site-packages:${PYTHONPATH} /usr/bin/python3 -W ignore:setup.py install is deprecated -W ignore:easy_install command is deprecated setup.py egg_info --egg-base ../../build/aruco_drone_control build --build-base /home/manuel/drone_ws/build/aruco_drone_control/build install --record /home/manuel/drone_ws/build/aruco_drone_control/install.log --single-version-externally-managed install_data
[1.491s] Level 1:colcon.colcon_core.environment:checking '/home/manuel/drone_ws/install/aruco_drone_control' for CMake config files
[1.491s] Level 1:colcon.colcon_core.environment:checking '/home/manuel/drone_ws/install/aruco_drone_control/lib'
[1.492s] Level 1:colcon.colcon_core.environment:checking '/home/manuel/drone_ws/install/aruco_drone_control/bin'
[1.492s] Level 1:colcon.colcon_core.environment:checking '/home/manuel/drone_ws/install/aruco_drone_control/lib/pkgconfig/aruco_drone_control.pc'
[1.492s] Level 1:colcon.colcon_core.environment:checking '/home/manuel/drone_ws/install/aruco_drone_control/lib/python3.10/site-packages'
[1.492s] Level 1:colcon.colcon_core.shell:create_environment_hook('aruco_drone_control', 'pythonpath')
[1.492s] INFO:colcon.colcon_core.shell:Creating environment hook '/home/manuel/drone_ws/install/aruco_drone_control/share/aruco_drone_control/hook/pythonpath.ps1'
[1.492s] INFO:colcon.colcon_core.shell:Creating environment descriptor '/home/manuel/drone_ws/install/aruco_drone_control/share/aruco_drone_control/hook/pythonpath.dsv'
[1.493s] INFO:colcon.colcon_core.shell:Creating environment hook '/home/manuel/drone_ws/install/aruco_drone_control/share/aruco_drone_control/hook/pythonpath.sh'
[1.493s] Level 1:colcon.colcon_core.environment:checking '/home/manuel/drone_ws/install/aruco_drone_control/bin'
[1.493s] Level 1:colcon.colcon_core.environment:create_environment_scripts_only(aruco_drone_control)
[1.493s] INFO:colcon.colcon_core.shell:Creating package script '/home/manuel/drone_ws/install/aruco_drone_control/share/aruco_drone_control/package.ps1'
[1.494s] INFO:colcon.colcon_core.shell:Creating package descriptor '/home/manuel/drone_ws/install/aruco_drone_control/share/aruco_drone_control/package.dsv'
[1.494s] INFO:colcon.colcon_core.shell:Creating package script '/home/manuel/drone_ws/install/aruco_drone_control/share/aruco_drone_control/package.sh'
[1.495s] INFO:colcon.colcon_core.shell:Creating package script '/home/manuel/drone_ws/install/aruco_drone_control/share/aruco_drone_control/package.bash'
[1.495s] INFO:colcon.colcon_core.shell:Creating package script '/home/manuel/drone_ws/install/aruco_drone_control/share/aruco_drone_control/package.zsh'
[1.495s] Level 1:colcon.colcon_core.environment:create_file_with_runtime_dependencies(/home/manuel/drone_ws/install/aruco_drone_control/share/colcon-core/packages/aruco_drone_control)
[1.515s] Level 1:colcon.colcon_core.environment:checking '/home/manuel/drone_ws/install/my_aruco_detector' for CMake module files
[1.516s] DEBUG:colcon.colcon_core.event_handler.log_command:Invoked command in '/home/manuel/drone_ws/src/my_aruco_detector' returned '0': PYTHONPATH=/home/manuel/drone_ws/build/my_aruco_detector/prefix_override:/usr/lib/python3/dist-packages/colcon_core/task/python/colcon_distutils_commands:/home/manuel/drone_ws/install/my_aruco_detector/lib/python3.10/site-packages:${PYTHONPATH} /usr/bin/python3 -W ignore:setup.py install is deprecated -W ignore:easy_install command is deprecated setup.py egg_info --egg-base ../../build/my_aruco_detector build --build-base /home/manuel/drone_ws/build/my_aruco_detector/build install --record /home/manuel/drone_ws/build/my_aruco_detector/install.log --single-version-externally-managed install_data
[1.517s] Level 1:colcon.colcon_core.environment:checking '/home/manuel/drone_ws/install/my_aruco_detector' for CMake config files
[1.517s] Level 1:colcon.colcon_core.environment:checking '/home/manuel/drone_ws/install/my_aruco_detector/lib'
[1.517s] Level 1:colcon.colcon_core.environment:checking '/home/manuel/drone_ws/install/my_aruco_detector/bin'
[1.517s] Level 1:colcon.colcon_core.environment:checking '/home/manuel/drone_ws/install/my_aruco_detector/lib/pkgconfig/my_aruco_detector.pc'
[1.518s] Level 1:colcon.colcon_core.environment:checking '/home/manuel/drone_ws/install/my_aruco_detector/lib/python3.10/site-packages'
[1.518s] Level 1:colcon.colcon_core.shell:create_environment_hook('my_aruco_detector', 'pythonpath')
[1.518s] INFO:colcon.colcon_core.shell:Creating environment hook '/home/manuel/drone_ws/install/my_aruco_detector/share/my_aruco_detector/hook/pythonpath.ps1'
[1.518s] INFO:colcon.colcon_core.shell:Creating environment descriptor '/home/manuel/drone_ws/install/my_aruco_detector/share/my_aruco_detector/hook/pythonpath.dsv'
[1.519s] INFO:colcon.colcon_core.shell:Creating environment hook '/home/manuel/drone_ws/install/my_aruco_detector/share/my_aruco_detector/hook/pythonpath.sh'
[1.519s] Level 1:colcon.colcon_core.environment:checking '/home/manuel/drone_ws/install/my_aruco_detector/bin'
[1.519s] Level 1:colcon.colcon_core.environment:create_environment_scripts_only(my_aruco_detector)
[1.519s] INFO:colcon.colcon_core.shell:Creating package script '/home/manuel/drone_ws/install/my_aruco_detector/share/my_aruco_detector/package.ps1'
[1.520s] INFO:colcon.colcon_core.shell:Creating package descriptor '/home/manuel/drone_ws/install/my_aruco_detector/share/my_aruco_detector/package.dsv'
[1.520s] INFO:colcon.colcon_core.shell:Creating package script '/home/manuel/drone_ws/install/my_aruco_detector/share/my_aruco_detector/package.sh'
[1.520s] INFO:colcon.colcon_core.shell:Creating package script '/home/manuel/drone_ws/install/my_aruco_detector/share/my_aruco_detector/package.bash'
[1.520s] INFO:colcon.colcon_core.shell:Creating package script '/home/manuel/drone_ws/install/my_aruco_detector/share/my_aruco_detector/package.zsh'
[1.520s] Level 1:colcon.colcon_core.environment:create_file_with_runtime_dependencies(/home/manuel/drone_ws/install/my_aruco_detector/share/colcon-core/packages/my_aruco_detector)
[1.521s] DEBUG:colcon.colcon_parallel_executor.executor.parallel:closing loop
[1.521s] DEBUG:colcon.colcon_parallel_executor.executor.parallel:loop closed
[1.521s] DEBUG:colcon.colcon_parallel_executor.executor.parallel:run_until_complete finished with '0'
[1.521s] DEBUG:colcon.colcon_core.event_reactor:joining thread
[1.530s] INFO:colcon.colcon_core.plugin_system:Skipping extension 'colcon_notification.desktop_notification.terminal_notifier': Not used on non-Darwin systems
[1.530s] INFO:colcon.colcon_core.plugin_system:Skipping extension 'colcon_notification.desktop_notification.win32': Not used on non-Windows systems
[1.530s] INFO:colcon.colcon_notification.desktop_notification:Sending desktop notification using 'notify2'
[1.546s] DEBUG:colcon.colcon_core.event_reactor:joined thread
[1.546s] INFO:colcon.colcon_core.shell:Creating prefix script '/home/manuel/drone_ws/install/local_setup.ps1'
[1.547s] INFO:colcon.colcon_core.shell:Creating prefix util module '/home/manuel/drone_ws/install/_local_setup_util_ps1.py'
[1.549s] INFO:colcon.colcon_core.shell:Creating prefix chain script '/home/manuel/drone_ws/install/setup.ps1'
[1.551s] INFO:colcon.colcon_core.shell:Creating prefix script '/home/manuel/drone_ws/install/local_setup.sh'
[1.552s] INFO:colcon.colcon_core.shell:Creating prefix util module '/home/manuel/drone_ws/install/_local_setup_util_sh.py'
[1.552s] INFO:colcon.colcon_core.shell:Creating prefix chain script '/home/manuel/drone_ws/install/setup.sh'
[1.555s] INFO:colcon.colcon_core.shell:Creating prefix script '/home/manuel/drone_ws/install/local_setup.bash'
[1.555s] INFO:colcon.colcon_core.shell:Creating prefix chain script '/home/manuel/drone_ws/install/setup.bash'
[1.556s] INFO:colcon.colcon_core.shell:Creating prefix script '/home/manuel/drone_ws/install/local_setup.zsh'
[1.557s] INFO:colcon.colcon_core.shell:Creating prefix chain script '/home/manuel/drone_ws/install/setup.zsh'
