[0.863s] Invoking command in '/root/DroneOpsROS/src/control_system': PYTHONPATH=/root/DroneOpsROS/build/control_system/prefix_override:/root/DroneOpsROS/install/control_system/lib/python3.8/site-packages:${PYTHONPATH} /usr/bin/python3 setup.py egg_info --egg-base ../../build/control_system build --build-base /root/DroneOpsROS/build/control_system/build install --record /root/DroneOpsROS/build/control_system/install.log --install-scripts $base/lib/control_system --single-version-externally-managed
[1.037s] running egg_info
[1.037s] creating ../../build/control_system/control_system.egg-info
[1.038s] writing ../../build/control_system/control_system.egg-info/PKG-INFO
[1.038s] writing dependency_links to ../../build/control_system/control_system.egg-info/dependency_links.txt
[1.038s] writing entry points to ../../build/control_system/control_system.egg-info/entry_points.txt
[1.038s] writing requirements to ../../build/control_system/control_system.egg-info/requires.txt
[1.038s] writing top-level names to ../../build/control_system/control_system.egg-info/top_level.txt
[1.039s] writing manifest file '../../build/control_system/control_system.egg-info/SOURCES.txt'
[1.073s] reading manifest file '../../build/control_system/control_system.egg-info/SOURCES.txt'
[1.074s] writing manifest file '../../build/control_system/control_system.egg-info/SOURCES.txt'
[1.074s] running build
[1.074s] running build_py
[1.074s] creating /root/DroneOpsROS/build/control_system/build
[1.074s] creating /root/DroneOpsROS/build/control_system/build/lib
[1.074s] creating /root/DroneOpsROS/build/control_system/build/lib/control_system
[1.074s] copying control_system/__init__.py -> /root/DroneOpsROS/build/control_system/build/lib/control_system
[1.075s] copying control_system/nodo_control.py -> /root/DroneOpsROS/build/control_system/build/lib/control_system
[1.075s] running install
[1.075s] running install_lib
[1.076s] creating /root/DroneOpsROS/install/control_system/lib/python3.8/site-packages/control_system
[1.076s] copying /root/DroneOpsROS/build/control_system/build/lib/control_system/__init__.py -> /root/DroneOpsROS/install/control_system/lib/python3.8/site-packages/control_system
[1.076s] copying /root/DroneOpsROS/build/control_system/build/lib/control_system/nodo_control.py -> /root/DroneOpsROS/install/control_system/lib/python3.8/site-packages/control_system
[1.077s] byte-compiling /root/DroneOpsROS/install/control_system/lib/python3.8/site-packages/control_system/__init__.py to __init__.cpython-38.pyc
[1.078s] byte-compiling /root/DroneOpsROS/install/control_system/lib/python3.8/site-packages/control_system/nodo_control.py to nodo_control.cpython-38.pyc
[1.079s] running install_data
[1.079s] creating /root/DroneOpsROS/install/control_system/share/ament_index
[1.079s] creating /root/DroneOpsROS/install/control_system/share/ament_index/resource_index
[1.079s] creating /root/DroneOpsROS/install/control_system/share/ament_index/resource_index/packages
[1.080s] copying resource/control_system -> /root/DroneOpsROS/install/control_system/share/ament_index/resource_index/packages
[1.080s] copying package.xml -> /root/DroneOpsROS/install/control_system/share/control_system
[1.080s] creating /root/DroneOpsROS/install/control_system/share/control_system/launch
[1.080s] creating /root/DroneOpsROS/install/control_system/share/control_system/config
[1.080s] running install_egg_info
[1.083s] Copying ../../build/control_system/control_system.egg-info to /root/DroneOpsROS/install/control_system/lib/python3.8/site-packages/control_system-0.0.0-py3.8.egg-info
[1.083s] running install_scripts
[1.102s] Installing nodo_control script to /root/DroneOpsROS/install/control_system/lib/control_system
[1.102s] writing list of installed files to '/root/DroneOpsROS/build/control_system/install.log'
[1.138s] Invoked command in '/root/DroneOpsROS/src/control_system' returned '0': PYTHONPATH=/root/DroneOpsROS/build/control_system/prefix_override:/root/DroneOpsROS/install/control_system/lib/python3.8/site-packages:${PYTHONPATH} /usr/bin/python3 setup.py egg_info --egg-base ../../build/control_system build --build-base /root/DroneOpsROS/build/control_system/build install --record /root/DroneOpsROS/build/control_system/install.log --install-scripts $base/lib/control_system --single-version-externally-managed
