running egg_info
creating ../../build/vision_system/vision_system.egg-info
writing ../../build/vision_system/vision_system.egg-info/PKG-INFO
writing dependency_links to ../../build/vision_system/vision_system.egg-info/dependency_links.txt
writing entry points to ../../build/vision_system/vision_system.egg-info/entry_points.txt
writing requirements to ../../build/vision_system/vision_system.egg-info/requires.txt
writing top-level names to ../../build/vision_system/vision_system.egg-info/top_level.txt
writing manifest file '../../build/vision_system/vision_system.egg-info/SOURCES.txt'
reading manifest file '../../build/vision_system/vision_system.egg-info/SOURCES.txt'
writing manifest file '../../build/vision_system/vision_system.egg-info/SOURCES.txt'
running build
running build_py
creating /home/manuel/TMR-2025/DroneOpsROS/build/vision_system/build/lib/vision_system
copying vision_system/aruco_detector.py -> /home/manuel/TMR-2025/DroneOpsROS/build/vision_system/build/lib/vision_system
copying vision_system/camera_node.py -> /home/manuel/TMR-2025/DroneOpsROS/build/vision_system/build/lib/vision_system
copying vision_system/__init__.py -> /home/manuel/TMR-2025/DroneOpsROS/build/vision_system/build/lib/vision_system
running install
running install_lib
creating /home/manuel/TMR-2025/DroneOpsROS/install/vision_system/lib/python3.10/site-packages/vision_system
copying /home/manuel/TMR-2025/DroneOpsROS/build/vision_system/build/lib/vision_system/aruco_detector.py -> /home/manuel/TMR-2025/DroneOpsROS/install/vision_system/lib/python3.10/site-packages/vision_system
copying /home/manuel/TMR-2025/DroneOpsROS/build/vision_system/build/lib/vision_system/camera_node.py -> /home/manuel/TMR-2025/DroneOpsROS/install/vision_system/lib/python3.10/site-packages/vision_system
copying /home/manuel/TMR-2025/DroneOpsROS/build/vision_system/build/lib/vision_system/__init__.py -> /home/manuel/TMR-2025/DroneOpsROS/install/vision_system/lib/python3.10/site-packages/vision_system
byte-compiling /home/manuel/TMR-2025/DroneOpsROS/install/vision_system/lib/python3.10/site-packages/vision_system/aruco_detector.py to aruco_detector.cpython-310.pyc
byte-compiling /home/manuel/TMR-2025/DroneOpsROS/install/vision_system/lib/python3.10/site-packages/vision_system/camera_node.py to camera_node.cpython-310.pyc
byte-compiling /home/manuel/TMR-2025/DroneOpsROS/install/vision_system/lib/python3.10/site-packages/vision_system/__init__.py to __init__.cpython-310.pyc
running install_data
creating /home/manuel/TMR-2025/DroneOpsROS/install/vision_system/share/ament_index/resource_index/packages
copying resource/vision_system -> /home/manuel/TMR-2025/DroneOpsROS/install/vision_system/share/ament_index/resource_index/packages
copying package.xml -> /home/manuel/TMR-2025/DroneOpsROS/install/vision_system/share/vision_system
running install_egg_info
Copying ../../build/vision_system/vision_system.egg-info to /home/manuel/TMR-2025/DroneOpsROS/install/vision_system/lib/python3.10/site-packages/vision_system-0.0.0-py3.10.egg-info
running install_scripts
Installing aruco_detector script to /home/manuel/TMR-2025/DroneOpsROS/install/vision_system/lib/vision_system
Installing camera_node script to /home/manuel/TMR-2025/DroneOpsROS/install/vision_system/lib/vision_system
writing list of installed files to '/home/manuel/TMR-2025/DroneOpsROS/build/vision_system/install.log'
