[0.705s] Invoking command in '/home/manuel/TMR-2025/DroneOpsROS/src/vision_system': PYTHONPATH=/home/manuel/TMR-2025/DroneOpsROS/build/vision_system/prefix_override:/usr/lib/python3/dist-packages/colcon_core/task/python/colcon_distutils_commands:/home/manuel/TMR-2025/DroneOpsROS/install/vision_system/lib/python3.10/site-packages:${PYTHONPATH} /usr/bin/python3 -W ignore:setup.py install is deprecated -W ignore:easy_install command is deprecated setup.py egg_info --egg-base ../../build/vision_system build --build-base /home/manuel/TMR-2025/DroneOpsROS/build/vision_system/build install --record /home/manuel/TMR-2025/DroneOpsROS/build/vision_system/install.log --install-scripts $base/lib/vision_system --single-version-externally-managed install_data
[0.856s] /home/manuel/.local/lib/python3.10/site-packages/setuptools/dist.py:599: SetuptoolsDeprecationWarning: Invalid dash-separated key 'script-dir' in 'develop' (setup.cfg), please use the underscore name 'script_dir' instead.
[0.856s] !!
[0.857s] 
[0.857s]         ********************************************************************************
[0.857s]         Usage of dash-separated 'script-dir' will not be supported in future
[0.857s]         versions. Please use the underscore name 'script_dir' instead.
[0.857s] 
[0.857s]         By 2026-Mar-03, you need to update your project and remove deprecated calls
[0.857s]         or your builds will no longer be supported.
[0.857s] 
[0.857s]         See https://setuptools.pypa.io/en/latest/userguide/declarative_config.html for details.
[0.857s]         ********************************************************************************
[0.857s] 
[0.857s] !!
[0.857s]   opt = self._enforce_underscore(opt, section)
[0.866s] /home/manuel/.local/lib/python3.10/site-packages/setuptools/_distutils/dist.py:289: UserWarning: Unknown distribution option: 'tests_require'
[0.866s]   warnings.warn(msg)
[0.885s] /home/manuel/.local/lib/python3.10/site-packages/setuptools/dist.py:599: SetuptoolsDeprecationWarning: Invalid dash-separated key 'script-dir' in 'develop' (setup.cfg), please use the underscore name 'script_dir' instead.
[0.885s] !!
[0.885s] 
[0.885s]         ********************************************************************************
[0.885s]         Usage of dash-separated 'script-dir' will not be supported in future
[0.885s]         versions. Please use the underscore name 'script_dir' instead.
[0.885s]         (Affected: vision_system).
[0.885s] 
[0.886s]         By 2026-Mar-03, you need to update your project and remove deprecated calls
[0.886s]         or your builds will no longer be supported.
[0.886s] 
[0.886s]         See https://setuptools.pypa.io/en/latest/userguide/declarative_config.html for details.
[0.886s]         ********************************************************************************
[0.886s] 
[0.886s] !!
[0.886s]   opt = self._enforce_underscore(opt, section)
[0.924s] running egg_info
[0.934s] creating ../../build/vision_system/vision_system.egg-info
[0.935s] writing ../../build/vision_system/vision_system.egg-info/PKG-INFO
[0.935s] writing dependency_links to ../../build/vision_system/vision_system.egg-info/dependency_links.txt
[0.935s] writing entry points to ../../build/vision_system/vision_system.egg-info/entry_points.txt
[0.935s] writing requirements to ../../build/vision_system/vision_system.egg-info/requires.txt
[0.935s] writing top-level names to ../../build/vision_system/vision_system.egg-info/top_level.txt
[0.935s] writing manifest file '../../build/vision_system/vision_system.egg-info/SOURCES.txt'
[0.954s] reading manifest file '../../build/vision_system/vision_system.egg-info/SOURCES.txt'
[0.954s] writing manifest file '../../build/vision_system/vision_system.egg-info/SOURCES.txt'
[0.955s] running build
[0.955s] running build_py
[0.955s] creating /home/manuel/TMR-2025/DroneOpsROS/build/vision_system/build/lib/vision_system
[0.955s] copying vision_system/aruco_detector.py -> /home/manuel/TMR-2025/DroneOpsROS/build/vision_system/build/lib/vision_system
[0.955s] copying vision_system/camera_node.py -> /home/manuel/TMR-2025/DroneOpsROS/build/vision_system/build/lib/vision_system
[0.955s] copying vision_system/__init__.py -> /home/manuel/TMR-2025/DroneOpsROS/build/vision_system/build/lib/vision_system
[0.955s] running install
[0.958s] running install_lib
[0.967s] creating /home/manuel/TMR-2025/DroneOpsROS/install/vision_system/lib/python3.10/site-packages/vision_system
[0.967s] copying /home/manuel/TMR-2025/DroneOpsROS/build/vision_system/build/lib/vision_system/aruco_detector.py -> /home/manuel/TMR-2025/DroneOpsROS/install/vision_system/lib/python3.10/site-packages/vision_system
[0.967s] copying /home/manuel/TMR-2025/DroneOpsROS/build/vision_system/build/lib/vision_system/camera_node.py -> /home/manuel/TMR-2025/DroneOpsROS/install/vision_system/lib/python3.10/site-packages/vision_system
[0.967s] copying /home/manuel/TMR-2025/DroneOpsROS/build/vision_system/build/lib/vision_system/__init__.py -> /home/manuel/TMR-2025/DroneOpsROS/install/vision_system/lib/python3.10/site-packages/vision_system
[0.967s] byte-compiling /home/manuel/TMR-2025/DroneOpsROS/install/vision_system/lib/python3.10/site-packages/vision_system/aruco_detector.py to aruco_detector.cpython-310.pyc
[0.968s] byte-compiling /home/manuel/TMR-2025/DroneOpsROS/install/vision_system/lib/python3.10/site-packages/vision_system/camera_node.py to camera_node.cpython-310.pyc
[0.968s] byte-compiling /home/manuel/TMR-2025/DroneOpsROS/install/vision_system/lib/python3.10/site-packages/vision_system/__init__.py to __init__.cpython-310.pyc
[0.969s] running install_data
[0.969s] creating /home/manuel/TMR-2025/DroneOpsROS/install/vision_system/share/ament_index/resource_index/packages
[0.969s] copying resource/vision_system -> /home/manuel/TMR-2025/DroneOpsROS/install/vision_system/share/ament_index/resource_index/packages
[0.969s] copying package.xml -> /home/manuel/TMR-2025/DroneOpsROS/install/vision_system/share/vision_system
[0.969s] running install_egg_info
[0.979s] Copying ../../build/vision_system/vision_system.egg-info to /home/manuel/TMR-2025/DroneOpsROS/install/vision_system/lib/python3.10/site-packages/vision_system-0.0.0-py3.10.egg-info
[0.979s] running install_scripts
[1.055s] Installing aruco_detector script to /home/manuel/TMR-2025/DroneOpsROS/install/vision_system/lib/vision_system
[1.056s] Installing camera_node script to /home/manuel/TMR-2025/DroneOpsROS/install/vision_system/lib/vision_system
[1.056s] writing list of installed files to '/home/manuel/TMR-2025/DroneOpsROS/build/vision_system/install.log'
[1.075s] Invoked command in '/home/manuel/TMR-2025/DroneOpsROS/src/vision_system' returned '0': PYTHONPATH=/home/manuel/TMR-2025/DroneOpsROS/build/vision_system/prefix_override:/usr/lib/python3/dist-packages/colcon_core/task/python/colcon_distutils_commands:/home/manuel/TMR-2025/DroneOpsROS/install/vision_system/lib/python3.10/site-packages:${PYTHONPATH} /usr/bin/python3 -W ignore:setup.py install is deprecated -W ignore:easy_install command is deprecated setup.py egg_info --egg-base ../../build/vision_system build --build-base /home/manuel/TMR-2025/DroneOpsROS/build/vision_system/build install --record /home/manuel/TMR-2025/DroneOpsROS/build/vision_system/install.log --install-scripts $base/lib/vision_system --single-version-externally-managed install_data
