[1.329s] Invoking command in '/root/DroneOpsROS/src/mission_control': PYTHONPATH=/root/DroneOpsROS/build/mission_control/prefix_override:/root/DroneOpsROS/install/mission_control/lib/python3.8/site-packages:${PYTHONPATH} /usr/bin/python3 setup.py egg_info --egg-base ../../build/mission_control build --build-base /root/DroneOpsROS/build/mission_control/build install --record /root/DroneOpsROS/build/mission_control/install.log --install-scripts $base/lib/mission_control --single-version-externally-managed
[1.573s] running egg_info
[1.574s] creating ../../build/mission_control/mission_control.egg-info
[1.574s] writing ../../build/mission_control/mission_control.egg-info/PKG-INFO
[1.575s] writing dependency_links to ../../build/mission_control/mission_control.egg-info/dependency_links.txt
[1.575s] writing entry points to ../../build/mission_control/mission_control.egg-info/entry_points.txt
[1.575s] writing requirements to ../../build/mission_control/mission_control.egg-info/requires.txt
[1.575s] writing top-level names to ../../build/mission_control/mission_control.egg-info/top_level.txt
[1.577s] writing manifest file '../../build/mission_control/mission_control.egg-info/SOURCES.txt'
[1.629s] reading manifest file '../../build/mission_control/mission_control.egg-info/SOURCES.txt'
[1.631s] writing manifest file '../../build/mission_control/mission_control.egg-info/SOURCES.txt'
[1.632s] running build
[1.632s] running build_py
[1.632s] creating /root/DroneOpsROS/build/mission_control/build
[1.632s] creating /root/DroneOpsROS/build/mission_control/build/lib
[1.632s] creating /root/DroneOpsROS/build/mission_control/build/lib/mission_control
[1.633s] copying mission_control/__init__.py -> /root/DroneOpsROS/build/mission_control/build/lib/mission_control
[1.633s] copying mission_control/arm_drone.py -> /root/DroneOpsROS/build/mission_control/build/lib/mission_control
[1.633s] running install
[1.634s] running install_lib
[1.635s] creating /root/DroneOpsROS/install/mission_control/lib/python3.8/site-packages/mission_control
[1.635s] copying /root/DroneOpsROS/build/mission_control/build/lib/mission_control/__init__.py -> /root/DroneOpsROS/install/mission_control/lib/python3.8/site-packages/mission_control
[1.636s] copying /root/DroneOpsROS/build/mission_control/build/lib/mission_control/arm_drone.py -> /root/DroneOpsROS/install/mission_control/lib/python3.8/site-packages/mission_control
[1.636s] byte-compiling /root/DroneOpsROS/install/mission_control/lib/python3.8/site-packages/mission_control/__init__.py to __init__.cpython-38.pyc
[1.638s] byte-compiling /root/DroneOpsROS/install/mission_control/lib/python3.8/site-packages/mission_control/arm_drone.py to arm_drone.cpython-38.pyc
[1.639s] running install_data
[1.640s] creating /root/DroneOpsROS/install/mission_control/share/ament_index
[1.640s] creating /root/DroneOpsROS/install/mission_control/share/ament_index/resource_index
[1.640s] creating /root/DroneOpsROS/install/mission_control/share/ament_index/resource_index/packages
[1.640s] copying resource/mission_control -> /root/DroneOpsROS/install/mission_control/share/ament_index/resource_index/packages
[1.640s] copying package.xml -> /root/DroneOpsROS/install/mission_control/share/mission_control
[1.640s] running install_egg_info
[1.642s] Copying ../../build/mission_control/mission_control.egg-info to /root/DroneOpsROS/install/mission_control/lib/python3.8/site-packages/mission_control-0.0.0-py3.8.egg-info
[1.644s] running install_scripts
[1.670s] Installing arm_drone script to /root/DroneOpsROS/install/mission_control/lib/mission_control
[1.670s] writing list of installed files to '/root/DroneOpsROS/build/mission_control/install.log'
[1.733s] Invoked command in '/root/DroneOpsROS/src/mission_control' returned '0': PYTHONPATH=/root/DroneOpsROS/build/mission_control/prefix_override:/root/DroneOpsROS/install/mission_control/lib/python3.8/site-packages:${PYTHONPATH} /usr/bin/python3 setup.py egg_info --egg-base ../../build/mission_control build --build-base /root/DroneOpsROS/build/mission_control/build install --record /root/DroneOpsROS/build/mission_control/install.log --install-scripts $base/lib/mission_control --single-version-externally-managed
