[0.210s] Invoking command in '/root/DroneOpsROS/build/mission_control': CMAKE_PREFIX_PATH=/root/DroneOpsROS/install/vision_system:/root/DroneOpsROS/install/mission_control:/root/DroneOpsROS/install/control_system:/opt/ros/humble /usr/bin/cmake /root/DroneOpsROS/src/mission_control -DCMAKE_INSTALL_PREFIX=/root/DroneOpsROS/install/mission_control
[0.263s] -- The C compiler identification is GNU 11.4.0
[0.320s] -- The CXX compiler identification is GNU 11.4.0
[0.327s] -- Detecting C compiler ABI info
[0.400s] -- Detecting C compiler ABI info - done
[0.410s] -- Check for working C compiler: /usr/bin/cc - skipped
[0.410s] -- Detecting C compile features
[0.410s] -- Detecting C compile features - done
[0.413s] -- Detecting CXX compiler ABI info
[0.496s] -- Detecting CXX compiler ABI info - done
[0.512s] -- Check for working CXX compiler: /usr/bin/c++ - skipped
[0.512s] -- Detecting CXX compile features
[0.513s] -- Detecting CXX compile features - done
[0.516s] -- Found ament_cmake: 1.3.11 (/opt/ros/humble/share/ament_cmake/cmake)
[0.660s] -- Found Python3: /usr/bin/python3 (found version "3.10.12") found components: Interpreter 
[0.771s] -- Found rosidl_default_generators: 1.2.0 (/opt/ros/humble/share/rosidl_default_generators/cmake)
[0.774s] -- Using all available rosidl_typesupport_c: rosidl_typesupport_fastrtps_c;rosidl_typesupport_introspection_c
[0.781s] -- Found rosidl_adapter: 3.1.6 (/opt/ros/humble/share/rosidl_adapter/cmake)
[0.823s] -- Using all available rosidl_typesupport_cpp: rosidl_typesupport_fastrtps_cpp;rosidl_typesupport_introspection_cpp
[0.860s] -- Found rclpy: 3.3.16 (/opt/ros/humble/share/rclpy/cmake)
[1.123s] -- Found ament_cmake_ros: 0.10.0 (/opt/ros/humble/share/ament_cmake_ros/cmake)
[1.275s] -- Using all available rosidl_typesupport_c: rosidl_typesupport_fastrtps_c;rosidl_typesupport_introspection_c
[1.462s] -- Using all available rosidl_typesupport_cpp: rosidl_typesupport_fastrtps_cpp;rosidl_typesupport_introspection_cpp
[1.478s] -- Found PythonInterp: /usr/bin/python3 (found suitable version "3.10.12", minimum required is "3.6") 
[1.480s] -- Found python_cmake_module: 0.10.0 (/opt/ros/humble/share/python_cmake_module/cmake)
[1.500s] -- Found PythonLibs: /usr/lib/x86_64-linux-gnu/libpython3.10.so (found suitable version "3.10.12", minimum required is "3.5") 
[1.500s] -- Using PYTHON_EXECUTABLE: /usr/bin/python3
[1.501s] -- Using PYTHON_INCLUDE_DIRS: /usr/include/python3.10
[1.501s] -- Using PYTHON_LIBRARIES: /usr/lib/x86_64-linux-gnu/libpython3.10.so
[1.515s] -- Found PythonExtra: .so  
[1.548s] -- Configuring done
[1.579s] -- Generating done
[1.587s] -- Build files have been written to: /root/DroneOpsROS/build/mission_control
[1.592s] Invoked command in '/root/DroneOpsROS/build/mission_control' returned '0': CMAKE_PREFIX_PATH=/root/DroneOpsROS/install/vision_system:/root/DroneOpsROS/install/mission_control:/root/DroneOpsROS/install/control_system:/opt/ros/humble /usr/bin/cmake /root/DroneOpsROS/src/mission_control -DCMAKE_INSTALL_PREFIX=/root/DroneOpsROS/install/mission_control
[1.596s] Invoking command in '/root/DroneOpsROS/build/mission_control': CMAKE_PREFIX_PATH=/root/DroneOpsROS/install/vision_system:/root/DroneOpsROS/install/mission_control:/root/DroneOpsROS/install/control_system:/opt/ros/humble /usr/bin/cmake --build /root/DroneOpsROS/build/mission_control -- -j8 -l8
[1.634s] [  3%] [34m[1mGenerating C code for ROS interfaces[0m
[1.643s] [  6%] [34m[1mGenerating C++ code for ROS interfaces[0m
[1.652s] [  6%] Built target ament_cmake_python_copy_mission_control
[1.868s] running egg_info
[1.868s] creating mission_control.egg-info
[1.868s] writing mission_control.egg-info/PKG-INFO
[1.869s] writing dependency_links to mission_control.egg-info/dependency_links.txt
[1.869s] writing top-level names to mission_control.egg-info/top_level.txt
[1.869s] writing manifest file 'mission_control.egg-info/SOURCES.txt'
[1.872s] reading manifest file 'mission_control.egg-info/SOURCES.txt'
[1.872s] writing manifest file 'mission_control.egg-info/SOURCES.txt'
[1.899s] [  6%] Built target ament_cmake_python_build_mission_control_egg
[1.952s] [  9%] [32mBuilding C object CMakeFiles/mission_control__rosidl_generator_c.dir/rosidl_generator_c/mission_control/srv/detail/altitud__functions.c.o[0m
[1.952s] [  9%] Built target mission_control__cpp
[1.962s] [ 12%] [34m[1mGenerating C++ type support for eProsima Fast-RTPS[0m
[1.963s] [ 16%] [34m[1mGenerating C++ introspection for ROS interfaces[0m
[1.965s] [ 19%] [34m[1mGenerating C++ type support dispatch for ROS interfaces[0m
[2.069s] [ 22%] [32m[1mLinking C shared library libmission_control__rosidl_generator_c.so[0m
[2.130s] [ 22%] Built target mission_control__rosidl_generator_c
[2.145s] [ 29%] [34m[1mGenerating C type support for eProsima Fast-RTPS[0m
[2.145s] [ 29%] [34m[1mGenerating C introspection for ROS interfaces[0m
[2.146s] [ 32%] [34m[1mGenerating C type support dispatch for ROS interfaces[0m
[2.329s] [ 35%] [32mBuilding CXX object CMakeFiles/mission_control__rosidl_typesupport_cpp.dir/rosidl_typesupport_cpp/mission_control/srv/altitud__type_support.cpp.o[0m
[2.381s] [ 38%] [32mBuilding CXX object CMakeFiles/mission_control__rosidl_typesupport_fastrtps_cpp.dir/rosidl_typesupport_fastrtps_cpp/mission_control/srv/detail/dds_fastrtps/altitud__type_support.cpp.o[0m
[2.383s] [ 41%] [32mBuilding CXX object CMakeFiles/mission_control__rosidl_typesupport_introspection_cpp.dir/rosidl_typesupport_introspection_cpp/mission_control/srv/detail/altitud__type_support.cpp.o[0m
[2.588s] [ 45%] [32mBuilding CXX object CMakeFiles/mission_control__rosidl_typesupport_c.dir/rosidl_typesupport_c/mission_control/srv/altitud__type_support.cpp.o[0m
[2.642s] [ 48%] [32mBuilding CXX object CMakeFiles/mission_control__rosidl_typesupport_fastrtps_c.dir/rosidl_typesupport_fastrtps_c/mission_control/srv/detail/altitud__type_support_c.cpp.o[0m
[2.648s] [ 51%] [32m[1mLinking CXX shared library libmission_control__rosidl_typesupport_c.so[0m
[2.664s] [ 54%] [32mBuilding C object CMakeFiles/mission_control__rosidl_typesupport_introspection_c.dir/rosidl_typesupport_introspection_c/mission_control/srv/detail/altitud__type_support.c.o[0m
[2.723s] [ 54%] Built target mission_control__rosidl_typesupport_c
[2.735s] [ 58%] [32m[1mLinking C shared library libmission_control__rosidl_typesupport_introspection_c.so[0m
[2.786s] [ 58%] Built target mission_control__rosidl_typesupport_introspection_c
[2.799s] [ 61%] [32m[1mLinking CXX shared library libmission_control__rosidl_typesupport_cpp.so[0m
[2.848s] [ 61%] Built target mission_control__rosidl_typesupport_cpp
[2.983s] [ 64%] [32m[1mLinking CXX shared library libmission_control__rosidl_typesupport_fastrtps_cpp.so[0m
[2.990s] [ 67%] [32m[1mLinking CXX shared library libmission_control__rosidl_typesupport_introspection_cpp.so[0m
[3.040s] [ 67%] Built target mission_control__rosidl_typesupport_introspection_cpp
[3.073s] [ 67%] Built target mission_control__rosidl_typesupport_fastrtps_cpp
[3.099s] [ 70%] [32m[1mLinking CXX shared library libmission_control__rosidl_typesupport_fastrtps_c.so[0m
[3.167s] [ 70%] Built target mission_control__rosidl_typesupport_fastrtps_c
[3.185s] [ 70%] Built target mission_control
[3.204s] [ 74%] [34m[1mGenerating Python code for ROS interfaces[0m
[3.516s] [ 74%] Built target mission_control__py
[3.534s] [ 77%] [32mBuilding C object CMakeFiles/mission_control__rosidl_generator_py.dir/rosidl_generator_py/mission_control/srv/_altitud_s.c.o[0m
[3.651s] [ 80%] [32m[1mLinking C shared library rosidl_generator_py/mission_control/libmission_control__rosidl_generator_py.so[0m
[3.685s] [ 80%] Built target mission_control__rosidl_generator_py
[3.708s] [ 83%] [32mBuilding C object CMakeFiles/mission_control__rosidl_typesupport_fastrtps_c__pyext.dir/rosidl_generator_py/mission_control/_mission_control_s.ep.rosidl_typesupport_fastrtps_c.c.o[0m
[3.710s] [ 90%] [32mBuilding C object CMakeFiles/mission_control__rosidl_typesupport_introspection_c__pyext.dir/rosidl_generator_py/mission_control/_mission_control_s.ep.rosidl_typesupport_introspection_c.c.o[0m
[3.710s] [ 90%] [32mBuilding C object CMakeFiles/mission_control__rosidl_typesupport_c__pyext.dir/rosidl_generator_py/mission_control/_mission_control_s.ep.rosidl_typesupport_c.c.o[0m
[3.816s] [ 96%] [32m[1mLinking C shared library rosidl_generator_py/mission_control/mission_control_s__rosidl_typesupport_c.cpython-310-x86_64-linux-gnu.so[0m
[3.816s] [ 96%] [32m[1mLinking C shared library rosidl_generator_py/mission_control/mission_control_s__rosidl_typesupport_introspection_c.cpython-310-x86_64-linux-gnu.so[0m
[3.822s] [100%] [32m[1mLinking C shared library rosidl_generator_py/mission_control/mission_control_s__rosidl_typesupport_fastrtps_c.cpython-310-x86_64-linux-gnu.so[0m
[3.850s] [100%] Built target mission_control__rosidl_typesupport_c__pyext
[3.850s] [100%] Built target mission_control__rosidl_typesupport_introspection_c__pyext
[3.857s] [100%] Built target mission_control__rosidl_typesupport_fastrtps_c__pyext
[3.867s] Invoked command in '/root/DroneOpsROS/build/mission_control' returned '0': CMAKE_PREFIX_PATH=/root/DroneOpsROS/install/vision_system:/root/DroneOpsROS/install/mission_control:/root/DroneOpsROS/install/control_system:/opt/ros/humble /usr/bin/cmake --build /root/DroneOpsROS/build/mission_control -- -j8 -l8
[3.876s] Invoking command in '/root/DroneOpsROS/build/mission_control': CMAKE_PREFIX_PATH=/root/DroneOpsROS/install/vision_system:/root/DroneOpsROS/install/mission_control:/root/DroneOpsROS/install/control_system:/opt/ros/humble /usr/bin/cmake --install /root/DroneOpsROS/build/mission_control
[3.883s] -- Install configuration: ""
[3.883s] -- Installing: /root/DroneOpsROS/install/mission_control/share/ament_index/resource_index/rosidl_interfaces/mission_control
[3.884s] -- Installing: /root/DroneOpsROS/install/mission_control/include/mission_control/mission_control
[3.884s] -- Installing: /root/DroneOpsROS/install/mission_control/include/mission_control/mission_control/msg
[3.884s] -- Installing: /root/DroneOpsROS/install/mission_control/include/mission_control/mission_control/msg/rosidl_generator_c__visibility_control.h
[3.884s] -- Installing: /root/DroneOpsROS/install/mission_control/include/mission_control/mission_control/srv
[3.884s] -- Installing: /root/DroneOpsROS/install/mission_control/include/mission_control/mission_control/srv/altitud.h
[3.884s] -- Installing: /root/DroneOpsROS/install/mission_control/include/mission_control/mission_control/srv/detail
[3.884s] -- Installing: /root/DroneOpsROS/install/mission_control/include/mission_control/mission_control/srv/detail/altitud__functions.h
[3.884s] -- Installing: /root/DroneOpsROS/install/mission_control/include/mission_control/mission_control/srv/detail/altitud__struct.h
[3.884s] -- Installing: /root/DroneOpsROS/install/mission_control/include/mission_control/mission_control/srv/detail/altitud__type_support.h
[3.885s] -- Installing: /root/DroneOpsROS/install/mission_control/include/mission_control/mission_control/srv/detail/altitud__functions.c
[3.885s] -- Installing: /root/DroneOpsROS/install/mission_control/share/mission_control/environment/library_path.sh
[3.885s] -- Installing: /root/DroneOpsROS/install/mission_control/share/mission_control/environment/library_path.dsv
[3.885s] -- Installing: /root/DroneOpsROS/install/mission_control/lib/libmission_control__rosidl_generator_c.so
[3.886s] -- Set runtime path of "/root/DroneOpsROS/install/mission_control/lib/libmission_control__rosidl_generator_c.so" to ""
[3.886s] -- Up-to-date: /root/DroneOpsROS/install/mission_control/include/mission_control/mission_control
[3.886s] -- Up-to-date: /root/DroneOpsROS/install/mission_control/include/mission_control/mission_control/msg
[3.886s] -- Installing: /root/DroneOpsROS/install/mission_control/include/mission_control/mission_control/msg/rosidl_typesupport_fastrtps_c__visibility_control.h
[3.886s] -- Up-to-date: /root/DroneOpsROS/install/mission_control/include/mission_control/mission_control/srv
[3.886s] -- Up-to-date: /root/DroneOpsROS/install/mission_control/include/mission_control/mission_control/srv/detail
[3.886s] -- Installing: /root/DroneOpsROS/install/mission_control/include/mission_control/mission_control/srv/detail/altitud__rosidl_typesupport_fastrtps_c.h
[3.886s] -- Installing: /root/DroneOpsROS/install/mission_control/lib/libmission_control__rosidl_typesupport_fastrtps_c.so
[3.887s] -- Set runtime path of "/root/DroneOpsROS/install/mission_control/lib/libmission_control__rosidl_typesupport_fastrtps_c.so" to ""
[3.887s] -- Up-to-date: /root/DroneOpsROS/install/mission_control/include/mission_control/mission_control
[3.887s] -- Up-to-date: /root/DroneOpsROS/install/mission_control/include/mission_control/mission_control/msg
[3.887s] -- Installing: /root/DroneOpsROS/install/mission_control/include/mission_control/mission_control/msg/rosidl_typesupport_introspection_c__visibility_control.h
[3.887s] -- Up-to-date: /root/DroneOpsROS/install/mission_control/include/mission_control/mission_control/srv
[3.887s] -- Up-to-date: /root/DroneOpsROS/install/mission_control/include/mission_control/mission_control/srv/detail
[3.887s] -- Installing: /root/DroneOpsROS/install/mission_control/include/mission_control/mission_control/srv/detail/altitud__type_support.c
[3.887s] -- Installing: /root/DroneOpsROS/install/mission_control/include/mission_control/mission_control/srv/detail/altitud__rosidl_typesupport_introspection_c.h
[3.887s] -- Installing: /root/DroneOpsROS/install/mission_control/lib/libmission_control__rosidl_typesupport_introspection_c.so
[3.888s] -- Set runtime path of "/root/DroneOpsROS/install/mission_control/lib/libmission_control__rosidl_typesupport_introspection_c.so" to ""
[3.888s] -- Installing: /root/DroneOpsROS/install/mission_control/lib/libmission_control__rosidl_typesupport_c.so
[3.889s] -- Set runtime path of "/root/DroneOpsROS/install/mission_control/lib/libmission_control__rosidl_typesupport_c.so" to ""
[3.889s] -- Up-to-date: /root/DroneOpsROS/install/mission_control/include/mission_control/mission_control
[3.889s] -- Up-to-date: /root/DroneOpsROS/install/mission_control/include/mission_control/mission_control/msg
[3.889s] -- Installing: /root/DroneOpsROS/install/mission_control/include/mission_control/mission_control/msg/rosidl_generator_cpp__visibility_control.hpp
[3.889s] -- Up-to-date: /root/DroneOpsROS/install/mission_control/include/mission_control/mission_control/srv
[3.889s] -- Up-to-date: /root/DroneOpsROS/install/mission_control/include/mission_control/mission_control/srv/detail
[3.889s] -- Installing: /root/DroneOpsROS/install/mission_control/include/mission_control/mission_control/srv/detail/altitud__builder.hpp
[3.889s] -- Installing: /root/DroneOpsROS/install/mission_control/include/mission_control/mission_control/srv/detail/altitud__traits.hpp
[3.889s] -- Installing: /root/DroneOpsROS/install/mission_control/include/mission_control/mission_control/srv/detail/altitud__struct.hpp
[3.889s] -- Installing: /root/DroneOpsROS/install/mission_control/include/mission_control/mission_control/srv/detail/altitud__type_support.hpp
[3.889s] -- Installing: /root/DroneOpsROS/install/mission_control/include/mission_control/mission_control/srv/altitud.hpp
[3.889s] -- Up-to-date: /root/DroneOpsROS/install/mission_control/include/mission_control/mission_control
[3.889s] -- Up-to-date: /root/DroneOpsROS/install/mission_control/include/mission_control/mission_control/msg
[3.890s] -- Installing: /root/DroneOpsROS/install/mission_control/include/mission_control/mission_control/msg/rosidl_typesupport_fastrtps_cpp__visibility_control.h
[3.890s] -- Up-to-date: /root/DroneOpsROS/install/mission_control/include/mission_control/mission_control/srv
[3.890s] -- Up-to-date: /root/DroneOpsROS/install/mission_control/include/mission_control/mission_control/srv/detail
[3.890s] -- Installing: /root/DroneOpsROS/install/mission_control/include/mission_control/mission_control/srv/detail/altitud__rosidl_typesupport_fastrtps_cpp.hpp
[3.890s] -- Installing: /root/DroneOpsROS/install/mission_control/include/mission_control/mission_control/srv/detail/dds_fastrtps
[3.890s] -- Installing: /root/DroneOpsROS/install/mission_control/lib/libmission_control__rosidl_typesupport_fastrtps_cpp.so
[3.890s] -- Set runtime path of "/root/DroneOpsROS/install/mission_control/lib/libmission_control__rosidl_typesupport_fastrtps_cpp.so" to ""
[3.891s] -- Up-to-date: /root/DroneOpsROS/install/mission_control/include/mission_control/mission_control
[3.891s] -- Up-to-date: /root/DroneOpsROS/install/mission_control/include/mission_control/mission_control/srv
[3.891s] -- Up-to-date: /root/DroneOpsROS/install/mission_control/include/mission_control/mission_control/srv/detail
[3.891s] -- Installing: /root/DroneOpsROS/install/mission_control/include/mission_control/mission_control/srv/detail/altitud__type_support.cpp
[3.891s] -- Installing: /root/DroneOpsROS/install/mission_control/include/mission_control/mission_control/srv/detail/altitud__rosidl_typesupport_introspection_cpp.hpp
[3.891s] -- Installing: /root/DroneOpsROS/install/mission_control/lib/libmission_control__rosidl_typesupport_introspection_cpp.so
[3.891s] -- Set runtime path of "/root/DroneOpsROS/install/mission_control/lib/libmission_control__rosidl_typesupport_introspection_cpp.so" to ""
[3.892s] -- Installing: /root/DroneOpsROS/install/mission_control/lib/libmission_control__rosidl_typesupport_cpp.so
[3.892s] -- Set runtime path of "/root/DroneOpsROS/install/mission_control/lib/libmission_control__rosidl_typesupport_cpp.so" to ""
[3.892s] -- Installing: /root/DroneOpsROS/install/mission_control/share/mission_control/environment/pythonpath.sh
[3.892s] -- Installing: /root/DroneOpsROS/install/mission_control/share/mission_control/environment/pythonpath.dsv
[3.892s] -- Installing: /root/DroneOpsROS/install/mission_control/local/lib/python3.10/dist-packages/mission_control-0.0.0-py3.10.egg-info
[3.892s] -- Installing: /root/DroneOpsROS/install/mission_control/local/lib/python3.10/dist-packages/mission_control-0.0.0-py3.10.egg-info/dependency_links.txt
[3.893s] -- Installing: /root/DroneOpsROS/install/mission_control/local/lib/python3.10/dist-packages/mission_control-0.0.0-py3.10.egg-info/PKG-INFO
[3.893s] -- Installing: /root/DroneOpsROS/install/mission_control/local/lib/python3.10/dist-packages/mission_control-0.0.0-py3.10.egg-info/top_level.txt
[3.893s] -- Installing: /root/DroneOpsROS/install/mission_control/local/lib/python3.10/dist-packages/mission_control-0.0.0-py3.10.egg-info/SOURCES.txt
[3.893s] -- Installing: /root/DroneOpsROS/install/mission_control/local/lib/python3.10/dist-packages/mission_control
[3.893s] -- Installing: /root/DroneOpsROS/install/mission_control/local/lib/python3.10/dist-packages/mission_control/__init__.py
[3.893s] -- Installing: /root/DroneOpsROS/install/mission_control/local/lib/python3.10/dist-packages/mission_control/_mission_control_s.ep.rosidl_typesupport_introspection_c.c
[3.893s] -- Installing: /root/DroneOpsROS/install/mission_control/local/lib/python3.10/dist-packages/mission_control/_mission_control_s.ep.rosidl_typesupport_c.c
[3.894s] -- Installing: /root/DroneOpsROS/install/mission_control/local/lib/python3.10/dist-packages/mission_control/_mission_control_s.ep.rosidl_typesupport_fastrtps_c.c
[3.894s] -- Installing: /root/DroneOpsROS/install/mission_control/local/lib/python3.10/dist-packages/mission_control/mission_control_s__rosidl_typesupport_introspection_c.cpython-310-x86_64-linux-gnu.so
[3.894s] -- Installing: /root/DroneOpsROS/install/mission_control/local/lib/python3.10/dist-packages/mission_control/mission_control_s__rosidl_typesupport_c.cpython-310-x86_64-linux-gnu.so
[3.894s] -- Installing: /root/DroneOpsROS/install/mission_control/local/lib/python3.10/dist-packages/mission_control/srv
[3.894s] -- Installing: /root/DroneOpsROS/install/mission_control/local/lib/python3.10/dist-packages/mission_control/srv/__init__.py
[3.894s] -- Installing: /root/DroneOpsROS/install/mission_control/local/lib/python3.10/dist-packages/mission_control/srv/_altitud.py
[3.894s] -- Installing: /root/DroneOpsROS/install/mission_control/local/lib/python3.10/dist-packages/mission_control/srv/_altitud_s.c
[3.894s] -- Installing: /root/DroneOpsROS/install/mission_control/local/lib/python3.10/dist-packages/mission_control/mission_control_s__rosidl_typesupport_fastrtps_c.cpython-310-x86_64-linux-gnu.so
[3.894s] -- Installing: /root/DroneOpsROS/install/mission_control/local/lib/python3.10/dist-packages/mission_control/libmission_control__rosidl_generator_py.so
[3.930s] Listing '/root/DroneOpsROS/install/mission_control/local/lib/python3.10/dist-packages/mission_control'...
[3.930s] Compiling '/root/DroneOpsROS/install/mission_control/local/lib/python3.10/dist-packages/mission_control/__init__.py'...
[3.930s] Listing '/root/DroneOpsROS/install/mission_control/local/lib/python3.10/dist-packages/mission_control/srv'...
[3.930s] Compiling '/root/DroneOpsROS/install/mission_control/local/lib/python3.10/dist-packages/mission_control/srv/__init__.py'...
[3.930s] Compiling '/root/DroneOpsROS/install/mission_control/local/lib/python3.10/dist-packages/mission_control/srv/_altitud.py'...
[3.934s] -- Installing: /root/DroneOpsROS/install/mission_control/local/lib/python3.10/dist-packages/mission_control/mission_control_s__rosidl_typesupport_fastrtps_c.cpython-310-x86_64-linux-gnu.so
[3.934s] -- Set runtime path of "/root/DroneOpsROS/install/mission_control/local/lib/python3.10/dist-packages/mission_control/mission_control_s__rosidl_typesupport_fastrtps_c.cpython-310-x86_64-linux-gnu.so" to ""
[3.935s] -- Installing: /root/DroneOpsROS/install/mission_control/local/lib/python3.10/dist-packages/mission_control/mission_control_s__rosidl_typesupport_introspection_c.cpython-310-x86_64-linux-gnu.so
[3.935s] -- Set runtime path of "/root/DroneOpsROS/install/mission_control/local/lib/python3.10/dist-packages/mission_control/mission_control_s__rosidl_typesupport_introspection_c.cpython-310-x86_64-linux-gnu.so" to ""
[3.935s] -- Installing: /root/DroneOpsROS/install/mission_control/local/lib/python3.10/dist-packages/mission_control/mission_control_s__rosidl_typesupport_c.cpython-310-x86_64-linux-gnu.so
[3.936s] -- Set runtime path of "/root/DroneOpsROS/install/mission_control/local/lib/python3.10/dist-packages/mission_control/mission_control_s__rosidl_typesupport_c.cpython-310-x86_64-linux-gnu.so" to ""
[3.936s] -- Installing: /root/DroneOpsROS/install/mission_control/lib/libmission_control__rosidl_generator_py.so
[3.936s] -- Set runtime path of "/root/DroneOpsROS/install/mission_control/lib/libmission_control__rosidl_generator_py.so" to ""
[3.937s] -- Installing: /root/DroneOpsROS/install/mission_control/share/mission_control/srv/Altitud.idl
[3.937s] -- Installing: /root/DroneOpsROS/install/mission_control/share/mission_control/srv/Altitud.srv
[3.937s] -- Installing: /root/DroneOpsROS/install/mission_control/share/mission_control/srv/Altitud_Request.msg
[3.937s] -- Installing: /root/DroneOpsROS/install/mission_control/share/mission_control/srv/Altitud_Response.msg
[3.937s] -- Installing: /root/DroneOpsROS/install/mission_control/lib/mission_control
[3.937s] -- Installing: /root/DroneOpsROS/install/mission_control/lib/mission_control/__init__.py
[3.937s] -- Installing: /root/DroneOpsROS/install/mission_control/lib/mission_control/mission_manager.py
[3.937s] -- Installing: /root/DroneOpsROS/install/mission_control/lib/mission_control/takeoff.py
[3.937s] -- Installing: /root/DroneOpsROS/install/mission_control/lib/mission_control/arm_drone.py
[3.938s] -- Installing: /root/DroneOpsROS/install/mission_control/lib/mission_control/takeoff
[3.938s] -- Installing: /root/DroneOpsROS/install/mission_control/lib/mission_control/arm_drone
[3.938s] -- Installing: /root/DroneOpsROS/install/mission_control/lib/mission_control/mission_manager
[3.938s] -- Installing: /root/DroneOpsROS/install/mission_control/share/ament_index/resource_index/package_run_dependencies/mission_control
[3.938s] -- Installing: /root/DroneOpsROS/install/mission_control/share/ament_index/resource_index/parent_prefix_path/mission_control
[3.938s] -- Installing: /root/DroneOpsROS/install/mission_control/share/mission_control/environment/ament_prefix_path.sh
[3.939s] -- Installing: /root/DroneOpsROS/install/mission_control/share/mission_control/environment/ament_prefix_path.dsv
[3.939s] -- Installing: /root/DroneOpsROS/install/mission_control/share/mission_control/environment/path.sh
[3.939s] -- Installing: /root/DroneOpsROS/install/mission_control/share/mission_control/environment/path.dsv
[3.939s] -- Installing: /root/DroneOpsROS/install/mission_control/share/mission_control/local_setup.bash
[3.939s] -- Installing: /root/DroneOpsROS/install/mission_control/share/mission_control/local_setup.sh
[3.939s] -- Installing: /root/DroneOpsROS/install/mission_control/share/mission_control/local_setup.zsh
[3.939s] -- Installing: /root/DroneOpsROS/install/mission_control/share/mission_control/local_setup.dsv
[3.940s] -- Installing: /root/DroneOpsROS/install/mission_control/share/mission_control/package.dsv
[3.940s] -- Installing: /root/DroneOpsROS/install/mission_control/share/ament_index/resource_index/packages/mission_control
[3.940s] -- Installing: /root/DroneOpsROS/install/mission_control/share/mission_control/cmake/export_mission_control__rosidl_generator_cExport.cmake
[3.940s] -- Installing: /root/DroneOpsROS/install/mission_control/share/mission_control/cmake/export_mission_control__rosidl_generator_cExport-noconfig.cmake
[3.940s] -- Installing: /root/DroneOpsROS/install/mission_control/share/mission_control/cmake/export_mission_control__rosidl_typesupport_fastrtps_cExport.cmake
[3.940s] -- Installing: /root/DroneOpsROS/install/mission_control/share/mission_control/cmake/export_mission_control__rosidl_typesupport_fastrtps_cExport-noconfig.cmake
[3.941s] -- Installing: /root/DroneOpsROS/install/mission_control/share/mission_control/cmake/mission_control__rosidl_typesupport_introspection_cExport.cmake
[3.941s] -- Installing: /root/DroneOpsROS/install/mission_control/share/mission_control/cmake/mission_control__rosidl_typesupport_introspection_cExport-noconfig.cmake
[3.941s] -- Installing: /root/DroneOpsROS/install/mission_control/share/mission_control/cmake/mission_control__rosidl_typesupport_cExport.cmake
[3.941s] -- Installing: /root/DroneOpsROS/install/mission_control/share/mission_control/cmake/mission_control__rosidl_typesupport_cExport-noconfig.cmake
[3.941s] -- Installing: /root/DroneOpsROS/install/mission_control/share/mission_control/cmake/export_mission_control__rosidl_generator_cppExport.cmake
[3.941s] -- Installing: /root/DroneOpsROS/install/mission_control/share/mission_control/cmake/export_mission_control__rosidl_typesupport_fastrtps_cppExport.cmake
[3.941s] -- Installing: /root/DroneOpsROS/install/mission_control/share/mission_control/cmake/export_mission_control__rosidl_typesupport_fastrtps_cppExport-noconfig.cmake
[3.942s] -- Installing: /root/DroneOpsROS/install/mission_control/share/mission_control/cmake/mission_control__rosidl_typesupport_introspection_cppExport.cmake
[3.942s] -- Installing: /root/DroneOpsROS/install/mission_control/share/mission_control/cmake/mission_control__rosidl_typesupport_introspection_cppExport-noconfig.cmake
[3.942s] -- Installing: /root/DroneOpsROS/install/mission_control/share/mission_control/cmake/mission_control__rosidl_typesupport_cppExport.cmake
[3.942s] -- Installing: /root/DroneOpsROS/install/mission_control/share/mission_control/cmake/mission_control__rosidl_typesupport_cppExport-noconfig.cmake
[3.942s] -- Installing: /root/DroneOpsROS/install/mission_control/share/mission_control/cmake/export_mission_control__rosidl_generator_pyExport.cmake
[3.942s] -- Installing: /root/DroneOpsROS/install/mission_control/share/mission_control/cmake/export_mission_control__rosidl_generator_pyExport-noconfig.cmake
[3.942s] -- Installing: /root/DroneOpsROS/install/mission_control/share/mission_control/cmake/rosidl_cmake-extras.cmake
[3.943s] -- Installing: /root/DroneOpsROS/install/mission_control/share/mission_control/cmake/ament_cmake_export_include_directories-extras.cmake
[3.943s] -- Installing: /root/DroneOpsROS/install/mission_control/share/mission_control/cmake/ament_cmake_export_libraries-extras.cmake
[3.943s] -- Installing: /root/DroneOpsROS/install/mission_control/share/mission_control/cmake/ament_cmake_export_targets-extras.cmake
[3.943s] -- Installing: /root/DroneOpsROS/install/mission_control/share/mission_control/cmake/rosidl_cmake_export_typesupport_targets-extras.cmake
[3.943s] -- Installing: /root/DroneOpsROS/install/mission_control/share/mission_control/cmake/ament_cmake_export_dependencies-extras.cmake
[3.943s] -- Installing: /root/DroneOpsROS/install/mission_control/share/mission_control/cmake/rosidl_cmake_export_typesupport_libraries-extras.cmake
[3.943s] -- Installing: /root/DroneOpsROS/install/mission_control/share/mission_control/cmake/mission_controlConfig.cmake
[3.943s] -- Installing: /root/DroneOpsROS/install/mission_control/share/mission_control/cmake/mission_controlConfig-version.cmake
[3.943s] -- Installing: /root/DroneOpsROS/install/mission_control/share/mission_control/package.xml
[3.946s] Invoked command in '/root/DroneOpsROS/build/mission_control' returned '0': CMAKE_PREFIX_PATH=/root/DroneOpsROS/install/vision_system:/root/DroneOpsROS/install/mission_control:/root/DroneOpsROS/install/control_system:/opt/ros/humble /usr/bin/cmake --install /root/DroneOpsROS/build/mission_control
