/home/manuel/.local/lib/python3.10/site-packages/setuptools/_distutils/dist.py:289: UserWarning: Unknown distribution option: 'tests_require'
  warnings.warn(msg)
running egg_info
creating ../../build/mission_control/mission_control.egg-info
writing ../../build/mission_control/mission_control.egg-info/PKG-INFO
writing dependency_links to ../../build/mission_control/mission_control.egg-info/dependency_links.txt
writing entry points to ../../build/mission_control/mission_control.egg-info/entry_points.txt
writing requirements to ../../build/mission_control/mission_control.egg-info/requires.txt
writing top-level names to ../../build/mission_control/mission_control.egg-info/top_level.txt
writing manifest file '../../build/mission_control/mission_control.egg-info/SOURCES.txt'
reading manifest file '../../build/mission_control/mission_control.egg-info/SOURCES.txt'
writing manifest file '../../build/mission_control/mission_control.egg-info/SOURCES.txt'
running build
running build_py
creating /home/manuel/drone_ws/build/mission_control/build/lib/mission_control
copying mission_control/arm_drone.py -> /home/manuel/drone_ws/build/mission_control/build/lib/mission_control
copying mission_control/mission_manager.py -> /home/manuel/drone_ws/build/mission_control/build/lib/mission_control
copying mission_control/__init__.py -> /home/manuel/drone_ws/build/mission_control/build/lib/mission_control
running install
running install_lib
creating /home/manuel/drone_ws/install/mission_control/lib/python3.10/site-packages/mission_control
copying /home/manuel/drone_ws/build/mission_control/build/lib/mission_control/arm_drone.py -> /home/manuel/drone_ws/install/mission_control/lib/python3.10/site-packages/mission_control
copying /home/manuel/drone_ws/build/mission_control/build/lib/mission_control/mission_manager.py -> /home/manuel/drone_ws/install/mission_control/lib/python3.10/site-packages/mission_control
copying /home/manuel/drone_ws/build/mission_control/build/lib/mission_control/__init__.py -> /home/manuel/drone_ws/install/mission_control/lib/python3.10/site-packages/mission_control
byte-compiling /home/manuel/drone_ws/install/mission_control/lib/python3.10/site-packages/mission_control/arm_drone.py to arm_drone.cpython-310.pyc
byte-compiling /home/manuel/drone_ws/install/mission_control/lib/python3.10/site-packages/mission_control/mission_manager.py to mission_manager.cpython-310.pyc
byte-compiling /home/manuel/drone_ws/install/mission_control/lib/python3.10/site-packages/mission_control/__init__.py to __init__.cpython-310.pyc
running install_data
creating /home/manuel/drone_ws/install/mission_control/share/ament_index/resource_index/packages
copying resource/mission_control -> /home/manuel/drone_ws/install/mission_control/share/ament_index/resource_index/packages
copying package.xml -> /home/manuel/drone_ws/install/mission_control/share/mission_control
running install_egg_info
Copying ../../build/mission_control/mission_control.egg-info to /home/manuel/drone_ws/install/mission_control/lib/python3.10/site-packages/mission_control-0.0.0-py3.10.egg-info
running install_scripts
Installing arm_drone script to /home/manuel/drone_ws/install/mission_control/lib/mission_control
Installing mission_manager script to /home/manuel/drone_ws/install/mission_control/lib/mission_control
writing list of installed files to '/home/manuel/drone_ws/build/mission_control/install.log'
