[2.242s] Invoking command in '/home/manuel/drone_ws/src/mission_control': PYTHONPATH=/home/manuel/drone_ws/build/mission_control/prefix_override:/usr/lib/python3/dist-packages/colcon_core/task/python/colcon_distutils_commands:/home/manuel/drone_ws/install/mission_control/lib/python3.10/site-packages:${PYTHONPATH} /usr/bin/python3 -W ignore:setup.py install is deprecated -W ignore:easy_install command is deprecated setup.py egg_info --egg-base ../../build/mission_control build --build-base /home/manuel/drone_ws/build/mission_control/build install --record /home/manuel/drone_ws/build/mission_control/install.log --single-version-externally-managed install_data
[2.575s] /home/manuel/.local/lib/python3.10/site-packages/setuptools/_distutils/dist.py:289: UserWarning: Unknown distribution option: 'tests_require'
[2.575s]   warnings.warn(msg)
[2.753s] running egg_info
[2.783s] creating ../../build/mission_control/mission_control.egg-info
[2.784s] writing ../../build/mission_control/mission_control.egg-info/PKG-INFO
[2.785s] writing dependency_links to ../../build/mission_control/mission_control.egg-info/dependency_links.txt
[2.785s] writing entry points to ../../build/mission_control/mission_control.egg-info/entry_points.txt
[2.785s] writing requirements to ../../build/mission_control/mission_control.egg-info/requires.txt
[2.785s] writing top-level names to ../../build/mission_control/mission_control.egg-info/top_level.txt
[2.786s] writing manifest file '../../build/mission_control/mission_control.egg-info/SOURCES.txt'
[2.843s] reading manifest file '../../build/mission_control/mission_control.egg-info/SOURCES.txt'
[2.845s] writing manifest file '../../build/mission_control/mission_control.egg-info/SOURCES.txt'
[2.845s] running build
[2.845s] running build_py
[2.846s] creating /home/manuel/drone_ws/build/mission_control/build/lib/mission_control
[2.846s] copying mission_control/arm_drone.py -> /home/manuel/drone_ws/build/mission_control/build/lib/mission_control
[2.846s] copying mission_control/mission_manager.py -> /home/manuel/drone_ws/build/mission_control/build/lib/mission_control
[2.847s] copying mission_control/__init__.py -> /home/manuel/drone_ws/build/mission_control/build/lib/mission_control
[2.847s] running install
[2.854s] running install_lib
[2.886s] creating /home/manuel/drone_ws/install/mission_control/lib/python3.10/site-packages/mission_control
[2.886s] copying /home/manuel/drone_ws/build/mission_control/build/lib/mission_control/arm_drone.py -> /home/manuel/drone_ws/install/mission_control/lib/python3.10/site-packages/mission_control
[2.886s] copying /home/manuel/drone_ws/build/mission_control/build/lib/mission_control/mission_manager.py -> /home/manuel/drone_ws/install/mission_control/lib/python3.10/site-packages/mission_control
[2.886s] copying /home/manuel/drone_ws/build/mission_control/build/lib/mission_control/__init__.py -> /home/manuel/drone_ws/install/mission_control/lib/python3.10/site-packages/mission_control
[2.888s] byte-compiling /home/manuel/drone_ws/install/mission_control/lib/python3.10/site-packages/mission_control/arm_drone.py to arm_drone.cpython-310.pyc
[2.891s] byte-compiling /home/manuel/drone_ws/install/mission_control/lib/python3.10/site-packages/mission_control/mission_manager.py to mission_manager.cpython-310.pyc
[2.892s] byte-compiling /home/manuel/drone_ws/install/mission_control/lib/python3.10/site-packages/mission_control/__init__.py to __init__.cpython-310.pyc
[2.892s] running install_data
[2.893s] creating /home/manuel/drone_ws/install/mission_control/share/ament_index/resource_index/packages
[2.893s] copying resource/mission_control -> /home/manuel/drone_ws/install/mission_control/share/ament_index/resource_index/packages
[2.894s] copying package.xml -> /home/manuel/drone_ws/install/mission_control/share/mission_control
[2.894s] running install_egg_info
[2.931s] Copying ../../build/mission_control/mission_control.egg-info to /home/manuel/drone_ws/install/mission_control/lib/python3.10/site-packages/mission_control-0.0.0-py3.10.egg-info
[2.933s] running install_scripts
[3.143s] Installing arm_drone script to /home/manuel/drone_ws/install/mission_control/lib/mission_control
[3.143s] Installing mission_manager script to /home/manuel/drone_ws/install/mission_control/lib/mission_control
[3.145s] writing list of installed files to '/home/manuel/drone_ws/build/mission_control/install.log'
[3.196s] Invoked command in '/home/manuel/drone_ws/src/mission_control' returned '0': PYTHONPATH=/home/manuel/drone_ws/build/mission_control/prefix_override:/usr/lib/python3/dist-packages/colcon_core/task/python/colcon_distutils_commands:/home/manuel/drone_ws/install/mission_control/lib/python3.10/site-packages:${PYTHONPATH} /usr/bin/python3 -W ignore:setup.py install is deprecated -W ignore:easy_install command is deprecated setup.py egg_info --egg-base ../../build/mission_control build --build-base /home/manuel/drone_ws/build/mission_control/build install --record /home/manuel/drone_ws/build/mission_control/install.log --single-version-externally-managed install_data
