[2.185s] Invoking command in '/home/manuel/drone_ws/src/my_aruco_detector': PYTHONPATH=/home/manuel/drone_ws/build/my_aruco_detector/prefix_override:/usr/lib/python3/dist-packages/colcon_core/task/python/colcon_distutils_commands:/home/manuel/drone_ws/install/my_aruco_detector/lib/python3.10/site-packages:${PYTHONPATH} /usr/bin/python3 -W ignore:setup.py install is deprecated -W ignore:easy_install command is deprecated setup.py egg_info --egg-base ../../build/my_aruco_detector build --build-base /home/manuel/drone_ws/build/my_aruco_detector/build install --record /home/manuel/drone_ws/build/my_aruco_detector/install.log --single-version-externally-managed install_data
[2.441s] /home/manuel/.local/lib/python3.10/site-packages/setuptools/_distutils/dist.py:289: UserWarning: Unknown distribution option: 'tests_require'
[2.441s]   warnings.warn(msg)
[2.573s] running egg_info
[2.599s] creating ../../build/my_aruco_detector/my_aruco_detector.egg-info
[2.599s] writing ../../build/my_aruco_detector/my_aruco_detector.egg-info/PKG-INFO
[2.600s] writing dependency_links to ../../build/my_aruco_detector/my_aruco_detector.egg-info/dependency_links.txt
[2.600s] writing entry points to ../../build/my_aruco_detector/my_aruco_detector.egg-info/entry_points.txt
[2.600s] writing requirements to ../../build/my_aruco_detector/my_aruco_detector.egg-info/requires.txt
[2.601s] writing top-level names to ../../build/my_aruco_detector/my_aruco_detector.egg-info/top_level.txt
[2.601s] writing manifest file '../../build/my_aruco_detector/my_aruco_detector.egg-info/SOURCES.txt'
[2.646s] reading manifest file '../../build/my_aruco_detector/my_aruco_detector.egg-info/SOURCES.txt'
[2.647s] writing manifest file '../../build/my_aruco_detector/my_aruco_detector.egg-info/SOURCES.txt'
[2.647s] running build
[2.647s] running build_py
[2.648s] creating /home/manuel/drone_ws/build/my_aruco_detector/build/lib/my_aruco_detector
[2.648s] copying my_aruco_detector/aruco_detector.py -> /home/manuel/drone_ws/build/my_aruco_detector/build/lib/my_aruco_detector
[2.648s] copying my_aruco_detector/__init__.py -> /home/manuel/drone_ws/build/my_aruco_detector/build/lib/my_aruco_detector
[2.649s] running install
[2.656s] running install_lib
[2.684s] creating /home/manuel/drone_ws/install/my_aruco_detector/lib/python3.10/site-packages/my_aruco_detector
[2.684s] copying /home/manuel/drone_ws/build/my_aruco_detector/build/lib/my_aruco_detector/aruco_detector.py -> /home/manuel/drone_ws/install/my_aruco_detector/lib/python3.10/site-packages/my_aruco_detector
[2.684s] copying /home/manuel/drone_ws/build/my_aruco_detector/build/lib/my_aruco_detector/__init__.py -> /home/manuel/drone_ws/install/my_aruco_detector/lib/python3.10/site-packages/my_aruco_detector
[2.685s] byte-compiling /home/manuel/drone_ws/install/my_aruco_detector/lib/python3.10/site-packages/my_aruco_detector/aruco_detector.py to aruco_detector.cpython-310.pyc
[2.687s] byte-compiling /home/manuel/drone_ws/install/my_aruco_detector/lib/python3.10/site-packages/my_aruco_detector/__init__.py to __init__.cpython-310.pyc
[2.687s] running install_data
[2.688s] creating /home/manuel/drone_ws/install/my_aruco_detector/share/ament_index/resource_index/packages
[2.689s] copying resource/my_aruco_detector -> /home/manuel/drone_ws/install/my_aruco_detector/share/ament_index/resource_index/packages
[2.690s] copying package.xml -> /home/manuel/drone_ws/install/my_aruco_detector/share/my_aruco_detector
[2.690s] running install_egg_info
[2.714s] Copying ../../build/my_aruco_detector/my_aruco_detector.egg-info to /home/manuel/drone_ws/install/my_aruco_detector/lib/python3.10/site-packages/my_aruco_detector-0.0.0-py3.10.egg-info
[2.714s] running install_scripts
[2.904s] Installing aruco_detector script to /home/manuel/drone_ws/install/my_aruco_detector/lib/my_aruco_detector
[2.904s] writing list of installed files to '/home/manuel/drone_ws/build/my_aruco_detector/install.log'
[3.014s] Invoked command in '/home/manuel/drone_ws/src/my_aruco_detector' returned '0': PYTHONPATH=/home/manuel/drone_ws/build/my_aruco_detector/prefix_override:/usr/lib/python3/dist-packages/colcon_core/task/python/colcon_distutils_commands:/home/manuel/drone_ws/install/my_aruco_detector/lib/python3.10/site-packages:${PYTHONPATH} /usr/bin/python3 -W ignore:setup.py install is deprecated -W ignore:easy_install command is deprecated setup.py egg_info --egg-base ../../build/my_aruco_detector build --build-base /home/manuel/drone_ws/build/my_aruco_detector/build install --record /home/manuel/drone_ws/build/my_aruco_detector/install.log --single-version-externally-managed install_data
