[1.743s] Invoking command in '/root/DroneOpsROS/src/vision_system': PYTHONPATH=/root/DroneOpsROS/build/vision_system/prefix_override:/root/DroneOpsROS/install/vision_system/lib/python3.8/site-packages:${PYTHONPATH} /usr/bin/python3 setup.py egg_info --egg-base ../../build/vision_system build --build-base /root/DroneOpsROS/build/vision_system/build install --record /root/DroneOpsROS/build/vision_system/install.log --install-scripts $base/lib/vision_system --single-version-externally-managed
[2.188s] running egg_info
[2.189s] writing ../../build/vision_system/vision_system.egg-info/PKG-INFO
[2.190s] writing dependency_links to ../../build/vision_system/vision_system.egg-info/dependency_links.txt
[2.190s] writing entry points to ../../build/vision_system/vision_system.egg-info/entry_points.txt
[2.190s] writing requirements to ../../build/vision_system/vision_system.egg-info/requires.txt
[2.190s] writing top-level names to ../../build/vision_system/vision_system.egg-info/top_level.txt
[2.270s] reading manifest file '../../build/vision_system/vision_system.egg-info/SOURCES.txt'
[2.273s] writing manifest file '../../build/vision_system/vision_system.egg-info/SOURCES.txt'
[2.274s] running build
[2.274s] running build_py
[2.274s] running install
[2.276s] running install_lib
[2.279s] running install_data
[2.280s] running install_egg_info
[2.284s] removing '/root/DroneOpsROS/install/vision_system/lib/python3.8/site-packages/vision_system-0.0.0-py3.8.egg-info' (and everything under it)
[2.285s] Copying ../../build/vision_system/vision_system.egg-info to /root/DroneOpsROS/install/vision_system/lib/python3.8/site-packages/vision_system-0.0.0-py3.8.egg-info
[2.287s] running install_scripts
[2.330s] Installing aruco_detector script to /root/DroneOpsROS/install/vision_system/lib/vision_system
[2.330s] Installing camera_node script to /root/DroneOpsROS/install/vision_system/lib/vision_system
[2.331s] writing list of installed files to '/root/DroneOpsROS/build/vision_system/install.log'
[2.380s] Invoked command in '/root/DroneOpsROS/src/vision_system' returned '0': PYTHONPATH=/root/DroneOpsROS/build/vision_system/prefix_override:/root/DroneOpsROS/install/vision_system/lib/python3.8/site-packages:${PYTHONPATH} /usr/bin/python3 setup.py egg_info --egg-base ../../build/vision_system build --build-base /root/DroneOpsROS/build/vision_system/build install --record /root/DroneOpsROS/build/vision_system/install.log --install-scripts $base/lib/vision_system --single-version-externally-managed
