/root/DroneOpsROS/install/mission_control/lib/python3.10/site-packages/mission_control/__init__.py
/root/DroneOpsROS/install/mission_control/lib/python3.10/site-packages/mission_control/mission_manager.py
/root/DroneOpsROS/install/mission_control/lib/python3.10/site-packages/mission_control/takeoff.py
/root/DroneOpsROS/install/mission_control/lib/python3.10/site-packages/mission_control/arm_drone.py
/root/DroneOpsROS/install/mission_control/lib/python3.10/site-packages/mission_control/__pycache__/__init__.cpython-310.pyc
/root/DroneOpsROS/install/mission_control/lib/python3.10/site-packages/mission_control/__pycache__/mission_manager.cpython-310.pyc
/root/DroneOpsROS/install/mission_control/lib/python3.10/site-packages/mission_control/__pycache__/takeoff.cpython-310.pyc
/root/DroneOpsROS/install/mission_control/lib/python3.10/site-packages/mission_control/__pycache__/arm_drone.cpython-310.pyc
/root/DroneOpsROS/install/mission_control/share/ament_index/resource_index/packages/mission_control
/root/DroneOpsROS/install/mission_control/share/mission_control/package.xml
/root/DroneOpsROS/install/mission_control/share/mission_control/launch/mavros_launch.py
/root/DroneOpsROS/install/mission_control/share/mission_control/config
/root/DroneOpsROS/install/mission_control/lib/python3.10/site-packages/mission_control-0.0.0-py3.10.egg-info/dependency_links.txt
/root/DroneOpsROS/install/mission_control/lib/python3.10/site-packages/mission_control-0.0.0-py3.10.egg-info/PKG-INFO
/root/DroneOpsROS/install/mission_control/lib/python3.10/site-packages/mission_control-0.0.0-py3.10.egg-info/top_level.txt
/root/DroneOpsROS/install/mission_control/lib/python3.10/site-packages/mission_control-0.0.0-py3.10.egg-info/zip-safe
/root/DroneOpsROS/install/mission_control/lib/python3.10/site-packages/mission_control-0.0.0-py3.10.egg-info/entry_points.txt
/root/DroneOpsROS/install/mission_control/lib/python3.10/site-packages/mission_control-0.0.0-py3.10.egg-info/requires.txt
/root/DroneOpsROS/install/mission_control/lib/python3.10/site-packages/mission_control-0.0.0-py3.10.egg-info/SOURCES.txt
/root/DroneOpsROS/install/mission_control/lib/mission_control/arm_drone
/root/DroneOpsROS/install/mission_control/lib/mission_control/mission_manager
/root/DroneOpsROS/install/mission_control/lib/mission_control/takeoff
