[0.973s] Invoking command in '/root/DroneOpsROS/src/control_system': PYTHONPATH=/root/DroneOpsROS/build/control_system/prefix_override:/root/DroneOpsROS/install/control_system/lib/python3.8/site-packages:${PYTHONPATH} /usr/bin/python3 setup.py egg_info --egg-base ../../build/control_system build --build-base /root/DroneOpsROS/build/control_system/build install --record /root/DroneOpsROS/build/control_system/install.log --install-scripts $base/lib/control_system --single-version-externally-managed
[1.295s] running egg_info
[1.295s] writing ../../build/control_system/control_system.egg-info/PKG-INFO
[1.295s] writing dependency_links to ../../build/control_system/control_system.egg-info/dependency_links.txt
[1.296s] writing entry points to ../../build/control_system/control_system.egg-info/entry_points.txt
[1.296s] writing requirements to ../../build/control_system/control_system.egg-info/requires.txt
[1.296s] writing top-level names to ../../build/control_system/control_system.egg-info/top_level.txt
[1.355s] reading manifest file '../../build/control_system/control_system.egg-info/SOURCES.txt'
[1.356s] writing manifest file '../../build/control_system/control_system.egg-info/SOURCES.txt'
[1.356s] running build
[1.356s] running build_py
[1.356s] copying control_system/nodo_control.py -> /root/DroneOpsROS/build/control_system/build/lib/control_system
[1.357s] running install
[1.358s] running install_lib
[1.359s] copying /root/DroneOpsROS/build/control_system/build/lib/control_system/nodo_control.py -> /root/DroneOpsROS/install/control_system/lib/python3.8/site-packages/control_system
[1.360s] byte-compiling /root/DroneOpsROS/install/control_system/lib/python3.8/site-packages/control_system/nodo_control.py to nodo_control.cpython-38.pyc
[1.362s] running install_data
[1.363s] running install_egg_info
[1.366s] removing '/root/DroneOpsROS/install/control_system/lib/python3.8/site-packages/control_system-0.0.0-py3.8.egg-info' (and everything under it)
[1.366s] Copying ../../build/control_system/control_system.egg-info to /root/DroneOpsROS/install/control_system/lib/python3.8/site-packages/control_system-0.0.0-py3.8.egg-info
[1.367s] running install_scripts
[1.391s] Installing nodo_control script to /root/DroneOpsROS/install/control_system/lib/control_system
[1.392s] writing list of installed files to '/root/DroneOpsROS/build/control_system/install.log'
[1.422s] Invoked command in '/root/DroneOpsROS/src/control_system' returned '0': PYTHONPATH=/root/DroneOpsROS/build/control_system/prefix_override:/root/DroneOpsROS/install/control_system/lib/python3.8/site-packages:${PYTHONPATH} /usr/bin/python3 setup.py egg_info --egg-base ../../build/control_system build --build-base /root/DroneOpsROS/build/control_system/build install --record /root/DroneOpsROS/build/control_system/install.log --install-scripts $base/lib/control_system --single-version-externally-managed
