/home/manuel/.local/lib/python3.10/site-packages/setuptools/_distutils/dist.py:289: UserWarning: Unknown distribution option: 'tests_require'
  warnings.warn(msg)
running egg_info
creating ../../build/my_image_processor/my_image_processor.egg-info
writing ../../build/my_image_processor/my_image_processor.egg-info/PKG-INFO
writing dependency_links to ../../build/my_image_processor/my_image_processor.egg-info/dependency_links.txt
writing entry points to ../../build/my_image_processor/my_image_processor.egg-info/entry_points.txt
writing requirements to ../../build/my_image_processor/my_image_processor.egg-info/requires.txt
writing top-level names to ../../build/my_image_processor/my_image_processor.egg-info/top_level.txt
writing manifest file '../../build/my_image_processor/my_image_processor.egg-info/SOURCES.txt'
reading manifest file '../../build/my_image_processor/my_image_processor.egg-info/SOURCES.txt'
writing manifest file '../../build/my_image_processor/my_image_processor.egg-info/SOURCES.txt'
running build
running build_py
creating /home/manuel/drone_ws/build/my_image_processor/build/lib/my_image_processor
copying my_image_processor/image_viewer.py -> /home/manuel/drone_ws/build/my_image_processor/build/lib/my_image_processor
copying my_image_processor/__init__.py -> /home/manuel/drone_ws/build/my_image_processor/build/lib/my_image_processor
running install
running install_lib
creating /home/manuel/drone_ws/install/my_image_processor/lib/python3.10/site-packages/my_image_processor
copying /home/manuel/drone_ws/build/my_image_processor/build/lib/my_image_processor/image_viewer.py -> /home/manuel/drone_ws/install/my_image_processor/lib/python3.10/site-packages/my_image_processor
copying /home/manuel/drone_ws/build/my_image_processor/build/lib/my_image_processor/__init__.py -> /home/manuel/drone_ws/install/my_image_processor/lib/python3.10/site-packages/my_image_processor
byte-compiling /home/manuel/drone_ws/install/my_image_processor/lib/python3.10/site-packages/my_image_processor/image_viewer.py to image_viewer.cpython-310.pyc
byte-compiling /home/manuel/drone_ws/install/my_image_processor/lib/python3.10/site-packages/my_image_processor/__init__.py to __init__.cpython-310.pyc
running install_data
creating /home/manuel/drone_ws/install/my_image_processor/share/ament_index/resource_index/packages
copying resource/my_image_processor -> /home/manuel/drone_ws/install/my_image_processor/share/ament_index/resource_index/packages
copying package.xml -> /home/manuel/drone_ws/install/my_image_processor/share/my_image_processor
running install_egg_info
Copying ../../build/my_image_processor/my_image_processor.egg-info to /home/manuel/drone_ws/install/my_image_processor/lib/python3.10/site-packages/my_image_processor-0.0.0-py3.10.egg-info
running install_scripts
Installing image_viewer script to /home/manuel/drone_ws/install/my_image_processor/lib/my_image_processor
writing list of installed files to '/home/manuel/drone_ws/build/my_image_processor/install.log'
