[0.853s] Invoking command in '/home/manuel/drone_ws/src/my_image_processor': PYTHONPATH=/home/manuel/drone_ws/build/my_image_processor/prefix_override:/usr/lib/python3/dist-packages/colcon_core/task/python/colcon_distutils_commands:/home/manuel/drone_ws/install/my_image_processor/lib/python3.10/site-packages:${PYTHONPATH} /usr/bin/python3 -W ignore:setup.py install is deprecated -W ignore:easy_install command is deprecated setup.py egg_info --egg-base ../../build/my_image_processor build --build-base /home/manuel/drone_ws/build/my_image_processor/build install --record /home/manuel/drone_ws/build/my_image_processor/install.log --single-version-externally-managed install_data
[0.987s] /home/manuel/.local/lib/python3.10/site-packages/setuptools/_distutils/dist.py:289: UserWarning: Unknown distribution option: 'tests_require'
[0.987s]   warnings.warn(msg)
[1.054s] running egg_info
[1.064s] creating ../../build/my_image_processor/my_image_processor.egg-info
[1.064s] writing ../../build/my_image_processor/my_image_processor.egg-info/PKG-INFO
[1.065s] writing dependency_links to ../../build/my_image_processor/my_image_processor.egg-info/dependency_links.txt
[1.065s] writing entry points to ../../build/my_image_processor/my_image_processor.egg-info/entry_points.txt
[1.065s] writing requirements to ../../build/my_image_processor/my_image_processor.egg-info/requires.txt
[1.065s] writing top-level names to ../../build/my_image_processor/my_image_processor.egg-info/top_level.txt
[1.065s] writing manifest file '../../build/my_image_processor/my_image_processor.egg-info/SOURCES.txt'
[1.088s] reading manifest file '../../build/my_image_processor/my_image_processor.egg-info/SOURCES.txt'
[1.089s] writing manifest file '../../build/my_image_processor/my_image_processor.egg-info/SOURCES.txt'
[1.089s] running build
[1.090s] running build_py
[1.090s] creating /home/manuel/drone_ws/build/my_image_processor/build/lib/my_image_processor
[1.090s] copying my_image_processor/image_viewer.py -> /home/manuel/drone_ws/build/my_image_processor/build/lib/my_image_processor
[1.092s] copying my_image_processor/__init__.py -> /home/manuel/drone_ws/build/my_image_processor/build/lib/my_image_processor
[1.092s] running install
[1.096s] running install_lib
[1.107s] creating /home/manuel/drone_ws/install/my_image_processor/lib/python3.10/site-packages/my_image_processor
[1.107s] copying /home/manuel/drone_ws/build/my_image_processor/build/lib/my_image_processor/image_viewer.py -> /home/manuel/drone_ws/install/my_image_processor/lib/python3.10/site-packages/my_image_processor
[1.107s] copying /home/manuel/drone_ws/build/my_image_processor/build/lib/my_image_processor/__init__.py -> /home/manuel/drone_ws/install/my_image_processor/lib/python3.10/site-packages/my_image_processor
[1.108s] byte-compiling /home/manuel/drone_ws/install/my_image_processor/lib/python3.10/site-packages/my_image_processor/image_viewer.py to image_viewer.cpython-310.pyc
[1.108s] byte-compiling /home/manuel/drone_ws/install/my_image_processor/lib/python3.10/site-packages/my_image_processor/__init__.py to __init__.cpython-310.pyc
[1.108s] running install_data
[1.109s] creating /home/manuel/drone_ws/install/my_image_processor/share/ament_index/resource_index/packages
[1.109s] copying resource/my_image_processor -> /home/manuel/drone_ws/install/my_image_processor/share/ament_index/resource_index/packages
[1.109s] copying package.xml -> /home/manuel/drone_ws/install/my_image_processor/share/my_image_processor
[1.109s] running install_egg_info
[1.121s] Copying ../../build/my_image_processor/my_image_processor.egg-info to /home/manuel/drone_ws/install/my_image_processor/lib/python3.10/site-packages/my_image_processor-0.0.0-py3.10.egg-info
[1.122s] running install_scripts
[1.218s] Installing image_viewer script to /home/manuel/drone_ws/install/my_image_processor/lib/my_image_processor
[1.219s] writing list of installed files to '/home/manuel/drone_ws/build/my_image_processor/install.log'
[1.244s] Invoked command in '/home/manuel/drone_ws/src/my_image_processor' returned '0': PYTHONPATH=/home/manuel/drone_ws/build/my_image_processor/prefix_override:/usr/lib/python3/dist-packages/colcon_core/task/python/colcon_distutils_commands:/home/manuel/drone_ws/install/my_image_processor/lib/python3.10/site-packages:${PYTHONPATH} /usr/bin/python3 -W ignore:setup.py install is deprecated -W ignore:easy_install command is deprecated setup.py egg_info --egg-base ../../build/my_image_processor build --build-base /home/manuel/drone_ws/build/my_image_processor/build install --record /home/manuel/drone_ws/build/my_image_processor/install.log --single-version-externally-managed install_data
