[0.167s] DEBUG:colcon:Command line arguments: ['/usr/bin/colcon', 'build']
[0.167s] DEBUG:colcon:Parsed command line arguments: Namespace(log_base=None, log_level=None, verb_name='build', build_base='build', install_base='install', merge_install=False, symlink_install=False, test_result_base=None, continue_on_error=False, executor='parallel', parallel_workers=12, event_handlers=None, ignore_user_meta=False, metas=['./colcon.meta'], base_paths=['.'], packages_ignore=None, packages_ignore_regex=None, paths=None, packages_up_to=None, packages_up_to_regex=None, packages_above=None, packages_above_and_dependencies=None, packages_above_depth=None, packages_select_by_dep=None, packages_skip_by_dep=None, packages_skip_up_to=None, packages_select_build_failed=False, packages_skip_build_finished=False, packages_select_test_failures=False, packages_skip_test_passed=False, packages_select=None, packages_skip=None, packages_select_regex=None, packages_skip_regex=None, packages_start=None, packages_end=None, allow_overriding=[], cmake_args=None, cmake_target=None, cmake_target_skip_unavailable=False, cmake_clean_cache=False, cmake_clean_first=False, cmake_force_configure=False, ament_cmake_args=None, catkin_cmake_args=None, catkin_skip_building_tests=False, verb_parser=<colcon_defaults.argument_parser.defaults.DefaultArgumentsDecorator object at 0x7b672c9527d0>, verb_extension=<colcon_core.verb.build.BuildVerb object at 0x7b672c951720>, main=<bound method BuildVerb.main of <colcon_core.verb.build.BuildVerb object at 0x7b672c951720>>)
[0.250s] Level 1:colcon.colcon_core.package_discovery:discover_packages(colcon_meta) check parameters
[0.251s] Level 1:colcon.colcon_core.package_discovery:discover_packages(recursive) check parameters
[0.251s] Level 1:colcon.colcon_core.package_discovery:discover_packages(ignore) check parameters
[0.251s] Level 1:colcon.colcon_core.package_discovery:discover_packages(path) check parameters
[0.251s] Level 1:colcon.colcon_core.package_discovery:discover_packages(colcon_meta) discover
[0.251s] Level 1:colcon.colcon_core.package_discovery:discover_packages(recursive) discover
[0.251s] INFO:colcon.colcon_core.package_discovery:Crawling recursively for packages in '/home/manuel/drone_ws'
[0.251s] Level 1:colcon.colcon_core.package_identification:_identify(.) by extensions ['ignore', 'ignore_ament_install']
[0.252s] Level 1:colcon.colcon_core.package_identification:_identify(.) by extension 'ignore'
[0.252s] Level 1:colcon.colcon_core.package_identification:_identify(.) by extension 'ignore_ament_install'
[0.252s] Level 1:colcon.colcon_core.package_identification:_identify(.) by extensions ['colcon_pkg']
[0.252s] Level 1:colcon.colcon_core.package_identification:_identify(.) by extension 'colcon_pkg'
[0.252s] Level 1:colcon.colcon_core.package_identification:_identify(.) by extensions ['colcon_meta']
[0.252s] Level 1:colcon.colcon_core.package_identification:_identify(.) by extension 'colcon_meta'
[0.252s] Level 1:colcon.colcon_core.package_identification:_identify(.) by extensions ['ros']
[0.252s] Level 1:colcon.colcon_core.package_identification:_identify(.) by extension 'ros'
[0.276s] Level 1:colcon.colcon_core.package_identification:_identify(.) by extensions ['cmake', 'python']
[0.277s] Level 1:colcon.colcon_core.package_identification:_identify(.) by extension 'cmake'
[0.277s] Level 1:colcon.colcon_core.package_identification:_identify(.) by extension 'python'
[0.277s] Level 1:colcon.colcon_core.package_identification:_identify(.) by extensions ['python_setup_py']
[0.277s] Level 1:colcon.colcon_core.package_identification:_identify(.) by extension 'python_setup_py'
[0.278s] Level 1:colcon.colcon_core.package_identification:_identify(build) by extensions ['ignore', 'ignore_ament_install']
[0.278s] Level 1:colcon.colcon_core.package_identification:_identify(build) by extension 'ignore'
[0.278s] Level 1:colcon.colcon_core.package_identification:_identify(build) ignored
[0.278s] Level 1:colcon.colcon_core.package_identification:_identify(install) by extensions ['ignore', 'ignore_ament_install']
[0.278s] Level 1:colcon.colcon_core.package_identification:_identify(install) by extension 'ignore'
[0.278s] Level 1:colcon.colcon_core.package_identification:_identify(install) ignored
[0.278s] Level 1:colcon.colcon_core.package_identification:_identify(log) by extensions ['ignore', 'ignore_ament_install']
[0.278s] Level 1:colcon.colcon_core.package_identification:_identify(log) by extension 'ignore'
[0.279s] Level 1:colcon.colcon_core.package_identification:_identify(log) ignored
[0.279s] Level 1:colcon.colcon_core.package_identification:_identify(src) by extensions ['ignore', 'ignore_ament_install']
[0.279s] Level 1:colcon.colcon_core.package_identification:_identify(src) by extension 'ignore'
[0.279s] Level 1:colcon.colcon_core.package_identification:_identify(src) by extension 'ignore_ament_install'
[0.279s] Level 1:colcon.colcon_core.package_identification:_identify(src) by extensions ['colcon_pkg']
[0.279s] Level 1:colcon.colcon_core.package_identification:_identify(src) by extension 'colcon_pkg'
[0.279s] Level 1:colcon.colcon_core.package_identification:_identify(src) by extensions ['colcon_meta']
[0.279s] Level 1:colcon.colcon_core.package_identification:_identify(src) by extension 'colcon_meta'
[0.279s] Level 1:colcon.colcon_core.package_identification:_identify(src) by extensions ['ros']
[0.279s] Level 1:colcon.colcon_core.package_identification:_identify(src) by extension 'ros'
[0.279s] Level 1:colcon.colcon_core.package_identification:_identify(src) by extensions ['cmake', 'python']
[0.279s] Level 1:colcon.colcon_core.package_identification:_identify(src) by extension 'cmake'
[0.279s] Level 1:colcon.colcon_core.package_identification:_identify(src) by extension 'python'
[0.279s] Level 1:colcon.colcon_core.package_identification:_identify(src) by extensions ['python_setup_py']
[0.279s] Level 1:colcon.colcon_core.package_identification:_identify(src) by extension 'python_setup_py'
[0.280s] Level 1:colcon.colcon_core.package_identification:_identify(src/aruco_drone_control) by extensions ['ignore', 'ignore_ament_install']
[0.280s] Level 1:colcon.colcon_core.package_identification:_identify(src/aruco_drone_control) by extension 'ignore'
[0.280s] Level 1:colcon.colcon_core.package_identification:_identify(src/aruco_drone_control) by extension 'ignore_ament_install'
[0.280s] Level 1:colcon.colcon_core.package_identification:_identify(src/aruco_drone_control) by extensions ['colcon_pkg']
[0.280s] Level 1:colcon.colcon_core.package_identification:_identify(src/aruco_drone_control) by extension 'colcon_pkg'
[0.280s] Level 1:colcon.colcon_core.package_identification:_identify(src/aruco_drone_control) by extensions ['colcon_meta']
[0.280s] Level 1:colcon.colcon_core.package_identification:_identify(src/aruco_drone_control) by extension 'colcon_meta'
[0.280s] Level 1:colcon.colcon_core.package_identification:_identify(src/aruco_drone_control) by extensions ['ros']
[0.280s] Level 1:colcon.colcon_core.package_identification:_identify(src/aruco_drone_control) by extension 'ros'
[0.288s] DEBUG:colcon.colcon_core.package_identification:Package 'src/aruco_drone_control' with type 'ros.ament_python' and name 'aruco_drone_control'
[0.288s] Level 1:colcon.colcon_core.package_identification:_identify(src/mission_control) by extensions ['ignore', 'ignore_ament_install']
[0.288s] Level 1:colcon.colcon_core.package_identification:_identify(src/mission_control) by extension 'ignore'
[0.288s] Level 1:colcon.colcon_core.package_identification:_identify(src/mission_control) by extension 'ignore_ament_install'
[0.289s] Level 1:colcon.colcon_core.package_identification:_identify(src/mission_control) by extensions ['colcon_pkg']
[0.289s] Level 1:colcon.colcon_core.package_identification:_identify(src/mission_control) by extension 'colcon_pkg'
[0.289s] Level 1:colcon.colcon_core.package_identification:_identify(src/mission_control) by extensions ['colcon_meta']
[0.289s] Level 1:colcon.colcon_core.package_identification:_identify(src/mission_control) by extension 'colcon_meta'
[0.289s] Level 1:colcon.colcon_core.package_identification:_identify(src/mission_control) by extensions ['ros']
[0.289s] Level 1:colcon.colcon_core.package_identification:_identify(src/mission_control) by extension 'ros'
[0.290s] DEBUG:colcon.colcon_core.package_identification:Package 'src/mission_control' with type 'ros.ament_python' and name 'mission_control'
[0.291s] Level 1:colcon.colcon_core.package_identification:_identify(src/my_aruco_detector) by extensions ['ignore', 'ignore_ament_install']
[0.291s] Level 1:colcon.colcon_core.package_identification:_identify(src/my_aruco_detector) by extension 'ignore'
[0.291s] Level 1:colcon.colcon_core.package_identification:_identify(src/my_aruco_detector) by extension 'ignore_ament_install'
[0.291s] Level 1:colcon.colcon_core.package_identification:_identify(src/my_aruco_detector) by extensions ['colcon_pkg']
[0.291s] Level 1:colcon.colcon_core.package_identification:_identify(src/my_aruco_detector) by extension 'colcon_pkg'
[0.291s] Level 1:colcon.colcon_core.package_identification:_identify(src/my_aruco_detector) by extensions ['colcon_meta']
[0.291s] Level 1:colcon.colcon_core.package_identification:_identify(src/my_aruco_detector) by extension 'colcon_meta'
[0.291s] Level 1:colcon.colcon_core.package_identification:_identify(src/my_aruco_detector) by extensions ['ros']
[0.291s] Level 1:colcon.colcon_core.package_identification:_identify(src/my_aruco_detector) by extension 'ros'
[0.292s] DEBUG:colcon.colcon_core.package_identification:Package 'src/my_aruco_detector' with type 'ros.ament_python' and name 'my_aruco_detector'
[0.292s] Level 1:colcon.colcon_core.package_discovery:discover_packages(recursive) using defaults
[0.293s] Level 1:colcon.colcon_core.package_discovery:discover_packages(ignore) discover
[0.293s] Level 1:colcon.colcon_core.package_discovery:discover_packages(ignore) using defaults
[0.293s] Level 1:colcon.colcon_core.package_discovery:discover_packages(path) discover
[0.293s] Level 1:colcon.colcon_core.package_discovery:discover_packages(path) using defaults
[0.329s] Level 1:colcon.colcon_core.package_discovery:discover_packages(prefix_path) check parameters
[0.329s] Level 1:colcon.colcon_core.package_discovery:discover_packages(prefix_path) discover
[0.330s] WARNING:colcon.colcon_ros.prefix_path.ament:The path '/home/manuel/drone_ws/install/my_aruco_detector' in the environment variable AMENT_PREFIX_PATH doesn't exist
[0.330s] WARNING:colcon.colcon_ros.prefix_path.ament:The path '/home/manuel/drone_ws/install/mission_control' in the environment variable AMENT_PREFIX_PATH doesn't exist
[0.330s] WARNING:colcon.colcon_ros.prefix_path.ament:The path '/home/manuel/drone_ws/install/aruco_drone_control' in the environment variable AMENT_PREFIX_PATH doesn't exist
[0.332s] DEBUG:colcon.colcon_installed_package_information.package_discovery:Found 0 installed packages in /home/manuel/drone_ws/install
[0.333s] DEBUG:colcon.colcon_installed_package_information.package_discovery:Found 15 installed packages in /home/manuel/ros2_ws/install
[0.334s] DEBUG:colcon.colcon_installed_package_information.package_discovery:Found 298 installed packages in /opt/ros/humble
[0.336s] Level 1:colcon.colcon_core.package_discovery:discover_packages(prefix_path) using defaults
[0.389s] Level 5:colcon.colcon_core.verb:set package 'aruco_drone_control' build argument 'cmake_args' from command line to 'None'
[0.389s] Level 5:colcon.colcon_core.verb:set package 'aruco_drone_control' build argument 'cmake_target' from command line to 'None'
[0.389s] Level 5:colcon.colcon_core.verb:set package 'aruco_drone_control' build argument 'cmake_target_skip_unavailable' from command line to 'False'
[0.389s] Level 5:colcon.colcon_core.verb:set package 'aruco_drone_control' build argument 'cmake_clean_cache' from command line to 'False'
[0.389s] Level 5:colcon.colcon_core.verb:set package 'aruco_drone_control' build argument 'cmake_clean_first' from command line to 'False'
[0.389s] Level 5:colcon.colcon_core.verb:set package 'aruco_drone_control' build argument 'cmake_force_configure' from command line to 'False'
[0.389s] Level 5:colcon.colcon_core.verb:set package 'aruco_drone_control' build argument 'ament_cmake_args' from command line to 'None'
[0.389s] Level 5:colcon.colcon_core.verb:set package 'aruco_drone_control' build argument 'catkin_cmake_args' from command line to 'None'
[0.389s] Level 5:colcon.colcon_core.verb:set package 'aruco_drone_control' build argument 'catkin_skip_building_tests' from command line to 'False'
[0.390s] DEBUG:colcon.colcon_core.verb:Building package 'aruco_drone_control' with the following arguments: {'ament_cmake_args': None, 'build_base': '/home/manuel/drone_ws/build/aruco_drone_control', 'catkin_cmake_args': None, 'catkin_skip_building_tests': False, 'cmake_args': None, 'cmake_clean_cache': False, 'cmake_clean_first': False, 'cmake_force_configure': False, 'cmake_target': None, 'cmake_target_skip_unavailable': False, 'install_base': '/home/manuel/drone_ws/install/aruco_drone_control', 'merge_install': False, 'path': '/home/manuel/drone_ws/src/aruco_drone_control', 'symlink_install': False, 'test_result_base': None}
[0.390s] Level 5:colcon.colcon_core.verb:set package 'mission_control' build argument 'cmake_args' from command line to 'None'
[0.390s] Level 5:colcon.colcon_core.verb:set package 'mission_control' build argument 'cmake_target' from command line to 'None'
[0.390s] Level 5:colcon.colcon_core.verb:set package 'mission_control' build argument 'cmake_target_skip_unavailable' from command line to 'False'
[0.390s] Level 5:colcon.colcon_core.verb:set package 'mission_control' build argument 'cmake_clean_cache' from command line to 'False'
[0.390s] Level 5:colcon.colcon_core.verb:set package 'mission_control' build argument 'cmake_clean_first' from command line to 'False'
[0.390s] Level 5:colcon.colcon_core.verb:set package 'mission_control' build argument 'cmake_force_configure' from command line to 'False'
[0.390s] Level 5:colcon.colcon_core.verb:set package 'mission_control' build argument 'ament_cmake_args' from command line to 'None'
[0.390s] Level 5:colcon.colcon_core.verb:set package 'mission_control' build argument 'catkin_cmake_args' from command line to 'None'
[0.390s] Level 5:colcon.colcon_core.verb:set package 'mission_control' build argument 'catkin_skip_building_tests' from command line to 'False'
[0.390s] DEBUG:colcon.colcon_core.verb:Building package 'mission_control' with the following arguments: {'ament_cmake_args': None, 'build_base': '/home/manuel/drone_ws/build/mission_control', 'catkin_cmake_args': None, 'catkin_skip_building_tests': False, 'cmake_args': None, 'cmake_clean_cache': False, 'cmake_clean_first': False, 'cmake_force_configure': False, 'cmake_target': None, 'cmake_target_skip_unavailable': False, 'install_base': '/home/manuel/drone_ws/install/mission_control', 'merge_install': False, 'path': '/home/manuel/drone_ws/src/mission_control', 'symlink_install': False, 'test_result_base': None}
[0.390s] Level 5:colcon.colcon_core.verb:set package 'my_aruco_detector' build argument 'cmake_args' from command line to 'None'
[0.390s] Level 5:colcon.colcon_core.verb:set package 'my_aruco_detector' build argument 'cmake_target' from command line to 'None'
[0.390s] Level 5:colcon.colcon_core.verb:set package 'my_aruco_detector' build argument 'cmake_target_skip_unavailable' from command line to 'False'
[0.390s] Level 5:colcon.colcon_core.verb:set package 'my_aruco_detector' build argument 'cmake_clean_cache' from command line to 'False'
[0.390s] Level 5:colcon.colcon_core.verb:set package 'my_aruco_detector' build argument 'cmake_clean_first' from command line to 'False'
[0.390s] Level 5:colcon.colcon_core.verb:set package 'my_aruco_detector' build argument 'cmake_force_configure' from command line to 'False'
[0.390s] Level 5:colcon.colcon_core.verb:set package 'my_aruco_detector' build argument 'ament_cmake_args' from command line to 'None'
[0.390s] Level 5:colcon.colcon_core.verb:set package 'my_aruco_detector' build argument 'catkin_cmake_args' from command line to 'None'
[0.390s] Level 5:colcon.colcon_core.verb:set package 'my_aruco_detector' build argument 'catkin_skip_building_tests' from command line to 'False'
[0.390s] DEBUG:colcon.colcon_core.verb:Building package 'my_aruco_detector' with the following arguments: {'ament_cmake_args': None, 'build_base': '/home/manuel/drone_ws/build/my_aruco_detector', 'catkin_cmake_args': None, 'catkin_skip_building_tests': False, 'cmake_args': None, 'cmake_clean_cache': False, 'cmake_clean_first': False, 'cmake_force_configure': False, 'cmake_target': None, 'cmake_target_skip_unavailable': False, 'install_base': '/home/manuel/drone_ws/install/my_aruco_detector', 'merge_install': False, 'path': '/home/manuel/drone_ws/src/my_aruco_detector', 'symlink_install': False, 'test_result_base': None}
[0.390s] INFO:colcon.colcon_core.executor:Executing jobs using 'parallel' executor
[0.392s] DEBUG:colcon.colcon_parallel_executor.executor.parallel:run_until_complete
[0.392s] INFO:colcon.colcon_ros.task.ament_python.build:Building ROS package in '/home/manuel/drone_ws/src/aruco_drone_control' with build type 'ament_python'
[0.392s] Level 1:colcon.colcon_core.shell:create_environment_hook('aruco_drone_control', 'ament_prefix_path')
[0.394s] INFO:colcon.colcon_core.plugin_system:Skipping extension 'colcon_core.shell.bat': Not used on non-Windows systems
[0.395s] INFO:colcon.colcon_core.shell:Creating environment hook '/home/manuel/drone_ws/install/aruco_drone_control/share/aruco_drone_control/hook/ament_prefix_path.ps1'
[0.395s] INFO:colcon.colcon_core.shell:Creating environment descriptor '/home/manuel/drone_ws/install/aruco_drone_control/share/aruco_drone_control/hook/ament_prefix_path.dsv'
[0.396s] INFO:colcon.colcon_core.shell:Creating environment hook '/home/manuel/drone_ws/install/aruco_drone_control/share/aruco_drone_control/hook/ament_prefix_path.sh'
[0.396s] INFO:colcon.colcon_core.shell:Skip shell extension 'powershell' for command environment: Not usable outside of PowerShell
[0.396s] DEBUG:colcon.colcon_core.shell:Skip shell extension 'dsv' for command environment
[0.399s] INFO:colcon.colcon_ros.task.ament_python.build:Building ROS package in '/home/manuel/drone_ws/src/mission_control' with build type 'ament_python'
[0.400s] Level 1:colcon.colcon_core.shell:create_environment_hook('mission_control', 'ament_prefix_path')
[0.400s] INFO:colcon.colcon_core.shell:Creating environment hook '/home/manuel/drone_ws/install/mission_control/share/mission_control/hook/ament_prefix_path.ps1'
[0.400s] INFO:colcon.colcon_core.shell:Creating environment descriptor '/home/manuel/drone_ws/install/mission_control/share/mission_control/hook/ament_prefix_path.dsv'
[0.401s] INFO:colcon.colcon_core.shell:Creating environment hook '/home/manuel/drone_ws/install/mission_control/share/mission_control/hook/ament_prefix_path.sh'
[0.401s] INFO:colcon.colcon_core.shell:Skip shell extension 'powershell' for command environment: Not usable outside of PowerShell
[0.401s] DEBUG:colcon.colcon_core.shell:Skip shell extension 'dsv' for command environment
[0.405s] INFO:colcon.colcon_ros.task.ament_python.build:Building ROS package in '/home/manuel/drone_ws/src/my_aruco_detector' with build type 'ament_python'
[0.406s] Level 1:colcon.colcon_core.shell:create_environment_hook('my_aruco_detector', 'ament_prefix_path')
[0.407s] INFO:colcon.colcon_core.shell:Creating environment hook '/home/manuel/drone_ws/install/my_aruco_detector/share/my_aruco_detector/hook/ament_prefix_path.ps1'
[0.408s] INFO:colcon.colcon_core.shell:Creating environment descriptor '/home/manuel/drone_ws/install/my_aruco_detector/share/my_aruco_detector/hook/ament_prefix_path.dsv'
[0.409s] INFO:colcon.colcon_core.shell:Creating environment hook '/home/manuel/drone_ws/install/my_aruco_detector/share/my_aruco_detector/hook/ament_prefix_path.sh'
[0.412s] INFO:colcon.colcon_core.shell:Skip shell extension 'powershell' for command environment: Not usable outside of PowerShell
[0.412s] DEBUG:colcon.colcon_core.shell:Skip shell extension 'dsv' for command environment
[0.777s] INFO:colcon.colcon_core.task.python.build:Building Python package in '/home/manuel/drone_ws/src/aruco_drone_control'
[0.777s] INFO:colcon.colcon_core.shell:Skip shell extension 'powershell' for command environment: Not usable outside of PowerShell
[0.778s] DEBUG:colcon.colcon_core.shell:Skip shell extension 'dsv' for command environment
[1.172s] INFO:colcon.colcon_core.task.python.build:Building Python package in '/home/manuel/drone_ws/src/mission_control'
[1.173s] INFO:colcon.colcon_core.shell:Skip shell extension 'powershell' for command environment: Not usable outside of PowerShell
[1.174s] DEBUG:colcon.colcon_core.shell:Skip shell extension 'dsv' for command environment
[1.512s] INFO:colcon.colcon_core.task.python.build:Building Python package in '/home/manuel/drone_ws/src/my_aruco_detector'
[1.512s] INFO:colcon.colcon_core.shell:Skip shell extension 'powershell' for command environment: Not usable outside of PowerShell
[1.512s] DEBUG:colcon.colcon_core.shell:Skip shell extension 'dsv' for command environment
[2.476s] DEBUG:colcon.colcon_core.event_handler.log_command:Invoking command in '/home/manuel/drone_ws/src/aruco_drone_control': PYTHONPATH=/home/manuel/drone_ws/build/aruco_drone_control/prefix_override:/usr/lib/python3/dist-packages/colcon_core/task/python/colcon_distutils_commands:/home/manuel/drone_ws/install/aruco_drone_control/lib/python3.10/site-packages:${PYTHONPATH} /usr/bin/python3 -W ignore:setup.py install is deprecated -W ignore:easy_install command is deprecated setup.py egg_info --egg-base ../../build/aruco_drone_control build --build-base /home/manuel/drone_ws/build/aruco_drone_control/build install --record /home/manuel/drone_ws/build/aruco_drone_control/install.log --single-version-externally-managed install_data
[2.591s] DEBUG:colcon.colcon_core.event_handler.log_command:Invoking command in '/home/manuel/drone_ws/src/my_aruco_detector': PYTHONPATH=/home/manuel/drone_ws/build/my_aruco_detector/prefix_override:/usr/lib/python3/dist-packages/colcon_core/task/python/colcon_distutils_commands:/home/manuel/drone_ws/install/my_aruco_detector/lib/python3.10/site-packages:${PYTHONPATH} /usr/bin/python3 -W ignore:setup.py install is deprecated -W ignore:easy_install command is deprecated setup.py egg_info --egg-base ../../build/my_aruco_detector build --build-base /home/manuel/drone_ws/build/my_aruco_detector/build install --record /home/manuel/drone_ws/build/my_aruco_detector/install.log --single-version-externally-managed install_data
[2.642s] DEBUG:colcon.colcon_core.event_handler.log_command:Invoking command in '/home/manuel/drone_ws/src/mission_control': PYTHONPATH=/home/manuel/drone_ws/build/mission_control/prefix_override:/usr/lib/python3/dist-packages/colcon_core/task/python/colcon_distutils_commands:/home/manuel/drone_ws/install/mission_control/lib/python3.10/site-packages:${PYTHONPATH} /usr/bin/python3 -W ignore:setup.py install is deprecated -W ignore:easy_install command is deprecated setup.py egg_info --egg-base ../../build/mission_control build --build-base /home/manuel/drone_ws/build/mission_control/build install --record /home/manuel/drone_ws/build/mission_control/install.log --single-version-externally-managed install_data
[3.420s] DEBUG:colcon.colcon_core.event_handler.log_command:Invoked command in '/home/manuel/drone_ws/src/my_aruco_detector' returned '0': PYTHONPATH=/home/manuel/drone_ws/build/my_aruco_detector/prefix_override:/usr/lib/python3/dist-packages/colcon_core/task/python/colcon_distutils_commands:/home/manuel/drone_ws/install/my_aruco_detector/lib/python3.10/site-packages:${PYTHONPATH} /usr/bin/python3 -W ignore:setup.py install is deprecated -W ignore:easy_install command is deprecated setup.py egg_info --egg-base ../../build/my_aruco_detector build --build-base /home/manuel/drone_ws/build/my_aruco_detector/build install --record /home/manuel/drone_ws/build/my_aruco_detector/install.log --single-version-externally-managed install_data
[3.423s] Level 1:colcon.colcon_core.environment:checking '/home/manuel/drone_ws/install/my_aruco_detector' for CMake module files
[3.424s] Level 1:colcon.colcon_core.environment:checking '/home/manuel/drone_ws/install/my_aruco_detector' for CMake config files
[3.427s] Level 1:colcon.colcon_core.environment:checking '/home/manuel/drone_ws/install/my_aruco_detector/lib'
[3.427s] Level 1:colcon.colcon_core.environment:checking '/home/manuel/drone_ws/install/my_aruco_detector/bin'
[3.427s] Level 1:colcon.colcon_core.environment:checking '/home/manuel/drone_ws/install/my_aruco_detector/lib/pkgconfig/my_aruco_detector.pc'
[3.428s] Level 1:colcon.colcon_core.environment:checking '/home/manuel/drone_ws/install/my_aruco_detector/lib/python3.10/site-packages'
[3.428s] Level 1:colcon.colcon_core.shell:create_environment_hook('my_aruco_detector', 'pythonpath')
[3.428s] INFO:colcon.colcon_core.shell:Creating environment hook '/home/manuel/drone_ws/install/my_aruco_detector/share/my_aruco_detector/hook/pythonpath.ps1'
[3.429s] INFO:colcon.colcon_core.shell:Creating environment descriptor '/home/manuel/drone_ws/install/my_aruco_detector/share/my_aruco_detector/hook/pythonpath.dsv'
[3.430s] INFO:colcon.colcon_core.shell:Creating environment hook '/home/manuel/drone_ws/install/my_aruco_detector/share/my_aruco_detector/hook/pythonpath.sh'
[3.430s] Level 1:colcon.colcon_core.environment:checking '/home/manuel/drone_ws/install/my_aruco_detector/bin'
[3.430s] Level 1:colcon.colcon_core.environment:create_environment_scripts_only(my_aruco_detector)
[3.432s] INFO:colcon.colcon_core.shell:Creating package script '/home/manuel/drone_ws/install/my_aruco_detector/share/my_aruco_detector/package.ps1'
[3.435s] INFO:colcon.colcon_core.shell:Creating package descriptor '/home/manuel/drone_ws/install/my_aruco_detector/share/my_aruco_detector/package.dsv'
[3.435s] INFO:colcon.colcon_core.shell:Creating package script '/home/manuel/drone_ws/install/my_aruco_detector/share/my_aruco_detector/package.sh'
[3.436s] INFO:colcon.colcon_core.shell:Creating package script '/home/manuel/drone_ws/install/my_aruco_detector/share/my_aruco_detector/package.bash'
[3.437s] INFO:colcon.colcon_core.shell:Creating package script '/home/manuel/drone_ws/install/my_aruco_detector/share/my_aruco_detector/package.zsh'
[3.438s] Level 1:colcon.colcon_core.environment:create_file_with_runtime_dependencies(/home/manuel/drone_ws/install/my_aruco_detector/share/colcon-core/packages/my_aruco_detector)
[3.479s] Level 1:colcon.colcon_core.environment:checking '/home/manuel/drone_ws/install/aruco_drone_control' for CMake module files
[3.480s] DEBUG:colcon.colcon_core.event_handler.log_command:Invoked command in '/home/manuel/drone_ws/src/aruco_drone_control' returned '0': PYTHONPATH=/home/manuel/drone_ws/build/aruco_drone_control/prefix_override:/usr/lib/python3/dist-packages/colcon_core/task/python/colcon_distutils_commands:/home/manuel/drone_ws/install/aruco_drone_control/lib/python3.10/site-packages:${PYTHONPATH} /usr/bin/python3 -W ignore:setup.py install is deprecated -W ignore:easy_install command is deprecated setup.py egg_info --egg-base ../../build/aruco_drone_control build --build-base /home/manuel/drone_ws/build/aruco_drone_control/build install --record /home/manuel/drone_ws/build/aruco_drone_control/install.log --single-version-externally-managed install_data
[3.481s] Level 1:colcon.colcon_core.environment:checking '/home/manuel/drone_ws/install/aruco_drone_control' for CMake config files
[3.482s] Level 1:colcon.colcon_core.environment:checking '/home/manuel/drone_ws/install/aruco_drone_control/lib'
[3.482s] Level 1:colcon.colcon_core.environment:checking '/home/manuel/drone_ws/install/aruco_drone_control/bin'
[3.482s] Level 1:colcon.colcon_core.environment:checking '/home/manuel/drone_ws/install/aruco_drone_control/lib/pkgconfig/aruco_drone_control.pc'
[3.482s] Level 1:colcon.colcon_core.environment:checking '/home/manuel/drone_ws/install/aruco_drone_control/lib/python3.10/site-packages'
[3.482s] Level 1:colcon.colcon_core.shell:create_environment_hook('aruco_drone_control', 'pythonpath')
[3.483s] INFO:colcon.colcon_core.shell:Creating environment hook '/home/manuel/drone_ws/install/aruco_drone_control/share/aruco_drone_control/hook/pythonpath.ps1'
[3.484s] INFO:colcon.colcon_core.shell:Creating environment descriptor '/home/manuel/drone_ws/install/aruco_drone_control/share/aruco_drone_control/hook/pythonpath.dsv'
[3.484s] INFO:colcon.colcon_core.shell:Creating environment hook '/home/manuel/drone_ws/install/aruco_drone_control/share/aruco_drone_control/hook/pythonpath.sh'
[3.485s] Level 1:colcon.colcon_core.environment:checking '/home/manuel/drone_ws/install/aruco_drone_control/bin'
[3.485s] Level 1:colcon.colcon_core.environment:create_environment_scripts_only(aruco_drone_control)
[3.485s] INFO:colcon.colcon_core.shell:Creating package script '/home/manuel/drone_ws/install/aruco_drone_control/share/aruco_drone_control/package.ps1'
[3.486s] INFO:colcon.colcon_core.shell:Creating package descriptor '/home/manuel/drone_ws/install/aruco_drone_control/share/aruco_drone_control/package.dsv'
[3.486s] INFO:colcon.colcon_core.shell:Creating package script '/home/manuel/drone_ws/install/aruco_drone_control/share/aruco_drone_control/package.sh'
[3.487s] INFO:colcon.colcon_core.shell:Creating package script '/home/manuel/drone_ws/install/aruco_drone_control/share/aruco_drone_control/package.bash'
[3.487s] INFO:colcon.colcon_core.shell:Creating package script '/home/manuel/drone_ws/install/aruco_drone_control/share/aruco_drone_control/package.zsh'
[3.488s] Level 1:colcon.colcon_core.environment:create_file_with_runtime_dependencies(/home/manuel/drone_ws/install/aruco_drone_control/share/colcon-core/packages/aruco_drone_control)
[3.593s] Level 1:colcon.colcon_core.environment:checking '/home/manuel/drone_ws/install/mission_control' for CMake module files
[3.596s] DEBUG:colcon.colcon_core.event_handler.log_command:Invoked command in '/home/manuel/drone_ws/src/mission_control' returned '0': PYTHONPATH=/home/manuel/drone_ws/build/mission_control/prefix_override:/usr/lib/python3/dist-packages/colcon_core/task/python/colcon_distutils_commands:/home/manuel/drone_ws/install/mission_control/lib/python3.10/site-packages:${PYTHONPATH} /usr/bin/python3 -W ignore:setup.py install is deprecated -W ignore:easy_install command is deprecated setup.py egg_info --egg-base ../../build/mission_control build --build-base /home/manuel/drone_ws/build/mission_control/build install --record /home/manuel/drone_ws/build/mission_control/install.log --single-version-externally-managed install_data
[3.597s] Level 1:colcon.colcon_core.environment:checking '/home/manuel/drone_ws/install/mission_control' for CMake config files
[3.598s] Level 1:colcon.colcon_core.environment:checking '/home/manuel/drone_ws/install/mission_control/lib'
[3.599s] Level 1:colcon.colcon_core.environment:checking '/home/manuel/drone_ws/install/mission_control/bin'
[3.599s] Level 1:colcon.colcon_core.environment:checking '/home/manuel/drone_ws/install/mission_control/lib/pkgconfig/mission_control.pc'
[3.599s] Level 1:colcon.colcon_core.environment:checking '/home/manuel/drone_ws/install/mission_control/lib/python3.10/site-packages'
[3.599s] Level 1:colcon.colcon_core.shell:create_environment_hook('mission_control', 'pythonpath')
[3.600s] INFO:colcon.colcon_core.shell:Creating environment hook '/home/manuel/drone_ws/install/mission_control/share/mission_control/hook/pythonpath.ps1'
[3.602s] INFO:colcon.colcon_core.shell:Creating environment descriptor '/home/manuel/drone_ws/install/mission_control/share/mission_control/hook/pythonpath.dsv'
[3.603s] INFO:colcon.colcon_core.shell:Creating environment hook '/home/manuel/drone_ws/install/mission_control/share/mission_control/hook/pythonpath.sh'
[3.605s] Level 1:colcon.colcon_core.environment:checking '/home/manuel/drone_ws/install/mission_control/bin'
[3.605s] Level 1:colcon.colcon_core.environment:create_environment_scripts_only(mission_control)
[3.606s] INFO:colcon.colcon_core.shell:Creating package script '/home/manuel/drone_ws/install/mission_control/share/mission_control/package.ps1'
[3.608s] INFO:colcon.colcon_core.shell:Creating package descriptor '/home/manuel/drone_ws/install/mission_control/share/mission_control/package.dsv'
[3.610s] INFO:colcon.colcon_core.shell:Creating package script '/home/manuel/drone_ws/install/mission_control/share/mission_control/package.sh'
[3.612s] INFO:colcon.colcon_core.shell:Creating package script '/home/manuel/drone_ws/install/mission_control/share/mission_control/package.bash'
[3.613s] INFO:colcon.colcon_core.shell:Creating package script '/home/manuel/drone_ws/install/mission_control/share/mission_control/package.zsh'
[3.614s] Level 1:colcon.colcon_core.environment:create_file_with_runtime_dependencies(/home/manuel/drone_ws/install/mission_control/share/colcon-core/packages/mission_control)
[3.616s] DEBUG:colcon.colcon_parallel_executor.executor.parallel:closing loop
[3.616s] DEBUG:colcon.colcon_parallel_executor.executor.parallel:loop closed
[3.616s] DEBUG:colcon.colcon_parallel_executor.executor.parallel:run_until_complete finished with '0'
[3.616s] DEBUG:colcon.colcon_core.event_reactor:joining thread
[3.622s] INFO:colcon.colcon_core.plugin_system:Skipping extension 'colcon_notification.desktop_notification.terminal_notifier': Not used on non-Darwin systems
[3.622s] INFO:colcon.colcon_core.plugin_system:Skipping extension 'colcon_notification.desktop_notification.win32': Not used on non-Windows systems
[3.622s] INFO:colcon.colcon_notification.desktop_notification:Sending desktop notification using 'notify2'
[3.648s] DEBUG:colcon.colcon_core.event_reactor:joined thread
[3.649s] INFO:colcon.colcon_core.shell:Creating prefix script '/home/manuel/drone_ws/install/local_setup.ps1'
[3.651s] INFO:colcon.colcon_core.shell:Creating prefix util module '/home/manuel/drone_ws/install/_local_setup_util_ps1.py'
[3.652s] INFO:colcon.colcon_core.shell:Creating prefix chain script '/home/manuel/drone_ws/install/setup.ps1'
[3.653s] INFO:colcon.colcon_core.shell:Creating prefix script '/home/manuel/drone_ws/install/local_setup.sh'
[3.653s] INFO:colcon.colcon_core.shell:Creating prefix util module '/home/manuel/drone_ws/install/_local_setup_util_sh.py'
[3.654s] INFO:colcon.colcon_core.shell:Creating prefix chain script '/home/manuel/drone_ws/install/setup.sh'
[3.655s] INFO:colcon.colcon_core.shell:Creating prefix script '/home/manuel/drone_ws/install/local_setup.bash'
[3.655s] INFO:colcon.colcon_core.shell:Creating prefix chain script '/home/manuel/drone_ws/install/setup.bash'
[3.656s] INFO:colcon.colcon_core.shell:Creating prefix script '/home/manuel/drone_ws/install/local_setup.zsh'
[3.657s] INFO:colcon.colcon_core.shell:Creating prefix chain script '/home/manuel/drone_ws/install/setup.zsh'
