[0.597s] Invoking command in '/root/DroneOpsROS/src/vision_system': PYTHONPATH=/root/DroneOpsROS/build/vision_system/prefix_override:/root/DroneOpsROS/install/vision_system/lib/python3.8/site-packages:${PYTHONPATH} /usr/bin/python3 setup.py egg_info --egg-base ../../build/vision_system build --build-base /root/DroneOpsROS/build/vision_system/build install --record /root/DroneOpsROS/build/vision_system/install.log --install-scripts $base/lib/vision_system --single-version-externally-managed
[0.799s] running egg_info
[0.800s] creating ../../build/vision_system/vision_system.egg-info
[0.800s] writing ../../build/vision_system/vision_system.egg-info/PKG-INFO
[0.800s] writing dependency_links to ../../build/vision_system/vision_system.egg-info/dependency_links.txt
[0.800s] writing entry points to ../../build/vision_system/vision_system.egg-info/entry_points.txt
[0.800s] writing requirements to ../../build/vision_system/vision_system.egg-info/requires.txt
[0.800s] writing top-level names to ../../build/vision_system/vision_system.egg-info/top_level.txt
[0.802s] writing manifest file '../../build/vision_system/vision_system.egg-info/SOURCES.txt'
[0.840s] reading manifest file '../../build/vision_system/vision_system.egg-info/SOURCES.txt'
[0.841s] writing manifest file '../../build/vision_system/vision_system.egg-info/SOURCES.txt'
[0.841s] running build
[0.841s] running build_py
[0.841s] creating /root/DroneOpsROS/build/vision_system/build
[0.841s] creating /root/DroneOpsROS/build/vision_system/build/lib
[0.841s] creating /root/DroneOpsROS/build/vision_system/build/lib/vision_system
[0.841s] copying vision_system/__init__.py -> /root/DroneOpsROS/build/vision_system/build/lib/vision_system
[0.841s] copying vision_system/camera_node.py -> /root/DroneOpsROS/build/vision_system/build/lib/vision_system
[0.842s] copying vision_system/aruco_detector.py -> /root/DroneOpsROS/build/vision_system/build/lib/vision_system
[0.842s] running install
[0.843s] running install_lib
[0.844s] creating /root/DroneOpsROS/install/vision_system/lib/python3.8/site-packages/vision_system
[0.844s] copying /root/DroneOpsROS/build/vision_system/build/lib/vision_system/__init__.py -> /root/DroneOpsROS/install/vision_system/lib/python3.8/site-packages/vision_system
[0.844s] copying /root/DroneOpsROS/build/vision_system/build/lib/vision_system/camera_node.py -> /root/DroneOpsROS/install/vision_system/lib/python3.8/site-packages/vision_system
[0.844s] copying /root/DroneOpsROS/build/vision_system/build/lib/vision_system/aruco_detector.py -> /root/DroneOpsROS/install/vision_system/lib/python3.8/site-packages/vision_system
[0.844s] byte-compiling /root/DroneOpsROS/install/vision_system/lib/python3.8/site-packages/vision_system/__init__.py to __init__.cpython-38.pyc
[0.845s] byte-compiling /root/DroneOpsROS/install/vision_system/lib/python3.8/site-packages/vision_system/camera_node.py to camera_node.cpython-38.pyc
[0.846s] byte-compiling /root/DroneOpsROS/install/vision_system/lib/python3.8/site-packages/vision_system/aruco_detector.py to aruco_detector.cpython-38.pyc
[0.847s] running install_data
[0.847s] creating /root/DroneOpsROS/install/vision_system/share/ament_index
[0.847s] creating /root/DroneOpsROS/install/vision_system/share/ament_index/resource_index
[0.847s] creating /root/DroneOpsROS/install/vision_system/share/ament_index/resource_index/packages
[0.847s] copying resource/vision_system -> /root/DroneOpsROS/install/vision_system/share/ament_index/resource_index/packages
[0.848s] copying package.xml -> /root/DroneOpsROS/install/vision_system/share/vision_system
[0.848s] running install_egg_info
[0.849s] Copying ../../build/vision_system/vision_system.egg-info to /root/DroneOpsROS/install/vision_system/lib/python3.8/site-packages/vision_system-0.0.0-py3.8.egg-info
[0.849s] running install_scripts
[0.865s] Installing aruco_detector script to /root/DroneOpsROS/install/vision_system/lib/vision_system
[0.865s] Installing camera_node script to /root/DroneOpsROS/install/vision_system/lib/vision_system
[0.865s] writing list of installed files to '/root/DroneOpsROS/build/vision_system/install.log'
[0.893s] Invoked command in '/root/DroneOpsROS/src/vision_system' returned '0': PYTHONPATH=/root/DroneOpsROS/build/vision_system/prefix_override:/root/DroneOpsROS/install/vision_system/lib/python3.8/site-packages:${PYTHONPATH} /usr/bin/python3 setup.py egg_info --egg-base ../../build/vision_system build --build-base /root/DroneOpsROS/build/vision_system/build install --record /root/DroneOpsROS/build/vision_system/install.log --install-scripts $base/lib/vision_system --single-version-externally-managed
